
*** Running vivado
    with args -log BD_wrapper.vds -m64 -mode batch -messageDb vivado.pb -notrace -source BD_wrapper.tcl


****** Vivado v2015.4 (64-bit)
  **** SW Build 1412921 on Wed Nov 18 09:44:32 MST 2015
  **** IP Build 1412160 on Tue Nov 17 13:47:24 MST 2015
    ** Copyright 1986-2015 Xilinx, Inc. All Rights Reserved.

source BD_wrapper.tcl -notrace
INFO: [IP_Flow 19-234] Refreshing IP repositories
INFO: [IP_Flow 19-1700] Loaded user IP repository '/home/tage/DegreeProject/Zedboard/NoC2xD/ip_repo/kth_axi_rni_static_c1'.
INFO: [IP_Flow 19-1700] Loaded user IP repository '/home/tage/DegreeProject/Zedboard/NoC2xD/ip_repo/kth_2DNoC_2x2x1_c1'.
INFO: [IP_Flow 19-2313] Loaded Vivado IP repository '/opt/Xilinx/Vivado/2015.4/data/ip'.
Command: synth_design -top BD_wrapper -part xc7z020clg484-1
Starting synth_design
Attempting to get a license for feature 'Synthesis' and/or device 'xc7z020'
INFO: [Common 17-349] Got license for feature 'Synthesis' and/or device 'xc7z020'
---------------------------------------------------------------------------------
Starting RTL Elaboration : Time (s): cpu = 00:00:11 ; elapsed = 00:00:11 . Memory (MB): peak = 1183.004 ; gain = 334.418 ; free physical = 57419 ; free virtual = 131865
---------------------------------------------------------------------------------
WARNING: [Synth 8-1090] 'kth_axi_rni_static_c1_v1_0' is not compiled in library axi_lite_ipif_v1_01_a [/home/tage/DegreeProject/Zedboard/NoC2xD/NoC2x2_10KHz_AltenDemo_c1_D/NoC2x2_10KHz_AltenDemo_c1_D.srcs/sources_1/bd/BD/ip/BD_kth_axi_rni_static_c1_0_0/synth/BD_kth_axi_rni_static_c1_0_0.vhd:57]
WARNING: [Synth 8-1090] 'kth_axi_rni_static_c1_v1_0' is not compiled in library axi_lite_ipif_v1_01_a [/home/tage/DegreeProject/Zedboard/NoC2xD/NoC2x2_10KHz_AltenDemo_c1_D/NoC2x2_10KHz_AltenDemo_c1_D.srcs/sources_1/bd/BD/ip/BD_kth_axi_rni_static_c1_0_1/synth/BD_kth_axi_rni_static_c1_0_1.vhd:57]
WARNING: [Synth 8-1090] 'kth_axi_rni_static_c1_v1_0' is not compiled in library axi_lite_ipif_v1_01_a [/home/tage/DegreeProject/Zedboard/NoC2xD/NoC2x2_10KHz_AltenDemo_c1_D/NoC2x2_10KHz_AltenDemo_c1_D.srcs/sources_1/bd/BD/ip/BD_kth_axi_rni_static_c1_1_0/synth/BD_kth_axi_rni_static_c1_1_0.vhd:57]
WARNING: [Synth 8-1090] 'kth_axi_rni_static_c1_v1_0' is not compiled in library axi_lite_ipif_v1_01_a [/home/tage/DegreeProject/Zedboard/NoC2xD/NoC2x2_10KHz_AltenDemo_c1_D/NoC2x2_10KHz_AltenDemo_c1_D.srcs/sources_1/bd/BD/ip/BD_kth_axi_rni_static_c1_2_0/synth/BD_kth_axi_rni_static_c1_2_0.vhd:57]
ERROR: [Synth 8-2715] syntax error near 0 [/home/tage/DegreeProject/Zedboard/NoC2xD/NoC2x2_10KHz_AltenDemo_c1_D/NoC2x2_10KHz_AltenDemo_c1_D.srcs/sources_1/bd/BD/ip/BD_kth_2DNoC_2x2x1_c1_0_0/synth/BD_kth_2DNoC_2x2x1_c1_0_0.vhd:57]
INFO: [Synth 8-2810] unit bd_kth_2dnoc_2x2x1_c1_0_0 ignored due to previous errors [/home/tage/DegreeProject/Zedboard/NoC2xD/NoC2x2_10KHz_AltenDemo_c1_D/NoC2x2_10KHz_AltenDemo_c1_D.srcs/sources_1/bd/BD/ip/BD_kth_2DNoC_2x2x1_c1_0_0/synth/BD_kth_2DNoC_2x2x1_c1_0_0.vhd:59]
---------------------------------------------------------------------------------
Finished RTL Elaboration : Time (s): cpu = 00:00:15 ; elapsed = 00:00:16 . Memory (MB): peak = 1277.605 ; gain = 429.020 ; free physical = 57316 ; free virtual = 131762
---------------------------------------------------------------------------------
RTL Elaboration failed
INFO: [Common 17-83] Releasing license: Synthesis
7 Infos, 4 Warnings, 0 Critical Warnings and 2 Errors encountered.
synth_design failed
ERROR: [Common 17-69] Command failed: Synthesis failed - please see the console or run log file for details
INFO: [Common 17-206] Exiting Vivado at Mon Aug  1 16:21:52 2016...
