
*** Running vivado
    with args -log BD_microblaze_3_0.vds -m64 -product Vivado -mode batch -messageDb vivado.pb -notrace -source BD_microblaze_3_0.tcl


****** Vivado v2016.3 (64-bit)
  **** SW Build 1682563 on Mon Oct 10 19:07:26 MDT 2016
  **** IP Build 1681267 on Mon Oct 10 21:28:31 MDT 2016
    ** Copyright 1986-2016 Xilinx, Inc. All Rights Reserved.

source BD_microblaze_3_0.tcl -notrace
Starting RTL Elaboration : Time (s): cpu = 00:00:09 ; elapsed = 00:00:09 . Memory (MB): peak = 1104.613 ; gain = 192.301 ; free physical = 2223 ; free virtual = 125160
INFO: [Synth 8-638] synthesizing module 'BD_microblaze_3_0' [/home/tage/git/NoC/programmableCh/dfs/project/project.srcs/sources_1/bd/BD/ip/BD_microblaze_3_0/synth/BD_microblaze_3_0.vhd:135]
INFO: [Synth 8-256] done synthesizing module 'BD_microblaze_3_0' (59#1) [/home/tage/git/NoC/programmableCh/dfs/project/project.srcs/sources_1/bd/BD/ip/BD_microblaze_3_0/synth/BD_microblaze_3_0.vhd:135]
Finished RTL Elaboration : Time (s): cpu = 00:00:19 ; elapsed = 00:00:20 . Memory (MB): peak = 1321.082 ; gain = 408.770 ; free physical = 2243 ; free virtual = 125183
Finished RTL Optimization Phase 1 : Time (s): cpu = 00:00:20 ; elapsed = 00:00:21 . Memory (MB): peak = 1321.082 ; gain = 408.770 ; free physical = 2182 ; free virtual = 125123
INFO: [Device 21-403] Loading part xc7z020clg484-1
Constraint Validation Runtime : Time (s): cpu = 00:00:00.36 ; elapsed = 00:00:00.34 . Memory (MB): peak = 1591.957 ; gain = 1.000 ; free physical = 1088 ; free virtual = 124029
Finished Constraint Validation : Time (s): cpu = 00:00:35 ; elapsed = 00:00:36 . Memory (MB): peak = 1591.957 ; gain = 679.645 ; free physical = 1279 ; free virtual = 124220
Finished Loading Part and Timing Information : Time (s): cpu = 00:00:35 ; elapsed = 00:00:36 . Memory (MB): peak = 1591.957 ; gain = 679.645 ; free physical = 1279 ; free virtual = 124220
Finished applying 'set_property' XDC Constraints : Time (s): cpu = 00:00:35 ; elapsed = 00:00:36 . Memory (MB): peak = 1591.957 ; gain = 679.645 ; free physical = 1277 ; free virtual = 124218
Finished RTL Optimization Phase 2 : Time (s): cpu = 00:00:42 ; elapsed = 00:00:44 . Memory (MB): peak = 1591.957 ; gain = 679.645 ; free physical = 790 ; free virtual = 123733
Finished Cross Boundary and Area Optimization : Time (s): cpu = 00:01:11 ; elapsed = 00:01:15 . Memory (MB): peak = 1591.957 ; gain = 679.645 ; free physical = 1358 ; free virtual = 124309
Finished Applying XDC Timing Constraints : Time (s): cpu = 00:01:25 ; elapsed = 00:01:30 . Memory (MB): peak = 1611.949 ; gain = 699.637 ; free physical = 1183 ; free virtual = 124140
Finished Timing Optimization : Time (s): cpu = 00:01:35 ; elapsed = 00:01:41 . Memory (MB): peak = 1700.926 ; gain = 788.613 ; free physical = 1413 ; free virtual = 124381
Finished Technology Mapping : Time (s): cpu = 00:01:40 ; elapsed = 00:01:47 . Memory (MB): peak = 1716.941 ; gain = 804.629 ; free physical = 1326 ; free virtual = 124291
Finished IO Insertion : Time (s): cpu = 00:01:42 ; elapsed = 00:01:49 . Memory (MB): peak = 1716.941 ; gain = 804.629 ; free physical = 1217 ; free virtual = 124180
Finished Renaming Generated Instances : Time (s): cpu = 00:01:42 ; elapsed = 00:01:49 . Memory (MB): peak = 1716.941 ; gain = 804.629 ; free physical = 1212 ; free virtual = 124176
Finished Rebuilding User Hierarchy : Time (s): cpu = 00:01:43 ; elapsed = 00:01:50 . Memory (MB): peak = 1716.941 ; gain = 804.629 ; free physical = 1158 ; free virtual = 124123
Finished Renaming Generated Ports : Time (s): cpu = 00:01:43 ; elapsed = 00:01:50 . Memory (MB): peak = 1716.941 ; gain = 804.629 ; free physical = 1156 ; free virtual = 124120
Finished Handling Custom Attributes : Time (s): cpu = 00:01:43 ; elapsed = 00:01:51 . Memory (MB): peak = 1716.941 ; gain = 804.629 ; free physical = 1748 ; free virtual = 124712
Finished Renaming Generated Nets : Time (s): cpu = 00:01:44 ; elapsed = 00:01:51 . Memory (MB): peak = 1716.941 ; gain = 804.629 ; free physical = 1742 ; free virtual = 124706

Report Cell Usage: 
+------+----------+------+
|      |Cell      |Count |
+------+----------+------+
|1     |AND2B1L   |     2|
|2     |CARRY4    |   105|
|3     |DSP48E1   |     1|
|4     |DSP48E1_1 |     1|
|5     |DSP48E1_2 |     1|
|6     |LUT1      |   341|
|7     |LUT2      |   190|
|8     |LUT3      |   265|
|9     |LUT4      |   553|
|10    |LUT5      |   587|
|11    |LUT6      |  1272|
|12    |LUT6_2    |    80|
|13    |MULT_AND  |     1|
|14    |MUXCY_L   |   137|
|15    |MUXF7     |   286|
|16    |MUXF8     |     2|
|17    |RAM32M    |    16|
|18    |RAMB36E1  |     2|
|19    |SRL16E    |    91|
|20    |SRLC16E   |     8|
|21    |XORCY     |    94|
|22    |FDCE      |   277|
|23    |FDE       |    32|
|24    |FDR       |    89|
|25    |FDRE      |  2619|
|26    |FDS       |     1|
|27    |FDSE      |    78|
+------+----------+------+
Finished Writing Synthesis Report : Time (s): cpu = 00:01:44 ; elapsed = 00:01:51 . Memory (MB): peak = 1716.941 ; gain = 804.629 ; free physical = 1742 ; free virtual = 124705
synth_design: Time (s): cpu = 00:01:48 ; elapsed = 00:01:55 . Memory (MB): peak = 2077.129 ; gain = 1059.098 ; free physical = 884 ; free virtual = 123848
