
*** Running vivado
    with args -log BD_axi_gpio_3_0.vds -m64 -product Vivado -mode batch -messageDb vivado.pb -notrace -source BD_axi_gpio_3_0.tcl


****** Vivado v2016.3 (64-bit)
  **** SW Build 1682563 on Mon Oct 10 19:07:26 MDT 2016
  **** IP Build 1681267 on Mon Oct 10 21:28:31 MDT 2016
    ** Copyright 1986-2016 Xilinx, Inc. All Rights Reserved.

source BD_axi_gpio_3_0.tcl -notrace
Starting RTL Elaboration : Time (s): cpu = 00:00:09 ; elapsed = 00:00:09 . Memory (MB): peak = 1106.621 ; gain = 194.301 ; free physical = 2249 ; free virtual = 125185
INFO: [Synth 8-638] synthesizing module 'BD_axi_gpio_3_0' [/home/tage/git/NoC/programmableCh/dfs/project/project.srcs/sources_1/bd/BD/ip/BD_axi_gpio_3_0/synth/BD_axi_gpio_3_0.vhd:84]
INFO: [Synth 8-638] synthesizing module 'axi_gpio' [/home/tage/git/NoC/programmableCh/dfs/project/project.srcs/sources_1/bd/BD/ipshared/475c/hdl/axi_gpio_v2_0_vh_rfs.vhd:1091]
INFO: [Synth 8-638] synthesizing module 'axi_lite_ipif' [/home/tage/git/NoC/programmableCh/dfs/project/project.srcs/sources_1/bd/BD/ipshared/0ba0/hdl/axi_lite_ipif_v3_0_vh_rfs.vhd:2948]
INFO: [Synth 8-638] synthesizing module 'slave_attachment' [/home/tage/git/NoC/programmableCh/dfs/project/project.srcs/sources_1/bd/BD/ipshared/0ba0/hdl/axi_lite_ipif_v3_0_vh_rfs.vhd:2341]
INFO: [Synth 8-638] synthesizing module 'address_decoder' [/home/tage/git/NoC/programmableCh/dfs/project/project.srcs/sources_1/bd/BD/ipshared/0ba0/hdl/axi_lite_ipif_v3_0_vh_rfs.vhd:1775]
INFO: [Synth 8-638] synthesizing module 'pselect_f' [/home/tage/git/NoC/programmableCh/dfs/project/project.srcs/sources_1/bd/BD/ipshared/0ba0/hdl/axi_lite_ipif_v3_0_vh_rfs.vhd:1534]
INFO: [Synth 8-256] done synthesizing module 'pselect_f' (1#1) [/home/tage/git/NoC/programmableCh/dfs/project/project.srcs/sources_1/bd/BD/ipshared/0ba0/hdl/axi_lite_ipif_v3_0_vh_rfs.vhd:1534]
INFO: [Synth 8-638] synthesizing module 'pselect_f__parameterized0' [/home/tage/git/NoC/programmableCh/dfs/project/project.srcs/sources_1/bd/BD/ipshared/0ba0/hdl/axi_lite_ipif_v3_0_vh_rfs.vhd:1534]
INFO: [Synth 8-256] done synthesizing module 'pselect_f__parameterized0' (1#1) [/home/tage/git/NoC/programmableCh/dfs/project/project.srcs/sources_1/bd/BD/ipshared/0ba0/hdl/axi_lite_ipif_v3_0_vh_rfs.vhd:1534]
INFO: [Synth 8-638] synthesizing module 'pselect_f__parameterized1' [/home/tage/git/NoC/programmableCh/dfs/project/project.srcs/sources_1/bd/BD/ipshared/0ba0/hdl/axi_lite_ipif_v3_0_vh_rfs.vhd:1534]
INFO: [Synth 8-256] done synthesizing module 'pselect_f__parameterized1' (1#1) [/home/tage/git/NoC/programmableCh/dfs/project/project.srcs/sources_1/bd/BD/ipshared/0ba0/hdl/axi_lite_ipif_v3_0_vh_rfs.vhd:1534]
INFO: [Synth 8-638] synthesizing module 'pselect_f__parameterized2' [/home/tage/git/NoC/programmableCh/dfs/project/project.srcs/sources_1/bd/BD/ipshared/0ba0/hdl/axi_lite_ipif_v3_0_vh_rfs.vhd:1534]
INFO: [Synth 8-256] done synthesizing module 'pselect_f__parameterized2' (1#1) [/home/tage/git/NoC/programmableCh/dfs/project/project.srcs/sources_1/bd/BD/ipshared/0ba0/hdl/axi_lite_ipif_v3_0_vh_rfs.vhd:1534]
INFO: [Synth 8-256] done synthesizing module 'address_decoder' (2#1) [/home/tage/git/NoC/programmableCh/dfs/project/project.srcs/sources_1/bd/BD/ipshared/0ba0/hdl/axi_lite_ipif_v3_0_vh_rfs.vhd:1775]
INFO: [Synth 8-256] done synthesizing module 'slave_attachment' (3#1) [/home/tage/git/NoC/programmableCh/dfs/project/project.srcs/sources_1/bd/BD/ipshared/0ba0/hdl/axi_lite_ipif_v3_0_vh_rfs.vhd:2341]
INFO: [Synth 8-256] done synthesizing module 'axi_lite_ipif' (4#1) [/home/tage/git/NoC/programmableCh/dfs/project/project.srcs/sources_1/bd/BD/ipshared/0ba0/hdl/axi_lite_ipif_v3_0_vh_rfs.vhd:2948]
INFO: [Synth 8-638] synthesizing module 'GPIO_Core' [/home/tage/git/NoC/programmableCh/dfs/project/project.srcs/sources_1/bd/BD/ipshared/475c/hdl/axi_gpio_v2_0_vh_rfs.vhd:173]
INFO: [Synth 8-638] synthesizing module 'cdc_sync' [/home/tage/git/NoC/programmableCh/dfs/project/project.srcs/sources_1/bd/BD/ipshared/52cb/hdl/lib_cdc_v1_0_rfs.vhd:106]
INFO: [Synth 8-256] done synthesizing module 'cdc_sync' (5#1) [/home/tage/git/NoC/programmableCh/dfs/project/project.srcs/sources_1/bd/BD/ipshared/52cb/hdl/lib_cdc_v1_0_rfs.vhd:106]
INFO: [Synth 8-256] done synthesizing module 'GPIO_Core' (6#1) [/home/tage/git/NoC/programmableCh/dfs/project/project.srcs/sources_1/bd/BD/ipshared/475c/hdl/axi_gpio_v2_0_vh_rfs.vhd:173]
INFO: [Synth 8-256] done synthesizing module 'axi_gpio' (7#1) [/home/tage/git/NoC/programmableCh/dfs/project/project.srcs/sources_1/bd/BD/ipshared/475c/hdl/axi_gpio_v2_0_vh_rfs.vhd:1091]
INFO: [Synth 8-256] done synthesizing module 'BD_axi_gpio_3_0' (8#1) [/home/tage/git/NoC/programmableCh/dfs/project/project.srcs/sources_1/bd/BD/ip/BD_axi_gpio_3_0/synth/BD_axi_gpio_3_0.vhd:84]
Finished RTL Elaboration : Time (s): cpu = 00:00:10 ; elapsed = 00:00:10 . Memory (MB): peak = 1149.090 ; gain = 236.770 ; free physical = 2092 ; free virtual = 125029
Finished RTL Optimization Phase 1 : Time (s): cpu = 00:00:10 ; elapsed = 00:00:10 . Memory (MB): peak = 1149.090 ; gain = 236.770 ; free physical = 2078 ; free virtual = 125015
INFO: [Device 21-403] Loading part xc7z020clg484-1
Constraint Validation Runtime : Time (s): cpu = 00:00:00.01 ; elapsed = 00:00:00.02 . Memory (MB): peak = 1530.684 ; gain = 0.000 ; free physical = 1634 ; free virtual = 124573
Finished Constraint Validation : Time (s): cpu = 00:00:22 ; elapsed = 00:00:23 . Memory (MB): peak = 1530.684 ; gain = 618.363 ; free physical = 2117 ; free virtual = 125057
Finished Loading Part and Timing Information : Time (s): cpu = 00:00:22 ; elapsed = 00:00:23 . Memory (MB): peak = 1530.684 ; gain = 618.363 ; free physical = 2117 ; free virtual = 125057
Finished applying 'set_property' XDC Constraints : Time (s): cpu = 00:00:22 ; elapsed = 00:00:23 . Memory (MB): peak = 1530.684 ; gain = 618.363 ; free physical = 2117 ; free virtual = 125057
Finished RTL Optimization Phase 2 : Time (s): cpu = 00:00:22 ; elapsed = 00:00:23 . Memory (MB): peak = 1530.684 ; gain = 618.363 ; free physical = 2084 ; free virtual = 125025
Finished Cross Boundary and Area Optimization : Time (s): cpu = 00:00:22 ; elapsed = 00:00:23 . Memory (MB): peak = 1530.684 ; gain = 618.363 ; free physical = 1983 ; free virtual = 124923
Finished Applying XDC Timing Constraints : Time (s): cpu = 00:00:31 ; elapsed = 00:00:33 . Memory (MB): peak = 1530.684 ; gain = 618.363 ; free physical = 925 ; free virtual = 123866
Finished Timing Optimization : Time (s): cpu = 00:00:31 ; elapsed = 00:00:33 . Memory (MB): peak = 1530.684 ; gain = 618.363 ; free physical = 915 ; free virtual = 123856
Finished Technology Mapping : Time (s): cpu = 00:00:31 ; elapsed = 00:00:33 . Memory (MB): peak = 1530.684 ; gain = 618.363 ; free physical = 894 ; free virtual = 123835
Finished IO Insertion : Time (s): cpu = 00:00:32 ; elapsed = 00:00:33 . Memory (MB): peak = 1530.684 ; gain = 618.363 ; free physical = 886 ; free virtual = 123827
Finished Renaming Generated Instances : Time (s): cpu = 00:00:32 ; elapsed = 00:00:33 . Memory (MB): peak = 1530.684 ; gain = 618.363 ; free physical = 886 ; free virtual = 123827
Finished Rebuilding User Hierarchy : Time (s): cpu = 00:00:32 ; elapsed = 00:00:33 . Memory (MB): peak = 1530.684 ; gain = 618.363 ; free physical = 886 ; free virtual = 123827
Finished Renaming Generated Ports : Time (s): cpu = 00:00:32 ; elapsed = 00:00:33 . Memory (MB): peak = 1530.684 ; gain = 618.363 ; free physical = 886 ; free virtual = 123827
Finished Handling Custom Attributes : Time (s): cpu = 00:00:32 ; elapsed = 00:00:33 . Memory (MB): peak = 1530.684 ; gain = 618.363 ; free physical = 886 ; free virtual = 123827
Finished Renaming Generated Nets : Time (s): cpu = 00:00:32 ; elapsed = 00:00:33 . Memory (MB): peak = 1530.684 ; gain = 618.363 ; free physical = 886 ; free virtual = 123827

Report Cell Usage: 
+------+-----+------+
|      |Cell |Count |
+------+-----+------+
|1     |LUT1 |     2|
|2     |LUT2 |     5|
|3     |LUT3 |     4|
|4     |LUT4 |     5|
|5     |LUT5 |    11|
|6     |LUT6 |     8|
|7     |FDR  |     4|
|8     |FDRE |    26|
|9     |FDSE |     1|
+------+-----+------+
Finished Writing Synthesis Report : Time (s): cpu = 00:00:32 ; elapsed = 00:00:33 . Memory (MB): peak = 1530.684 ; gain = 618.363 ; free physical = 886 ; free virtual = 123827
synth_design: Time (s): cpu = 00:00:29 ; elapsed = 00:00:30 . Memory (MB): peak = 1530.684 ; gain = 510.645 ; free physical = 829 ; free virtual = 123770
