
*** Running vivado
    with args -log BD_util_vector_logic_0_0.vds -m64 -product Vivado -mode batch -messageDb vivado.pb -notrace -source BD_util_vector_logic_0_0.tcl


****** Vivado v2016.3 (64-bit)
  **** SW Build 1682563 on Mon Oct 10 19:07:26 MDT 2016
  **** IP Build 1681267 on Mon Oct 10 21:28:31 MDT 2016
    ** Copyright 1986-2016 Xilinx, Inc. All Rights Reserved.

source BD_util_vector_logic_0_0.tcl -notrace
Starting RTL Elaboration : Time (s): cpu = 00:00:09 ; elapsed = 00:00:09 . Memory (MB): peak = 1098.617 ; gain = 186.301 ; free physical = 466 ; free virtual = 125375
INFO: [Synth 8-638] synthesizing module 'BD_util_vector_logic_0_0' [/home/tage/git/NoC/programmableCh/dfs/project/project.srcs/sources_1/bd/BD/ip/BD_util_vector_logic_0_0/synth/BD_util_vector_logic_0_0.vhd:66]
INFO: [Synth 8-638] synthesizing module 'util_vector_logic' [/home/tage/git/NoC/programmableCh/dfs/project/project.srcs/sources_1/bd/BD/ipshared/1d19/hdl/util_vector_logic.vhd:88]
INFO: [Synth 8-256] done synthesizing module 'util_vector_logic' (1#1) [/home/tage/git/NoC/programmableCh/dfs/project/project.srcs/sources_1/bd/BD/ipshared/1d19/hdl/util_vector_logic.vhd:88]
INFO: [Synth 8-256] done synthesizing module 'BD_util_vector_logic_0_0' (2#1) [/home/tage/git/NoC/programmableCh/dfs/project/project.srcs/sources_1/bd/BD/ip/BD_util_vector_logic_0_0/synth/BD_util_vector_logic_0_0.vhd:66]
Finished RTL Elaboration : Time (s): cpu = 00:00:09 ; elapsed = 00:00:10 . Memory (MB): peak = 1139.086 ; gain = 226.770 ; free physical = 433 ; free virtual = 125314
Finished RTL Optimization Phase 1 : Time (s): cpu = 00:00:10 ; elapsed = 00:00:10 . Memory (MB): peak = 1139.086 ; gain = 226.770 ; free physical = 429 ; free virtual = 125310
INFO: [Device 21-403] Loading part xc7z020clg484-1
Constraint Validation Runtime : Time (s): cpu = 00:00:00.01 ; elapsed = 00:00:00.01 . Memory (MB): peak = 1429.672 ; gain = 1.000 ; free physical = 363 ; free virtual = 124336
Finished Constraint Validation : Time (s): cpu = 00:00:19 ; elapsed = 00:00:20 . Memory (MB): peak = 1429.672 ; gain = 517.355 ; free physical = 399 ; free virtual = 124172
Finished Loading Part and Timing Information : Time (s): cpu = 00:00:19 ; elapsed = 00:00:20 . Memory (MB): peak = 1429.672 ; gain = 517.355 ; free physical = 399 ; free virtual = 124171
Finished applying 'set_property' XDC Constraints : Time (s): cpu = 00:00:19 ; elapsed = 00:00:20 . Memory (MB): peak = 1429.672 ; gain = 517.355 ; free physical = 398 ; free virtual = 124171
Finished RTL Optimization Phase 2 : Time (s): cpu = 00:00:19 ; elapsed = 00:00:20 . Memory (MB): peak = 1429.672 ; gain = 517.355 ; free physical = 383 ; free virtual = 124156
Finished Cross Boundary and Area Optimization : Time (s): cpu = 00:00:20 ; elapsed = 00:00:21 . Memory (MB): peak = 1429.672 ; gain = 517.355 ; free physical = 401 ; free virtual = 124135
Finished Applying XDC Timing Constraints : Time (s): cpu = 00:00:28 ; elapsed = 00:00:29 . Memory (MB): peak = 1454.672 ; gain = 542.355 ; free physical = 351 ; free virtual = 123792
Finished Timing Optimization : Time (s): cpu = 00:00:28 ; elapsed = 00:00:29 . Memory (MB): peak = 1454.672 ; gain = 542.355 ; free physical = 351 ; free virtual = 123792
Finished Technology Mapping : Time (s): cpu = 00:00:28 ; elapsed = 00:00:29 . Memory (MB): peak = 1463.688 ; gain = 551.371 ; free physical = 363 ; free virtual = 123785
Finished IO Insertion : Time (s): cpu = 00:00:29 ; elapsed = 00:00:30 . Memory (MB): peak = 1463.688 ; gain = 551.371 ; free physical = 363 ; free virtual = 123785
Finished Renaming Generated Instances : Time (s): cpu = 00:00:29 ; elapsed = 00:00:30 . Memory (MB): peak = 1463.688 ; gain = 551.371 ; free physical = 363 ; free virtual = 123785
Finished Rebuilding User Hierarchy : Time (s): cpu = 00:00:29 ; elapsed = 00:00:30 . Memory (MB): peak = 1463.688 ; gain = 551.371 ; free physical = 363 ; free virtual = 123785
Finished Renaming Generated Ports : Time (s): cpu = 00:00:29 ; elapsed = 00:00:30 . Memory (MB): peak = 1463.688 ; gain = 551.371 ; free physical = 363 ; free virtual = 123785
Finished Handling Custom Attributes : Time (s): cpu = 00:00:29 ; elapsed = 00:00:30 . Memory (MB): peak = 1463.688 ; gain = 551.371 ; free physical = 363 ; free virtual = 123785
Finished Renaming Generated Nets : Time (s): cpu = 00:00:29 ; elapsed = 00:00:30 . Memory (MB): peak = 1463.688 ; gain = 551.371 ; free physical = 363 ; free virtual = 123785

Report Cell Usage: 
+------+-----+------+
|      |Cell |Count |
+------+-----+------+
|1     |LUT1 |     1|
+------+-----+------+
Finished Writing Synthesis Report : Time (s): cpu = 00:00:29 ; elapsed = 00:00:30 . Memory (MB): peak = 1463.688 ; gain = 551.371 ; free physical = 363 ; free virtual = 123785
synth_design: Time (s): cpu = 00:00:26 ; elapsed = 00:00:27 . Memory (MB): peak = 1468.688 ; gain = 450.652 ; free physical = 359 ; free virtual = 123780
