
*** Running vivado
    with args -log BD_auto_pc_3.vds -m64 -product Vivado -mode batch -messageDb vivado.pb -notrace -source BD_auto_pc_3.tcl


****** Vivado v2016.3 (64-bit)
  **** SW Build 1682563 on Mon Oct 10 19:07:26 MDT 2016
  **** IP Build 1681267 on Mon Oct 10 21:28:31 MDT 2016
    ** Copyright 1986-2016 Xilinx, Inc. All Rights Reserved.

source BD_auto_pc_3.tcl -notrace
Starting RTL Elaboration : Time (s): cpu = 00:00:11 ; elapsed = 00:00:12 . Memory (MB): peak = 1107.613 ; gain = 195.301 ; free physical = 1157 ; free virtual = 124121
INFO: [Synth 8-638] synthesizing module 'BD_auto_pc_3' [/home/tage/git/NoC/programmableCh/dfs/project/project.srcs/sources_1/bd/BD/ip/BD_auto_pc_3/synth/BD_auto_pc_3.v:58]
INFO: [Synth 8-638] synthesizing module 'axi_protocol_converter_v2_1_10_axi_protocol_converter' [/home/tage/git/NoC/programmableCh/dfs/project/project.srcs/sources_1/bd/BD/ipshared/4a8b/hdl/axi_protocol_converter_v2_1_vl_rfs.v:4806]
INFO: [Synth 8-256] done synthesizing module 'axi_protocol_converter_v2_1_10_axi_protocol_converter' (1#1) [/home/tage/git/NoC/programmableCh/dfs/project/project.srcs/sources_1/bd/BD/ipshared/4a8b/hdl/axi_protocol_converter_v2_1_vl_rfs.v:4806]
INFO: [Synth 8-256] done synthesizing module 'BD_auto_pc_3' (2#1) [/home/tage/git/NoC/programmableCh/dfs/project/project.srcs/sources_1/bd/BD/ip/BD_auto_pc_3/synth/BD_auto_pc_3.v:58]
Finished RTL Elaboration : Time (s): cpu = 00:00:40 ; elapsed = 00:00:42 . Memory (MB): peak = 1229.082 ; gain = 316.770 ; free physical = 1143 ; free virtual = 124127
Finished RTL Optimization Phase 1 : Time (s): cpu = 00:00:40 ; elapsed = 00:00:42 . Memory (MB): peak = 1229.082 ; gain = 316.770 ; free physical = 1139 ; free virtual = 124123
INFO: [Device 21-403] Loading part xc7z020clg484-1
Constraint Validation Runtime : Time (s): cpu = 00:00:00.02 ; elapsed = 00:00:00.02 . Memory (MB): peak = 1440.957 ; gain = 0.000 ; free physical = 1092 ; free virtual = 124075
Finished Constraint Validation : Time (s): cpu = 00:00:50 ; elapsed = 00:00:53 . Memory (MB): peak = 1440.957 ; gain = 528.645 ; free physical = 762 ; free virtual = 123745
Finished Loading Part and Timing Information : Time (s): cpu = 00:00:50 ; elapsed = 00:00:53 . Memory (MB): peak = 1440.957 ; gain = 528.645 ; free physical = 762 ; free virtual = 123745
Finished applying 'set_property' XDC Constraints : Time (s): cpu = 00:00:50 ; elapsed = 00:00:53 . Memory (MB): peak = 1440.957 ; gain = 528.645 ; free physical = 761 ; free virtual = 123745
Finished RTL Optimization Phase 2 : Time (s): cpu = 00:00:50 ; elapsed = 00:00:53 . Memory (MB): peak = 1440.957 ; gain = 528.645 ; free physical = 761 ; free virtual = 123744
Finished Cross Boundary and Area Optimization : Time (s): cpu = 00:00:50 ; elapsed = 00:00:53 . Memory (MB): peak = 1440.957 ; gain = 528.645 ; free physical = 705 ; free virtual = 123688
Finished Applying XDC Timing Constraints : Time (s): cpu = 00:00:59 ; elapsed = 00:01:02 . Memory (MB): peak = 1442.941 ; gain = 530.629 ; free physical = 422 ; free virtual = 123376
Finished Timing Optimization : Time (s): cpu = 00:00:59 ; elapsed = 00:01:02 . Memory (MB): peak = 1442.941 ; gain = 530.629 ; free physical = 422 ; free virtual = 123376
Finished Technology Mapping : Time (s): cpu = 00:00:59 ; elapsed = 00:01:03 . Memory (MB): peak = 1452.957 ; gain = 540.645 ; free physical = 412 ; free virtual = 123360
Finished IO Insertion : Time (s): cpu = 00:01:00 ; elapsed = 00:01:03 . Memory (MB): peak = 1452.957 ; gain = 540.645 ; free physical = 412 ; free virtual = 123355
Finished Renaming Generated Instances : Time (s): cpu = 00:01:00 ; elapsed = 00:01:03 . Memory (MB): peak = 1452.957 ; gain = 540.645 ; free physical = 412 ; free virtual = 123355
Finished Rebuilding User Hierarchy : Time (s): cpu = 00:01:00 ; elapsed = 00:01:03 . Memory (MB): peak = 1452.957 ; gain = 540.645 ; free physical = 412 ; free virtual = 123355
Finished Renaming Generated Ports : Time (s): cpu = 00:01:00 ; elapsed = 00:01:03 . Memory (MB): peak = 1452.957 ; gain = 540.645 ; free physical = 412 ; free virtual = 123355
Finished Handling Custom Attributes : Time (s): cpu = 00:01:00 ; elapsed = 00:01:03 . Memory (MB): peak = 1452.957 ; gain = 540.645 ; free physical = 412 ; free virtual = 123355
Finished Renaming Generated Nets : Time (s): cpu = 00:01:00 ; elapsed = 00:01:03 . Memory (MB): peak = 1452.957 ; gain = 540.645 ; free physical = 412 ; free virtual = 123355

Report Cell Usage: 
+-+-----+------+
| |Cell |Count |
+-+-----+------+
+-+-----+------+
Finished Writing Synthesis Report : Time (s): cpu = 00:01:00 ; elapsed = 00:01:03 . Memory (MB): peak = 1452.957 ; gain = 540.645 ; free physical = 412 ; free virtual = 123355
synth_design: Time (s): cpu = 00:00:56 ; elapsed = 00:00:59 . Memory (MB): peak = 1475.957 ; gain = 456.926 ; free physical = 430 ; free virtual = 123281
