
*** Running vivado
    with args -log BD_Ground_8_0.vds -m64 -product Vivado -mode batch -messageDb vivado.pb -notrace -source BD_Ground_8_0.tcl


****** Vivado v2016.3 (64-bit)
  **** SW Build 1682563 on Mon Oct 10 19:07:26 MDT 2016
  **** IP Build 1681267 on Mon Oct 10 21:28:31 MDT 2016
    ** Copyright 1986-2016 Xilinx, Inc. All Rights Reserved.

source BD_Ground_8_0.tcl -notrace
Starting RTL Elaboration : Time (s): cpu = 00:00:09 ; elapsed = 00:00:10 . Memory (MB): peak = 1107.520 ; gain = 188.301 ; free physical = 2884 ; free virtual = 125540
INFO: [Synth 8-638] synthesizing module 'BD_Ground_8_0' [/home/tage/DegreeProject/zc702/NoC2xD/NoC2x2_1MHz_ZeroReleaseSiegenDemo_Tage/NoC2x2_1MHz_ZeroReleaseSiegenDemo_Tage.srcs/sources_1/bd/BD/ip/BD_Ground_8_0/sim/BD_Ground_8_0.vhd:35]
INFO: [Synth 8-638] synthesizing module 'xlconstant' [/home/tage/DegreeProject/zc702/NoC2xD/NoC2x2_1MHz_ZeroReleaseSiegenDemo_Tage/NoC2x2_1MHz_ZeroReleaseSiegenDemo_Tage.srcs/sources_1/bd/BD/ipshared/e147/xlconstant.vhd:36]
INFO: [Synth 8-256] done synthesizing module 'xlconstant' (1#1) [/home/tage/DegreeProject/zc702/NoC2xD/NoC2x2_1MHz_ZeroReleaseSiegenDemo_Tage/NoC2x2_1MHz_ZeroReleaseSiegenDemo_Tage.srcs/sources_1/bd/BD/ipshared/e147/xlconstant.vhd:36]
INFO: [Synth 8-256] done synthesizing module 'BD_Ground_8_0' (2#1) [/home/tage/DegreeProject/zc702/NoC2xD/NoC2x2_1MHz_ZeroReleaseSiegenDemo_Tage/NoC2x2_1MHz_ZeroReleaseSiegenDemo_Tage.srcs/sources_1/bd/BD/ip/BD_Ground_8_0/sim/BD_Ground_8_0.vhd:35]
Finished RTL Elaboration : Time (s): cpu = 00:00:10 ; elapsed = 00:00:11 . Memory (MB): peak = 1147.988 ; gain = 228.770 ; free physical = 2694 ; free virtual = 125352
Finished RTL Optimization Phase 1 : Time (s): cpu = 00:00:10 ; elapsed = 00:00:11 . Memory (MB): peak = 1147.988 ; gain = 228.770 ; free physical = 2691 ; free virtual = 125348
INFO: [Device 21-403] Loading part xc7z020clg484-1
Constraint Validation Runtime : Time (s): cpu = 00:00:00.01 ; elapsed = 00:00:00.01 . Memory (MB): peak = 1432.566 ; gain = 0.000 ; free physical = 2660 ; free virtual = 125337
Finished Constraint Validation : Time (s): cpu = 00:00:21 ; elapsed = 00:00:23 . Memory (MB): peak = 1432.566 ; gain = 513.348 ; free physical = 2204 ; free virtual = 124870
Finished Loading Part and Timing Information : Time (s): cpu = 00:00:21 ; elapsed = 00:00:23 . Memory (MB): peak = 1432.566 ; gain = 513.348 ; free physical = 2204 ; free virtual = 124870
Finished applying 'set_property' XDC Constraints : Time (s): cpu = 00:00:21 ; elapsed = 00:00:23 . Memory (MB): peak = 1432.566 ; gain = 513.348 ; free physical = 2204 ; free virtual = 124870
Finished RTL Optimization Phase 2 : Time (s): cpu = 00:00:21 ; elapsed = 00:00:23 . Memory (MB): peak = 1432.566 ; gain = 513.348 ; free physical = 2204 ; free virtual = 124869
Finished Cross Boundary and Area Optimization : Time (s): cpu = 00:00:21 ; elapsed = 00:00:24 . Memory (MB): peak = 1432.566 ; gain = 513.348 ; free physical = 2186 ; free virtual = 124853
Finished Applying XDC Timing Constraints : Time (s): cpu = 00:00:30 ; elapsed = 00:00:34 . Memory (MB): peak = 1442.551 ; gain = 523.332 ; free physical = 1880 ; free virtual = 124546
Finished Timing Optimization : Time (s): cpu = 00:00:30 ; elapsed = 00:00:34 . Memory (MB): peak = 1442.551 ; gain = 523.332 ; free physical = 1880 ; free virtual = 124545
Finished Technology Mapping : Time (s): cpu = 00:00:30 ; elapsed = 00:00:34 . Memory (MB): peak = 1452.566 ; gain = 533.348 ; free physical = 1866 ; free virtual = 124532
Finished IO Insertion : Time (s): cpu = 00:00:31 ; elapsed = 00:00:34 . Memory (MB): peak = 1452.566 ; gain = 533.348 ; free physical = 1801 ; free virtual = 124467
Finished Renaming Generated Instances : Time (s): cpu = 00:00:31 ; elapsed = 00:00:34 . Memory (MB): peak = 1452.566 ; gain = 533.348 ; free physical = 1801 ; free virtual = 124467
Finished Rebuilding User Hierarchy : Time (s): cpu = 00:00:31 ; elapsed = 00:00:34 . Memory (MB): peak = 1452.566 ; gain = 533.348 ; free physical = 1801 ; free virtual = 124467
Finished Renaming Generated Ports : Time (s): cpu = 00:00:31 ; elapsed = 00:00:34 . Memory (MB): peak = 1452.566 ; gain = 533.348 ; free physical = 1801 ; free virtual = 124467
Finished Handling Custom Attributes : Time (s): cpu = 00:00:31 ; elapsed = 00:00:34 . Memory (MB): peak = 1452.566 ; gain = 533.348 ; free physical = 1801 ; free virtual = 124467
Finished Renaming Generated Nets : Time (s): cpu = 00:00:31 ; elapsed = 00:00:34 . Memory (MB): peak = 1452.566 ; gain = 533.348 ; free physical = 1801 ; free virtual = 124467

Report Cell Usage: 
+-+-----+------+
| |Cell |Count |
+-+-----+------+
+-+-----+------+
Finished Writing Synthesis Report : Time (s): cpu = 00:00:31 ; elapsed = 00:00:34 . Memory (MB): peak = 1452.566 ; gain = 533.348 ; free physical = 1801 ; free virtual = 124467
synth_design: Time (s): cpu = 00:00:27 ; elapsed = 00:00:30 . Memory (MB): peak = 1465.566 ; gain = 439.629 ; free physical = 1780 ; free virtual = 124447
