
*** Running vivado
    with args -log BD_microblaze_1_0.vds -m64 -product Vivado -mode batch -messageDb vivado.pb -notrace -source BD_microblaze_1_0.tcl


****** Vivado v2016.3 (64-bit)
  **** SW Build 1682563 on Mon Oct 10 19:07:26 MDT 2016
  **** IP Build 1681267 on Mon Oct 10 21:28:31 MDT 2016
    ** Copyright 1986-2016 Xilinx, Inc. All Rights Reserved.

source BD_microblaze_1_0.tcl -notrace
Starting RTL Elaboration : Time (s): cpu = 00:00:10 ; elapsed = 00:00:11 . Memory (MB): peak = 1105.621 ; gain = 193.301 ; free physical = 1527 ; free virtual = 124478
INFO: [Synth 8-638] synthesizing module 'BD_microblaze_1_0' [/home/tage/git/NoC/programmableCh/dfs/project/project.srcs/sources_1/bd/BD/ip/BD_microblaze_1_0/synth/BD_microblaze_1_0.vhd:135]
INFO: [Synth 8-256] done synthesizing module 'BD_microblaze_1_0' (59#1) [/home/tage/git/NoC/programmableCh/dfs/project/project.srcs/sources_1/bd/BD/ip/BD_microblaze_1_0/synth/BD_microblaze_1_0.vhd:135]
Finished RTL Elaboration : Time (s): cpu = 00:00:20 ; elapsed = 00:00:21 . Memory (MB): peak = 1321.090 ; gain = 408.770 ; free physical = 1589 ; free virtual = 124543
Finished RTL Optimization Phase 1 : Time (s): cpu = 00:00:21 ; elapsed = 00:00:22 . Memory (MB): peak = 1321.090 ; gain = 408.770 ; free physical = 1534 ; free virtual = 124488
INFO: [Device 21-403] Loading part xc7z020clg484-1
Constraint Validation Runtime : Time (s): cpu = 00:00:00.41 ; elapsed = 00:00:00.37 . Memory (MB): peak = 1592.965 ; gain = 1.000 ; free physical = 1780 ; free virtual = 124746
Finished Constraint Validation : Time (s): cpu = 00:00:39 ; elapsed = 00:00:41 . Memory (MB): peak = 1592.965 ; gain = 680.645 ; free physical = 1312 ; free virtual = 124274
Finished Loading Part and Timing Information : Time (s): cpu = 00:00:39 ; elapsed = 00:00:41 . Memory (MB): peak = 1592.965 ; gain = 680.645 ; free physical = 1312 ; free virtual = 124274
Finished applying 'set_property' XDC Constraints : Time (s): cpu = 00:00:39 ; elapsed = 00:00:41 . Memory (MB): peak = 1592.965 ; gain = 680.645 ; free physical = 1311 ; free virtual = 124273
Finished RTL Optimization Phase 2 : Time (s): cpu = 00:00:47 ; elapsed = 00:00:50 . Memory (MB): peak = 1592.965 ; gain = 680.645 ; free physical = 1699 ; free virtual = 124664
Finished Cross Boundary and Area Optimization : Time (s): cpu = 00:01:16 ; elapsed = 00:01:20 . Memory (MB): peak = 1592.965 ; gain = 680.645 ; free physical = 790 ; free virtual = 123774
Finished Applying XDC Timing Constraints : Time (s): cpu = 00:01:29 ; elapsed = 00:01:32 . Memory (MB): peak = 1613.957 ; gain = 701.637 ; free physical = 748 ; free virtual = 123732
Finished Timing Optimization : Time (s): cpu = 00:01:38 ; elapsed = 00:01:42 . Memory (MB): peak = 1702.934 ; gain = 790.613 ; free physical = 1758 ; free virtual = 124259
Finished Technology Mapping : Time (s): cpu = 00:01:44 ; elapsed = 00:01:48 . Memory (MB): peak = 1718.949 ; gain = 806.629 ; free physical = 2464 ; free virtual = 124967
Finished IO Insertion : Time (s): cpu = 00:01:45 ; elapsed = 00:01:49 . Memory (MB): peak = 1718.949 ; gain = 806.629 ; free physical = 2330 ; free virtual = 124834
Finished Renaming Generated Instances : Time (s): cpu = 00:01:45 ; elapsed = 00:01:49 . Memory (MB): peak = 1718.949 ; gain = 806.629 ; free physical = 2330 ; free virtual = 124834
Finished Rebuilding User Hierarchy : Time (s): cpu = 00:01:46 ; elapsed = 00:01:51 . Memory (MB): peak = 1718.949 ; gain = 806.629 ; free physical = 2282 ; free virtual = 124786
Finished Renaming Generated Ports : Time (s): cpu = 00:01:46 ; elapsed = 00:01:51 . Memory (MB): peak = 1718.949 ; gain = 806.629 ; free physical = 2262 ; free virtual = 124766
Finished Handling Custom Attributes : Time (s): cpu = 00:01:46 ; elapsed = 00:01:51 . Memory (MB): peak = 1718.949 ; gain = 806.629 ; free physical = 2240 ; free virtual = 124744
Finished Renaming Generated Nets : Time (s): cpu = 00:01:47 ; elapsed = 00:01:51 . Memory (MB): peak = 1718.949 ; gain = 806.629 ; free physical = 2226 ; free virtual = 124730

Report Cell Usage: 
+------+----------+------+
|      |Cell      |Count |
+------+----------+------+
|1     |AND2B1L   |     2|
|2     |CARRY4    |   105|
|3     |DSP48E1   |     1|
|4     |DSP48E1_1 |     1|
|5     |DSP48E1_2 |     1|
|6     |LUT1      |   341|
|7     |LUT2      |   190|
|8     |LUT3      |   265|
|9     |LUT4      |   553|
|10    |LUT5      |   587|
|11    |LUT6      |  1272|
|12    |LUT6_2    |    80|
|13    |MULT_AND  |     1|
|14    |MUXCY_L   |   137|
|15    |MUXF7     |   286|
|16    |MUXF8     |     2|
|17    |RAM32M    |    16|
|18    |RAMB36E1  |     2|
|19    |SRL16E    |    91|
|20    |SRLC16E   |     8|
|21    |XORCY     |    94|
|22    |FDCE      |   277|
|23    |FDE       |    32|
|24    |FDR       |    89|
|25    |FDRE      |  2619|
|26    |FDS       |     1|
|27    |FDSE      |    78|
+------+----------+------+
Finished Writing Synthesis Report : Time (s): cpu = 00:01:47 ; elapsed = 00:01:51 . Memory (MB): peak = 1718.949 ; gain = 806.629 ; free physical = 2226 ; free virtual = 124730
synth_design: Time (s): cpu = 00:01:49 ; elapsed = 00:01:53 . Memory (MB): peak = 2077.137 ; gain = 1058.098 ; free physical = 1696 ; free virtual = 124201
