Duplicated file found; will not be sent for synthesis: /home/tage/DegreeProject/Zedboard/NoC2xD/NoC2x2_100KHz_c1_D/NoC2x2_100KHz_AltenDemo_c1_D.srcs/sources_1/bd/BD/ipshared/xilinx.com/lmb_v10_v3_0/hdl/vhdl/lmb_v10.vhd
Duplicated file found; will not be sent for synthesis: /home/tage/DegreeProject/Zedboard/NoC2xD/NoC2x2_100KHz_c1_D/NoC2x2_100KHz_AltenDemo_c1_D.srcs/sources_1/bd/BD/ipshared/xilinx.com/lmb_bram_if_cntlr_v4_0/hdl/vhdl/lmb_bram_if_funcs.vhd
Duplicated file found; will not be sent for synthesis: /home/tage/DegreeProject/Zedboard/NoC2xD/NoC2x2_100KHz_c1_D/NoC2x2_100KHz_AltenDemo_c1_D.srcs/sources_1/bd/BD/ipshared/xilinx.com/lmb_bram_if_cntlr_v4_0/hdl/vhdl/lmb_bram_if_primitives.vhd
Duplicated file found; will not be sent for synthesis: /home/tage/DegreeProject/Zedboard/NoC2xD/NoC2x2_100KHz_c1_D/NoC2x2_100KHz_AltenDemo_c1_D.srcs/sources_1/bd/BD/ipshared/xilinx.com/lmb_bram_if_cntlr_v4_0/hdl/vhdl/xor18.vhd
Duplicated file found; will not be sent for synthesis: /home/tage/DegreeProject/Zedboard/NoC2xD/NoC2x2_100KHz_c1_D/NoC2x2_100KHz_AltenDemo_c1_D.srcs/sources_1/bd/BD/ipshared/xilinx.com/lmb_bram_if_cntlr_v4_0/hdl/vhdl/parity.vhd
Duplicated file found; will not be sent for synthesis: /home/tage/DegreeProject/Zedboard/NoC2xD/NoC2x2_100KHz_c1_D/NoC2x2_100KHz_AltenDemo_c1_D.srcs/sources_1/bd/BD/ipshared/xilinx.com/lmb_bram_if_cntlr_v4_0/hdl/vhdl/parityenable.vhd
Duplicated file found; will not be sent for synthesis: /home/tage/DegreeProject/Zedboard/NoC2xD/NoC2x2_100KHz_c1_D/NoC2x2_100KHz_AltenDemo_c1_D.srcs/sources_1/bd/BD/ipshared/xilinx.com/lmb_bram_if_cntlr_v4_0/hdl/vhdl/checkbit_handler.vhd
Duplicated file found; will not be sent for synthesis: /home/tage/DegreeProject/Zedboard/NoC2xD/NoC2x2_100KHz_c1_D/NoC2x2_100KHz_AltenDemo_c1_D.srcs/sources_1/bd/BD/ipshared/xilinx.com/lmb_bram_if_cntlr_v4_0/hdl/vhdl/correct_one_bit.vhd
Duplicated file found; will not be sent for synthesis: /home/tage/DegreeProject/Zedboard/NoC2xD/NoC2x2_100KHz_c1_D/NoC2x2_100KHz_AltenDemo_c1_D.srcs/sources_1/bd/BD/ipshared/xilinx.com/lmb_bram_if_cntlr_v4_0/hdl/vhdl/pselect.vhd
Duplicated file found; will not be sent for synthesis: /home/tage/DegreeProject/Zedboard/NoC2xD/NoC2x2_100KHz_c1_D/NoC2x2_100KHz_AltenDemo_c1_D.srcs/sources_1/bd/BD/ipshared/xilinx.com/lmb_bram_if_cntlr_v4_0/hdl/vhdl/pselect_mask.vhd
Duplicated file found; will not be sent for synthesis: /home/tage/DegreeProject/Zedboard/NoC2xD/NoC2x2_100KHz_c1_D/NoC2x2_100KHz_AltenDemo_c1_D.srcs/sources_1/bd/BD/ipshared/xilinx.com/lmb_bram_if_cntlr_v4_0/hdl/vhdl/axi_interface.vhd
Duplicated file found; will not be sent for synthesis: /home/tage/DegreeProject/Zedboard/NoC2xD/NoC2x2_100KHz_c1_D/NoC2x2_100KHz_AltenDemo_c1_D.srcs/sources_1/bd/BD/ipshared/xilinx.com/lmb_bram_if_cntlr_v4_0/hdl/vhdl/lmb_mux.vhd
Duplicated file found; will not be sent for synthesis: /home/tage/DegreeProject/Zedboard/NoC2xD/NoC2x2_100KHz_c1_D/NoC2x2_100KHz_AltenDemo_c1_D.srcs/sources_1/bd/BD/ipshared/xilinx.com/lmb_bram_if_cntlr_v4_0/hdl/vhdl/lmb_bram_if_cntlr.vhd
Duplicated file found; will not be sent for synthesis: /home/tage/DegreeProject/Zedboard/NoC2xD/NoC2x2_100KHz_c1_D/NoC2x2_100KHz_AltenDemo_c1_D.srcs/sources_1/bd/BD/ipshared/xilinx.com/axi_lite_ipif_v3_0/hdl/src/vhdl/ipif_pkg.vhd
Duplicated file found; will not be sent for synthesis: /home/tage/DegreeProject/Zedboard/NoC2xD/NoC2x2_100KHz_c1_D/NoC2x2_100KHz_AltenDemo_c1_D.srcs/sources_1/bd/BD/ipshared/xilinx.com/axi_lite_ipif_v3_0/hdl/src/vhdl/pselect_f.vhd
Duplicated file found; will not be sent for synthesis: /home/tage/DegreeProject/Zedboard/NoC2xD/NoC2x2_100KHz_c1_D/NoC2x2_100KHz_AltenDemo_c1_D.srcs/sources_1/bd/BD/ipshared/xilinx.com/axi_lite_ipif_v3_0/hdl/src/vhdl/address_decoder.vhd
Duplicated file found; will not be sent for synthesis: /home/tage/DegreeProject/Zedboard/NoC2xD/NoC2x2_100KHz_c1_D/NoC2x2_100KHz_AltenDemo_c1_D.srcs/sources_1/bd/BD/ipshared/xilinx.com/axi_lite_ipif_v3_0/hdl/src/vhdl/slave_attachment.vhd
Duplicated file found; will not be sent for synthesis: /home/tage/DegreeProject/Zedboard/NoC2xD/NoC2x2_100KHz_c1_D/NoC2x2_100KHz_AltenDemo_c1_D.srcs/sources_1/bd/BD/ipshared/xilinx.com/axi_lite_ipif_v3_0/hdl/src/vhdl/axi_lite_ipif.vhd
Duplicated file found; will not be sent for synthesis: /home/tage/DegreeProject/Zedboard/NoC2xD/NoC2x2_100KHz_c1_D/NoC2x2_100KHz_AltenDemo_c1_D.srcs/sources_1/bd/BD/ipshared/xilinx.com/lib_cdc_v1_0/hdl/src/vhdl/cdc_sync.vhd
Duplicated file found; will not be sent for synthesis: /home/tage/DegreeProject/Zedboard/NoC2xD/NoC2x2_100KHz_c1_D/NoC2x2_100KHz_AltenDemo_c1_D.srcs/sources_1/bd/BD/ipshared/xilinx.com/blk_mem_gen_v8_3/hdl/blk_mem_gen_v8_3_vhsyn_rfs.vhd
Duplicated file found; will not be sent for synthesis: /home/tage/DegreeProject/Zedboard/NoC2xD/NoC2x2_100KHz_c1_D/NoC2x2_100KHz_AltenDemo_c1_D.srcs/sources_1/bd/BD/ipshared/xilinx.com/blk_mem_gen_v8_3/hdl/blk_mem_gen_v8_3.vhd
Duplicated file found; will not be sent for synthesis: /home/tage/DegreeProject/Zedboard/NoC2xD/NoC2x2_100KHz_c1_D/NoC2x2_100KHz_AltenDemo_c1_D.srcs/sources_1/bd/BD/ipshared/xilinx.com/microblaze_v9_5/hdl/microblaze_v9_5_vh_rfs.vhd
Duplicated file found; will not be sent for synthesis: /home/tage/DegreeProject/Zedboard/NoC2xD/NoC2x2_100KHz_c1_D/NoC2x2_100KHz_AltenDemo_c1_D.srcs/sources_1/bd/BD/ipshared/kth.se/kth_axi_rni_static_c1_v1_0/hdl/family_support.vhd
Duplicated file found; will not be sent for synthesis: /home/tage/DegreeProject/Zedboard/NoC2xD/NoC2x2_100KHz_c1_D/NoC2x2_100KHz_AltenDemo_c1_D.srcs/sources_1/bd/BD/ipshared/kth.se/kth_axi_rni_static_c1_v1_0/hdl/proc_common_pkg.vhd
Duplicated file found; will not be sent for synthesis: /home/tage/DegreeProject/Zedboard/NoC2xD/NoC2x2_100KHz_c1_D/NoC2x2_100KHz_AltenDemo_c1_D.srcs/sources_1/bd/BD/ipshared/kth.se/kth_axi_rni_static_c1_v1_0/hdl/pselect_f.vhd
Duplicated file found; will not be sent for synthesis: /home/tage/DegreeProject/Zedboard/NoC2xD/NoC2x2_100KHz_c1_D/NoC2x2_100KHz_AltenDemo_c1_D.srcs/sources_1/bd/BD/ipshared/kth.se/kth_axi_rni_static_c1_v1_0/hdl/NoC_3D_parallel_package.vhd
Duplicated file found; will not be sent for synthesis: /home/tage/DegreeProject/Zedboard/NoC2xD/NoC2x2_100KHz_c1_D/NoC2x2_100KHz_AltenDemo_c1_D.srcs/sources_1/bd/BD/ipshared/kth.se/kth_axi_rni_static_c1_v1_0/hdl/ipif_pkg.vhd
Duplicated file found; will not be sent for synthesis: /home/tage/DegreeProject/Zedboard/NoC2xD/NoC2x2_100KHz_c1_D/NoC2x2_100KHz_AltenDemo_c1_D.srcs/sources_1/bd/BD/ipshared/kth.se/kth_axi_rni_static_c1_v1_0/hdl/NoC_3D_SW_configuration_package.vhd
Duplicated file found; will not be sent for synthesis: /home/tage/DegreeProject/Zedboard/NoC2xD/NoC2x2_100KHz_c1_D/NoC2x2_100KHz_AltenDemo_c1_D.srcs/sources_1/bd/BD/ipshared/kth.se/kth_axi_rni_static_c1_v1_0/hdl/address_decoder.vhd
Duplicated file found; will not be sent for synthesis: /home/tage/DegreeProject/Zedboard/NoC2xD/NoC2x2_100KHz_c1_D/NoC2x2_100KHz_AltenDemo_c1_D.srcs/sources_1/bd/BD/ipshared/kth.se/kth_axi_rni_static_c1_v1_0/hdl/rni_memory.vhd
Duplicated file found; will not be sent for synthesis: /home/tage/DegreeProject/Zedboard/NoC2xD/NoC2x2_100KHz_c1_D/NoC2x2_100KHz_AltenDemo_c1_D.srcs/sources_1/bd/BD/ipshared/kth.se/kth_axi_rni_static_c1_v1_0/hdl/rni_memory_64_32.vhd
Duplicated file found; will not be sent for synthesis: /home/tage/DegreeProject/Zedboard/NoC2xD/NoC2x2_100KHz_c1_D/NoC2x2_100KHz_AltenDemo_c1_D.srcs/sources_1/bd/BD/ipshared/kth.se/kth_axi_rni_static_c1_v1_0/hdl/generic_interface_to_noc_static.vhd
Duplicated file found; will not be sent for synthesis: /home/tage/DegreeProject/Zedboard/NoC2xD/NoC2x2_100KHz_c1_D/NoC2x2_100KHz_AltenDemo_c1_D.srcs/sources_1/bd/BD/ipshared/kth.se/kth_axi_rni_static_c1_v1_0/hdl/slave_attachment.vhd
Duplicated file found; will not be sent for synthesis: /home/tage/DegreeProject/Zedboard/NoC2xD/NoC2x2_100KHz_c1_D/NoC2x2_100KHz_AltenDemo_c1_D.srcs/sources_1/bd/BD/ipshared/kth.se/kth_axi_rni_static_c1_v1_0/hdl/kth_generic_rni_static.vhd
Duplicated file found; will not be sent for synthesis: /home/tage/DegreeProject/Zedboard/NoC2xD/NoC2x2_100KHz_c1_D/NoC2x2_100KHz_AltenDemo_c1_D.srcs/sources_1/bd/BD/ipshared/kth.se/kth_axi_rni_static_c1_v1_0/hdl/axi_lite_ipif.vhd
Duplicated file found; will not be sent for synthesis: /home/tage/DegreeProject/Zedboard/NoC2xD/NoC2x2_100KHz_c1_D/NoC2x2_100KHz_AltenDemo_c1_D.srcs/sources_1/bd/BD/ipshared/kth.se/kth_axi_rni_static_c1_v1_0/hdl/kth_axi_rni_static.vhd
Duplicated file found; will not be sent for synthesis: /home/tage/DegreeProject/Zedboard/NoC2xD/NoC2x2_100KHz_c1_D/NoC2x2_100KHz_AltenDemo_c1_D.srcs/sources_1/bd/BD/ipshared/kth.se/kth_axi_rni_static_c1_v1_0/hdl/kth_axi_rni_static_v1_0.vhd
Duplicated file found; will not be sent for synthesis: /home/tage/DegreeProject/Zedboard/NoC2xD/NoC2x2_100KHz_c1_D/NoC2x2_100KHz_AltenDemo_c1_D.srcs/sources_1/bd/BD/ipshared/xilinx.com/axi_lite_ipif_v3_0/hdl/src/vhdl/ipif_pkg.vhd
Duplicated file found; will not be sent for synthesis: /home/tage/DegreeProject/Zedboard/NoC2xD/NoC2x2_100KHz_c1_D/NoC2x2_100KHz_AltenDemo_c1_D.srcs/sources_1/bd/BD/ipshared/xilinx.com/axi_lite_ipif_v3_0/hdl/src/vhdl/pselect_f.vhd
Duplicated file found; will not be sent for synthesis: /home/tage/DegreeProject/Zedboard/NoC2xD/NoC2x2_100KHz_c1_D/NoC2x2_100KHz_AltenDemo_c1_D.srcs/sources_1/bd/BD/ipshared/xilinx.com/axi_lite_ipif_v3_0/hdl/src/vhdl/address_decoder.vhd
Duplicated file found; will not be sent for synthesis: /home/tage/DegreeProject/Zedboard/NoC2xD/NoC2x2_100KHz_c1_D/NoC2x2_100KHz_AltenDemo_c1_D.srcs/sources_1/bd/BD/ipshared/xilinx.com/axi_lite_ipif_v3_0/hdl/src/vhdl/slave_attachment.vhd
Duplicated file found; will not be sent for synthesis: /home/tage/DegreeProject/Zedboard/NoC2xD/NoC2x2_100KHz_c1_D/NoC2x2_100KHz_AltenDemo_c1_D.srcs/sources_1/bd/BD/ipshared/xilinx.com/axi_lite_ipif_v3_0/hdl/src/vhdl/axi_lite_ipif.vhd
Duplicated file found; will not be sent for synthesis: /home/tage/DegreeProject/Zedboard/NoC2xD/NoC2x2_100KHz_c1_D/NoC2x2_100KHz_AltenDemo_c1_D.srcs/sources_1/bd/BD/ipshared/xilinx.com/lib_cdc_v1_0/hdl/src/vhdl/cdc_sync.vhd
Duplicated file found; will not be sent for synthesis: /home/tage/DegreeProject/Zedboard/NoC2xD/NoC2x2_100KHz_c1_D/NoC2x2_100KHz_AltenDemo_c1_D.srcs/sources_1/bd/BD/ipshared/xilinx.com/interrupt_control_v3_1/hdl/src/vhdl/interrupt_control.vhd
Duplicated file found; will not be sent for synthesis: /home/tage/DegreeProject/Zedboard/NoC2xD/NoC2x2_100KHz_c1_D/NoC2x2_100KHz_AltenDemo_c1_D.srcs/sources_1/bd/BD/ipshared/xilinx.com/axi_gpio_v2_0/hdl/src/vhdl/gpio_core.vhd
Duplicated file found; will not be sent for synthesis: /home/tage/DegreeProject/Zedboard/NoC2xD/NoC2x2_100KHz_c1_D/NoC2x2_100KHz_AltenDemo_c1_D.srcs/sources_1/bd/BD/ipshared/xilinx.com/axi_gpio_v2_0/hdl/src/vhdl/axi_gpio.vhd
Duplicated file found; will not be sent for synthesis: /home/tage/DegreeProject/Zedboard/NoC2xD/NoC2x2_100KHz_c1_D/NoC2x2_100KHz_AltenDemo_c1_D.srcs/sources_1/bd/BD/ipshared/xilinx.com/lmb_v10_v3_0/hdl/vhdl/lmb_v10.vhd
Duplicated file found; will not be sent for synthesis: /home/tage/DegreeProject/Zedboard/NoC2xD/NoC2x2_100KHz_c1_D/NoC2x2_100KHz_AltenDemo_c1_D.srcs/sources_1/bd/BD/ipshared/xilinx.com/lmb_v10_v3_0/hdl/vhdl/lmb_v10.vhd
Duplicated file found; will not be sent for synthesis: /home/tage/DegreeProject/Zedboard/NoC2xD/NoC2x2_100KHz_c1_D/NoC2x2_100KHz_AltenDemo_c1_D.srcs/sources_1/bd/BD/ipshared/xilinx.com/lmb_bram_if_cntlr_v4_0/hdl/vhdl/lmb_bram_if_funcs.vhd
Duplicated file found; will not be sent for synthesis: /home/tage/DegreeProject/Zedboard/NoC2xD/NoC2x2_100KHz_c1_D/NoC2x2_100KHz_AltenDemo_c1_D.srcs/sources_1/bd/BD/ipshared/xilinx.com/lmb_bram_if_cntlr_v4_0/hdl/vhdl/lmb_bram_if_primitives.vhd
Duplicated file found; will not be sent for synthesis: /home/tage/DegreeProject/Zedboard/NoC2xD/NoC2x2_100KHz_c1_D/NoC2x2_100KHz_AltenDemo_c1_D.srcs/sources_1/bd/BD/ipshared/xilinx.com/lmb_bram_if_cntlr_v4_0/hdl/vhdl/xor18.vhd
Duplicated file found; will not be sent for synthesis: /home/tage/DegreeProject/Zedboard/NoC2xD/NoC2x2_100KHz_c1_D/NoC2x2_100KHz_AltenDemo_c1_D.srcs/sources_1/bd/BD/ipshared/xilinx.com/lmb_bram_if_cntlr_v4_0/hdl/vhdl/parity.vhd
Duplicated file found; will not be sent for synthesis: /home/tage/DegreeProject/Zedboard/NoC2xD/NoC2x2_100KHz_c1_D/NoC2x2_100KHz_AltenDemo_c1_D.srcs/sources_1/bd/BD/ipshared/xilinx.com/lmb_bram_if_cntlr_v4_0/hdl/vhdl/parityenable.vhd
Duplicated file found; will not be sent for synthesis: /home/tage/DegreeProject/Zedboard/NoC2xD/NoC2x2_100KHz_c1_D/NoC2x2_100KHz_AltenDemo_c1_D.srcs/sources_1/bd/BD/ipshared/xilinx.com/lmb_bram_if_cntlr_v4_0/hdl/vhdl/checkbit_handler.vhd
Duplicated file found; will not be sent for synthesis: /home/tage/DegreeProject/Zedboard/NoC2xD/NoC2x2_100KHz_c1_D/NoC2x2_100KHz_AltenDemo_c1_D.srcs/sources_1/bd/BD/ipshared/xilinx.com/lmb_bram_if_cntlr_v4_0/hdl/vhdl/correct_one_bit.vhd
Duplicated file found; will not be sent for synthesis: /home/tage/DegreeProject/Zedboard/NoC2xD/NoC2x2_100KHz_c1_D/NoC2x2_100KHz_AltenDemo_c1_D.srcs/sources_1/bd/BD/ipshared/xilinx.com/lmb_bram_if_cntlr_v4_0/hdl/vhdl/pselect.vhd
Duplicated file found; will not be sent for synthesis: /home/tage/DegreeProject/Zedboard/NoC2xD/NoC2x2_100KHz_c1_D/NoC2x2_100KHz_AltenDemo_c1_D.srcs/sources_1/bd/BD/ipshared/xilinx.com/lmb_bram_if_cntlr_v4_0/hdl/vhdl/pselect_mask.vhd
Duplicated file found; will not be sent for synthesis: /home/tage/DegreeProject/Zedboard/NoC2xD/NoC2x2_100KHz_c1_D/NoC2x2_100KHz_AltenDemo_c1_D.srcs/sources_1/bd/BD/ipshared/xilinx.com/lmb_bram_if_cntlr_v4_0/hdl/vhdl/axi_interface.vhd
Duplicated file found; will not be sent for synthesis: /home/tage/DegreeProject/Zedboard/NoC2xD/NoC2x2_100KHz_c1_D/NoC2x2_100KHz_AltenDemo_c1_D.srcs/sources_1/bd/BD/ipshared/xilinx.com/lmb_bram_if_cntlr_v4_0/hdl/vhdl/lmb_mux.vhd
Duplicated file found; will not be sent for synthesis: /home/tage/DegreeProject/Zedboard/NoC2xD/NoC2x2_100KHz_c1_D/NoC2x2_100KHz_AltenDemo_c1_D.srcs/sources_1/bd/BD/ipshared/xilinx.com/lmb_bram_if_cntlr_v4_0/hdl/vhdl/lmb_bram_if_cntlr.vhd
Duplicated file found; will not be sent for synthesis: /home/tage/DegreeProject/Zedboard/NoC2xD/NoC2x2_100KHz_c1_D/NoC2x2_100KHz_AltenDemo_c1_D.srcs/sources_1/bd/BD/ipshared/xilinx.com/lmb_bram_if_cntlr_v4_0/hdl/vhdl/lmb_bram_if_funcs.vhd
Duplicated file found; will not be sent for synthesis: /home/tage/DegreeProject/Zedboard/NoC2xD/NoC2x2_100KHz_c1_D/NoC2x2_100KHz_AltenDemo_c1_D.srcs/sources_1/bd/BD/ipshared/xilinx.com/lmb_bram_if_cntlr_v4_0/hdl/vhdl/lmb_bram_if_primitives.vhd
Duplicated file found; will not be sent for synthesis: /home/tage/DegreeProject/Zedboard/NoC2xD/NoC2x2_100KHz_c1_D/NoC2x2_100KHz_AltenDemo_c1_D.srcs/sources_1/bd/BD/ipshared/xilinx.com/lmb_bram_if_cntlr_v4_0/hdl/vhdl/xor18.vhd
Duplicated file found; will not be sent for synthesis: /home/tage/DegreeProject/Zedboard/NoC2xD/NoC2x2_100KHz_c1_D/NoC2x2_100KHz_AltenDemo_c1_D.srcs/sources_1/bd/BD/ipshared/xilinx.com/lmb_bram_if_cntlr_v4_0/hdl/vhdl/parity.vhd
Duplicated file found; will not be sent for synthesis: /home/tage/DegreeProject/Zedboard/NoC2xD/NoC2x2_100KHz_c1_D/NoC2x2_100KHz_AltenDemo_c1_D.srcs/sources_1/bd/BD/ipshared/xilinx.com/lmb_bram_if_cntlr_v4_0/hdl/vhdl/parityenable.vhd
Duplicated file found; will not be sent for synthesis: /home/tage/DegreeProject/Zedboard/NoC2xD/NoC2x2_100KHz_c1_D/NoC2x2_100KHz_AltenDemo_c1_D.srcs/sources_1/bd/BD/ipshared/xilinx.com/lmb_bram_if_cntlr_v4_0/hdl/vhdl/checkbit_handler.vhd
Duplicated file found; will not be sent for synthesis: /home/tage/DegreeProject/Zedboard/NoC2xD/NoC2x2_100KHz_c1_D/NoC2x2_100KHz_AltenDemo_c1_D.srcs/sources_1/bd/BD/ipshared/xilinx.com/lmb_bram_if_cntlr_v4_0/hdl/vhdl/correct_one_bit.vhd
Duplicated file found; will not be sent for synthesis: /home/tage/DegreeProject/Zedboard/NoC2xD/NoC2x2_100KHz_c1_D/NoC2x2_100KHz_AltenDemo_c1_D.srcs/sources_1/bd/BD/ipshared/xilinx.com/lmb_bram_if_cntlr_v4_0/hdl/vhdl/pselect.vhd
Duplicated file found; will not be sent for synthesis: /home/tage/DegreeProject/Zedboard/NoC2xD/NoC2x2_100KHz_c1_D/NoC2x2_100KHz_AltenDemo_c1_D.srcs/sources_1/bd/BD/ipshared/xilinx.com/lmb_bram_if_cntlr_v4_0/hdl/vhdl/pselect_mask.vhd
Duplicated file found; will not be sent for synthesis: /home/tage/DegreeProject/Zedboard/NoC2xD/NoC2x2_100KHz_c1_D/NoC2x2_100KHz_AltenDemo_c1_D.srcs/sources_1/bd/BD/ipshared/xilinx.com/lmb_bram_if_cntlr_v4_0/hdl/vhdl/axi_interface.vhd
Duplicated file found; will not be sent for synthesis: /home/tage/DegreeProject/Zedboard/NoC2xD/NoC2x2_100KHz_c1_D/NoC2x2_100KHz_AltenDemo_c1_D.srcs/sources_1/bd/BD/ipshared/xilinx.com/lmb_bram_if_cntlr_v4_0/hdl/vhdl/lmb_mux.vhd
Duplicated file found; will not be sent for synthesis: /home/tage/DegreeProject/Zedboard/NoC2xD/NoC2x2_100KHz_c1_D/NoC2x2_100KHz_AltenDemo_c1_D.srcs/sources_1/bd/BD/ipshared/xilinx.com/lmb_bram_if_cntlr_v4_0/hdl/vhdl/lmb_bram_if_cntlr.vhd
Duplicated file found; will not be sent for synthesis: /home/tage/DegreeProject/Zedboard/NoC2xD/NoC2x2_100KHz_c1_D/NoC2x2_100KHz_AltenDemo_c1_D.srcs/sources_1/bd/BD/ipshared/xilinx.com/blk_mem_gen_v8_3/hdl/blk_mem_gen_v8_3_vhsyn_rfs.vhd
Duplicated file found; will not be sent for synthesis: /home/tage/DegreeProject/Zedboard/NoC2xD/NoC2x2_100KHz_c1_D/NoC2x2_100KHz_AltenDemo_c1_D.srcs/sources_1/bd/BD/ipshared/xilinx.com/blk_mem_gen_v8_3/hdl/blk_mem_gen_v8_3.vhd
Duplicated file found; will not be sent for synthesis: /home/tage/DegreeProject/Zedboard/NoC2xD/NoC2x2_100KHz_c1_D/NoC2x2_100KHz_AltenDemo_c1_D.srcs/sources_1/bd/BD/ipshared/xilinx.com/generic_baseblocks_v2_1/hdl/verilog/generic_baseblocks_v2_1_carry_and.v
Duplicated file found; will not be sent for synthesis: /home/tage/DegreeProject/Zedboard/NoC2xD/NoC2x2_100KHz_c1_D/NoC2x2_100KHz_AltenDemo_c1_D.srcs/sources_1/bd/BD/ipshared/xilinx.com/generic_baseblocks_v2_1/hdl/verilog/generic_baseblocks_v2_1_carry_latch_and.v
Duplicated file found; will not be sent for synthesis: /home/tage/DegreeProject/Zedboard/NoC2xD/NoC2x2_100KHz_c1_D/NoC2x2_100KHz_AltenDemo_c1_D.srcs/sources_1/bd/BD/ipshared/xilinx.com/generic_baseblocks_v2_1/hdl/verilog/generic_baseblocks_v2_1_carry_latch_or.v
Duplicated file found; will not be sent for synthesis: /home/tage/DegreeProject/Zedboard/NoC2xD/NoC2x2_100KHz_c1_D/NoC2x2_100KHz_AltenDemo_c1_D.srcs/sources_1/bd/BD/ipshared/xilinx.com/generic_baseblocks_v2_1/hdl/verilog/generic_baseblocks_v2_1_carry_or.v
Duplicated file found; will not be sent for synthesis: /home/tage/DegreeProject/Zedboard/NoC2xD/NoC2x2_100KHz_c1_D/NoC2x2_100KHz_AltenDemo_c1_D.srcs/sources_1/bd/BD/ipshared/xilinx.com/generic_baseblocks_v2_1/hdl/verilog/generic_baseblocks_v2_1_carry.v
Duplicated file found; will not be sent for synthesis: /home/tage/DegreeProject/Zedboard/NoC2xD/NoC2x2_100KHz_c1_D/NoC2x2_100KHz_AltenDemo_c1_D.srcs/sources_1/bd/BD/ipshared/xilinx.com/generic_baseblocks_v2_1/hdl/verilog/generic_baseblocks_v2_1_command_fifo.v
Duplicated file found; will not be sent for synthesis: /home/tage/DegreeProject/Zedboard/NoC2xD/NoC2x2_100KHz_c1_D/NoC2x2_100KHz_AltenDemo_c1_D.srcs/sources_1/bd/BD/ipshared/xilinx.com/generic_baseblocks_v2_1/hdl/verilog/generic_baseblocks_v2_1_comparator_mask_static.v
Duplicated file found; will not be sent for synthesis: /home/tage/DegreeProject/Zedboard/NoC2xD/NoC2x2_100KHz_c1_D/NoC2x2_100KHz_AltenDemo_c1_D.srcs/sources_1/bd/BD/ipshared/xilinx.com/generic_baseblocks_v2_1/hdl/verilog/generic_baseblocks_v2_1_comparator_mask.v
Duplicated file found; will not be sent for synthesis: /home/tage/DegreeProject/Zedboard/NoC2xD/NoC2x2_100KHz_c1_D/NoC2x2_100KHz_AltenDemo_c1_D.srcs/sources_1/bd/BD/ipshared/xilinx.com/generic_baseblocks_v2_1/hdl/verilog/generic_baseblocks_v2_1_comparator_sel_mask_static.v
Duplicated file found; will not be sent for synthesis: /home/tage/DegreeProject/Zedboard/NoC2xD/NoC2x2_100KHz_c1_D/NoC2x2_100KHz_AltenDemo_c1_D.srcs/sources_1/bd/BD/ipshared/xilinx.com/generic_baseblocks_v2_1/hdl/verilog/generic_baseblocks_v2_1_comparator_sel_mask.v
Duplicated file found; will not be sent for synthesis: /home/tage/DegreeProject/Zedboard/NoC2xD/NoC2x2_100KHz_c1_D/NoC2x2_100KHz_AltenDemo_c1_D.srcs/sources_1/bd/BD/ipshared/xilinx.com/generic_baseblocks_v2_1/hdl/verilog/generic_baseblocks_v2_1_comparator_sel_static.v
Duplicated file found; will not be sent for synthesis: /home/tage/DegreeProject/Zedboard/NoC2xD/NoC2x2_100KHz_c1_D/NoC2x2_100KHz_AltenDemo_c1_D.srcs/sources_1/bd/BD/ipshared/xilinx.com/generic_baseblocks_v2_1/hdl/verilog/generic_baseblocks_v2_1_comparator_sel.v
Duplicated file found; will not be sent for synthesis: /home/tage/DegreeProject/Zedboard/NoC2xD/NoC2x2_100KHz_c1_D/NoC2x2_100KHz_AltenDemo_c1_D.srcs/sources_1/bd/BD/ipshared/xilinx.com/generic_baseblocks_v2_1/hdl/verilog/generic_baseblocks_v2_1_comparator_static.v
Duplicated file found; will not be sent for synthesis: /home/tage/DegreeProject/Zedboard/NoC2xD/NoC2x2_100KHz_c1_D/NoC2x2_100KHz_AltenDemo_c1_D.srcs/sources_1/bd/BD/ipshared/xilinx.com/generic_baseblocks_v2_1/hdl/verilog/generic_baseblocks_v2_1_comparator.v
Duplicated file found; will not be sent for synthesis: /home/tage/DegreeProject/Zedboard/NoC2xD/NoC2x2_100KHz_c1_D/NoC2x2_100KHz_AltenDemo_c1_D.srcs/sources_1/bd/BD/ipshared/xilinx.com/generic_baseblocks_v2_1/hdl/verilog/generic_baseblocks_v2_1_mux_enc.v
Duplicated file found; will not be sent for synthesis: /home/tage/DegreeProject/Zedboard/NoC2xD/NoC2x2_100KHz_c1_D/NoC2x2_100KHz_AltenDemo_c1_D.srcs/sources_1/bd/BD/ipshared/xilinx.com/generic_baseblocks_v2_1/hdl/verilog/generic_baseblocks_v2_1_mux.v
Duplicated file found; will not be sent for synthesis: /home/tage/DegreeProject/Zedboard/NoC2xD/NoC2x2_100KHz_c1_D/NoC2x2_100KHz_AltenDemo_c1_D.srcs/sources_1/bd/BD/ipshared/xilinx.com/generic_baseblocks_v2_1/hdl/verilog/generic_baseblocks_v2_1_nto1_mux.v
Duplicated file found; will not be sent for synthesis: /home/tage/DegreeProject/Zedboard/NoC2xD/NoC2x2_100KHz_c1_D/NoC2x2_100KHz_AltenDemo_c1_D.srcs/sources_1/bd/BD/ipshared/xilinx.com/axi_infrastructure_v1_1/hdl/verilog/axi_infrastructure_v1_1_0_header.vh
Duplicated file found; will not be sent for synthesis: /home/tage/DegreeProject/Zedboard/NoC2xD/NoC2x2_100KHz_c1_D/NoC2x2_100KHz_AltenDemo_c1_D.srcs/sources_1/bd/BD/ipshared/xilinx.com/axi_infrastructure_v1_1/hdl/verilog/axi_infrastructure_v1_1_axi2vector.v
Duplicated file found; will not be sent for synthesis: /home/tage/DegreeProject/Zedboard/NoC2xD/NoC2x2_100KHz_c1_D/NoC2x2_100KHz_AltenDemo_c1_D.srcs/sources_1/bd/BD/ipshared/xilinx.com/axi_infrastructure_v1_1/hdl/verilog/axi_infrastructure_v1_1_axic_srl_fifo.v
Duplicated file found; will not be sent for synthesis: /home/tage/DegreeProject/Zedboard/NoC2xD/NoC2x2_100KHz_c1_D/NoC2x2_100KHz_AltenDemo_c1_D.srcs/sources_1/bd/BD/ipshared/xilinx.com/axi_infrastructure_v1_1/hdl/verilog/axi_infrastructure_v1_1_vector2axi.v
Duplicated file found; will not be sent for synthesis: /home/tage/DegreeProject/Zedboard/NoC2xD/NoC2x2_100KHz_c1_D/NoC2x2_100KHz_AltenDemo_c1_D.srcs/sources_1/bd/BD/ipshared/xilinx.com/axi_register_slice_v2_1/hdl/verilog/axi_register_slice_v2_1_axic_register_slice.v
Duplicated file found; will not be sent for synthesis: /home/tage/DegreeProject/Zedboard/NoC2xD/NoC2x2_100KHz_c1_D/NoC2x2_100KHz_AltenDemo_c1_D.srcs/sources_1/bd/BD/ipshared/xilinx.com/axi_register_slice_v2_1/hdl/verilog/axi_register_slice_v2_1_axi_register_slice.v
Duplicated file found; will not be sent for synthesis: /home/tage/DegreeProject/Zedboard/NoC2xD/NoC2x2_100KHz_c1_D/NoC2x2_100KHz_AltenDemo_c1_D.srcs/sources_1/bd/BD/ipshared/xilinx.com/axi_data_fifo_v2_1/hdl/verilog/axi_data_fifo_v2_1_axic_fifo.v
Duplicated file found; will not be sent for synthesis: /home/tage/DegreeProject/Zedboard/NoC2xD/NoC2x2_100KHz_c1_D/NoC2x2_100KHz_AltenDemo_c1_D.srcs/sources_1/bd/BD/ipshared/xilinx.com/axi_data_fifo_v2_1/hdl/verilog/axi_data_fifo_v2_1_fifo_gen.v
Duplicated file found; will not be sent for synthesis: /home/tage/DegreeProject/Zedboard/NoC2xD/NoC2x2_100KHz_c1_D/NoC2x2_100KHz_AltenDemo_c1_D.srcs/sources_1/bd/BD/ipshared/xilinx.com/axi_data_fifo_v2_1/hdl/verilog/axi_data_fifo_v2_1_axic_srl_fifo.v
Duplicated file found; will not be sent for synthesis: /home/tage/DegreeProject/Zedboard/NoC2xD/NoC2x2_100KHz_c1_D/NoC2x2_100KHz_AltenDemo_c1_D.srcs/sources_1/bd/BD/ipshared/xilinx.com/axi_data_fifo_v2_1/hdl/verilog/axi_data_fifo_v2_1_axic_reg_srl_fifo.v
Duplicated file found; will not be sent for synthesis: /home/tage/DegreeProject/Zedboard/NoC2xD/NoC2x2_100KHz_c1_D/NoC2x2_100KHz_AltenDemo_c1_D.srcs/sources_1/bd/BD/ipshared/xilinx.com/axi_data_fifo_v2_1/hdl/verilog/axi_data_fifo_v2_1_ndeep_srl.v
Duplicated file found; will not be sent for synthesis: /home/tage/DegreeProject/Zedboard/NoC2xD/NoC2x2_100KHz_c1_D/NoC2x2_100KHz_AltenDemo_c1_D.srcs/sources_1/bd/BD/ipshared/xilinx.com/axi_data_fifo_v2_1/hdl/verilog/axi_data_fifo_v2_1_axi_data_fifo.v
Duplicated file found; will not be sent for synthesis: /home/tage/DegreeProject/Zedboard/NoC2xD/NoC2x2_100KHz_c1_D/NoC2x2_100KHz_AltenDemo_c1_D.srcs/sources_1/bd/BD/ipshared/xilinx.com/axi_crossbar_v2_1/hdl/verilog/axi_crossbar_v2_1_addr_arbiter_sasd.v
Duplicated file found; will not be sent for synthesis: /home/tage/DegreeProject/Zedboard/NoC2xD/NoC2x2_100KHz_c1_D/NoC2x2_100KHz_AltenDemo_c1_D.srcs/sources_1/bd/BD/ipshared/xilinx.com/axi_crossbar_v2_1/hdl/verilog/axi_crossbar_v2_1_addr_arbiter.v
Duplicated file found; will not be sent for synthesis: /home/tage/DegreeProject/Zedboard/NoC2xD/NoC2x2_100KHz_c1_D/NoC2x2_100KHz_AltenDemo_c1_D.srcs/sources_1/bd/BD/ipshared/xilinx.com/axi_crossbar_v2_1/hdl/verilog/axi_crossbar_v2_1_addr_decoder.v
Duplicated file found; will not be sent for synthesis: /home/tage/DegreeProject/Zedboard/NoC2xD/NoC2x2_100KHz_c1_D/NoC2x2_100KHz_AltenDemo_c1_D.srcs/sources_1/bd/BD/ipshared/xilinx.com/axi_crossbar_v2_1/hdl/verilog/axi_crossbar_v2_1_arbiter_resp.v
Duplicated file found; will not be sent for synthesis: /home/tage/DegreeProject/Zedboard/NoC2xD/NoC2x2_100KHz_c1_D/NoC2x2_100KHz_AltenDemo_c1_D.srcs/sources_1/bd/BD/ipshared/xilinx.com/axi_crossbar_v2_1/hdl/verilog/axi_crossbar_v2_1_crossbar_sasd.v
Duplicated file found; will not be sent for synthesis: /home/tage/DegreeProject/Zedboard/NoC2xD/NoC2x2_100KHz_c1_D/NoC2x2_100KHz_AltenDemo_c1_D.srcs/sources_1/bd/BD/ipshared/xilinx.com/axi_crossbar_v2_1/hdl/verilog/axi_crossbar_v2_1_crossbar.v
Duplicated file found; will not be sent for synthesis: /home/tage/DegreeProject/Zedboard/NoC2xD/NoC2x2_100KHz_c1_D/NoC2x2_100KHz_AltenDemo_c1_D.srcs/sources_1/bd/BD/ipshared/xilinx.com/axi_crossbar_v2_1/hdl/verilog/axi_crossbar_v2_1_decerr_slave.v
Duplicated file found; will not be sent for synthesis: /home/tage/DegreeProject/Zedboard/NoC2xD/NoC2x2_100KHz_c1_D/NoC2x2_100KHz_AltenDemo_c1_D.srcs/sources_1/bd/BD/ipshared/xilinx.com/axi_crossbar_v2_1/hdl/verilog/axi_crossbar_v2_1_si_transactor.v
Duplicated file found; will not be sent for synthesis: /home/tage/DegreeProject/Zedboard/NoC2xD/NoC2x2_100KHz_c1_D/NoC2x2_100KHz_AltenDemo_c1_D.srcs/sources_1/bd/BD/ipshared/xilinx.com/axi_crossbar_v2_1/hdl/verilog/axi_crossbar_v2_1_splitter.v
Duplicated file found; will not be sent for synthesis: /home/tage/DegreeProject/Zedboard/NoC2xD/NoC2x2_100KHz_c1_D/NoC2x2_100KHz_AltenDemo_c1_D.srcs/sources_1/bd/BD/ipshared/xilinx.com/axi_crossbar_v2_1/hdl/verilog/axi_crossbar_v2_1_wdata_mux.v
Duplicated file found; will not be sent for synthesis: /home/tage/DegreeProject/Zedboard/NoC2xD/NoC2x2_100KHz_c1_D/NoC2x2_100KHz_AltenDemo_c1_D.srcs/sources_1/bd/BD/ipshared/xilinx.com/axi_crossbar_v2_1/hdl/verilog/axi_crossbar_v2_1_wdata_router.v
Duplicated file found; will not be sent for synthesis: /home/tage/DegreeProject/Zedboard/NoC2xD/NoC2x2_100KHz_c1_D/NoC2x2_100KHz_AltenDemo_c1_D.srcs/sources_1/bd/BD/ipshared/xilinx.com/axi_crossbar_v2_1/hdl/verilog/axi_crossbar_v2_1_axi_crossbar.v
Duplicated file found; will not be sent for synthesis: /home/tage/DegreeProject/Zedboard/NoC2xD/NoC2x2_100KHz_c1_D/NoC2x2_100KHz_AltenDemo_c1_D.srcs/sources_1/bd/BD/ipshared/xilinx.com/blk_mem_gen_v8_3/hdl/blk_mem_gen_v8_3_vhsyn_rfs.vhd
Duplicated file found; will not be sent for synthesis: /home/tage/DegreeProject/Zedboard/NoC2xD/NoC2x2_100KHz_c1_D/NoC2x2_100KHz_AltenDemo_c1_D.srcs/sources_1/bd/BD/ipshared/xilinx.com/blk_mem_gen_v8_3/hdl/blk_mem_gen_v8_3.vhd
Duplicated file found; will not be sent for synthesis: /home/tage/DegreeProject/Zedboard/NoC2xD/NoC2x2_100KHz_c1_D/NoC2x2_100KHz_AltenDemo_c1_D.srcs/sources_1/bd/BD/ipshared/xilinx.com/fifo_generator_v13_0/hdl/fifo_generator_v13_0_vhsyn_rfs.vhd
Duplicated file found; will not be sent for synthesis: /home/tage/DegreeProject/Zedboard/NoC2xD/NoC2x2_100KHz_c1_D/NoC2x2_100KHz_AltenDemo_c1_D.srcs/sources_1/bd/BD/ipshared/xilinx.com/fifo_generator_v13_0/hdl/fifo_generator_v13_0.vhd
Duplicated file found; will not be sent for synthesis: /home/tage/DegreeProject/Zedboard/NoC2xD/NoC2x2_100KHz_c1_D/NoC2x2_100KHz_AltenDemo_c1_D.srcs/sources_1/bd/BD/ipshared/xilinx.com/microblaze_v9_5/hdl/microblaze_v9_5_vh_rfs.vhd
Duplicated file found; will not be sent for synthesis: /home/tage/DegreeProject/Zedboard/NoC2xD/NoC2x2_100KHz_c1_D/NoC2x2_100KHz_AltenDemo_c1_D.srcs/sources_1/bd/BD/ipshared/kth.se/kth_axi_rni_static_c1_v1_0/hdl/family_support.vhd
Duplicated file found; will not be sent for synthesis: /home/tage/DegreeProject/Zedboard/NoC2xD/NoC2x2_100KHz_c1_D/NoC2x2_100KHz_AltenDemo_c1_D.srcs/sources_1/bd/BD/ipshared/kth.se/kth_axi_rni_static_c1_v1_0/hdl/proc_common_pkg.vhd
Duplicated file found; will not be sent for synthesis: /home/tage/DegreeProject/Zedboard/NoC2xD/NoC2x2_100KHz_c1_D/NoC2x2_100KHz_AltenDemo_c1_D.srcs/sources_1/bd/BD/ipshared/kth.se/kth_axi_rni_static_c1_v1_0/hdl/pselect_f.vhd
Duplicated file found; will not be sent for synthesis: /home/tage/DegreeProject/Zedboard/NoC2xD/NoC2x2_100KHz_c1_D/NoC2x2_100KHz_AltenDemo_c1_D.srcs/sources_1/bd/BD/ipshared/kth.se/kth_axi_rni_static_c1_v1_0/hdl/NoC_3D_parallel_package.vhd
Duplicated file found; will not be sent for synthesis: /home/tage/DegreeProject/Zedboard/NoC2xD/NoC2x2_100KHz_c1_D/NoC2x2_100KHz_AltenDemo_c1_D.srcs/sources_1/bd/BD/ipshared/kth.se/kth_axi_rni_static_c1_v1_0/hdl/ipif_pkg.vhd
Duplicated file found; will not be sent for synthesis: /home/tage/DegreeProject/Zedboard/NoC2xD/NoC2x2_100KHz_c1_D/NoC2x2_100KHz_AltenDemo_c1_D.srcs/sources_1/bd/BD/ipshared/kth.se/kth_axi_rni_static_c1_v1_0/hdl/NoC_3D_SW_configuration_package.vhd
Duplicated file found; will not be sent for synthesis: /home/tage/DegreeProject/Zedboard/NoC2xD/NoC2x2_100KHz_c1_D/NoC2x2_100KHz_AltenDemo_c1_D.srcs/sources_1/bd/BD/ipshared/kth.se/kth_axi_rni_static_c1_v1_0/hdl/address_decoder.vhd
Duplicated file found; will not be sent for synthesis: /home/tage/DegreeProject/Zedboard/NoC2xD/NoC2x2_100KHz_c1_D/NoC2x2_100KHz_AltenDemo_c1_D.srcs/sources_1/bd/BD/ipshared/kth.se/kth_axi_rni_static_c1_v1_0/hdl/rni_memory.vhd
Duplicated file found; will not be sent for synthesis: /home/tage/DegreeProject/Zedboard/NoC2xD/NoC2x2_100KHz_c1_D/NoC2x2_100KHz_AltenDemo_c1_D.srcs/sources_1/bd/BD/ipshared/kth.se/kth_axi_rni_static_c1_v1_0/hdl/rni_memory_64_32.vhd
Duplicated file found; will not be sent for synthesis: /home/tage/DegreeProject/Zedboard/NoC2xD/NoC2x2_100KHz_c1_D/NoC2x2_100KHz_AltenDemo_c1_D.srcs/sources_1/bd/BD/ipshared/kth.se/kth_axi_rni_static_c1_v1_0/hdl/generic_interface_to_noc_static.vhd
Duplicated file found; will not be sent for synthesis: /home/tage/DegreeProject/Zedboard/NoC2xD/NoC2x2_100KHz_c1_D/NoC2x2_100KHz_AltenDemo_c1_D.srcs/sources_1/bd/BD/ipshared/kth.se/kth_axi_rni_static_c1_v1_0/hdl/slave_attachment.vhd
Duplicated file found; will not be sent for synthesis: /home/tage/DegreeProject/Zedboard/NoC2xD/NoC2x2_100KHz_c1_D/NoC2x2_100KHz_AltenDemo_c1_D.srcs/sources_1/bd/BD/ipshared/kth.se/kth_axi_rni_static_c1_v1_0/hdl/kth_generic_rni_static.vhd
Duplicated file found; will not be sent for synthesis: /home/tage/DegreeProject/Zedboard/NoC2xD/NoC2x2_100KHz_c1_D/NoC2x2_100KHz_AltenDemo_c1_D.srcs/sources_1/bd/BD/ipshared/kth.se/kth_axi_rni_static_c1_v1_0/hdl/axi_lite_ipif.vhd
Duplicated file found; will not be sent for synthesis: /home/tage/DegreeProject/Zedboard/NoC2xD/NoC2x2_100KHz_c1_D/NoC2x2_100KHz_AltenDemo_c1_D.srcs/sources_1/bd/BD/ipshared/kth.se/kth_axi_rni_static_c1_v1_0/hdl/kth_axi_rni_static.vhd
Duplicated file found; will not be sent for synthesis: /home/tage/DegreeProject/Zedboard/NoC2xD/NoC2x2_100KHz_c1_D/NoC2x2_100KHz_AltenDemo_c1_D.srcs/sources_1/bd/BD/ipshared/kth.se/kth_axi_rni_static_c1_v1_0/hdl/kth_axi_rni_static_v1_0.vhd
Duplicated file found; will not be sent for synthesis: /home/tage/DegreeProject/Zedboard/NoC2xD/NoC2x2_100KHz_c1_D/NoC2x2_100KHz_AltenDemo_c1_D.srcs/sources_1/bd/BD/ipshared/xilinx.com/axi_lite_ipif_v3_0/hdl/src/vhdl/ipif_pkg.vhd
Duplicated file found; will not be sent for synthesis: /home/tage/DegreeProject/Zedboard/NoC2xD/NoC2x2_100KHz_c1_D/NoC2x2_100KHz_AltenDemo_c1_D.srcs/sources_1/bd/BD/ipshared/xilinx.com/axi_lite_ipif_v3_0/hdl/src/vhdl/pselect_f.vhd
Duplicated file found; will not be sent for synthesis: /home/tage/DegreeProject/Zedboard/NoC2xD/NoC2x2_100KHz_c1_D/NoC2x2_100KHz_AltenDemo_c1_D.srcs/sources_1/bd/BD/ipshared/xilinx.com/axi_lite_ipif_v3_0/hdl/src/vhdl/address_decoder.vhd
Duplicated file found; will not be sent for synthesis: /home/tage/DegreeProject/Zedboard/NoC2xD/NoC2x2_100KHz_c1_D/NoC2x2_100KHz_AltenDemo_c1_D.srcs/sources_1/bd/BD/ipshared/xilinx.com/axi_lite_ipif_v3_0/hdl/src/vhdl/slave_attachment.vhd
Duplicated file found; will not be sent for synthesis: /home/tage/DegreeProject/Zedboard/NoC2xD/NoC2x2_100KHz_c1_D/NoC2x2_100KHz_AltenDemo_c1_D.srcs/sources_1/bd/BD/ipshared/xilinx.com/axi_lite_ipif_v3_0/hdl/src/vhdl/axi_lite_ipif.vhd
Duplicated file found; will not be sent for synthesis: /home/tage/DegreeProject/Zedboard/NoC2xD/NoC2x2_100KHz_c1_D/NoC2x2_100KHz_AltenDemo_c1_D.srcs/sources_1/bd/BD/ipshared/xilinx.com/lib_cdc_v1_0/hdl/src/vhdl/cdc_sync.vhd
Duplicated file found; will not be sent for synthesis: /home/tage/DegreeProject/Zedboard/NoC2xD/NoC2x2_100KHz_c1_D/NoC2x2_100KHz_AltenDemo_c1_D.srcs/sources_1/bd/BD/ipshared/xilinx.com/interrupt_control_v3_1/hdl/src/vhdl/interrupt_control.vhd
Duplicated file found; will not be sent for synthesis: /home/tage/DegreeProject/Zedboard/NoC2xD/NoC2x2_100KHz_c1_D/NoC2x2_100KHz_AltenDemo_c1_D.srcs/sources_1/bd/BD/ipshared/xilinx.com/axi_gpio_v2_0/hdl/src/vhdl/gpio_core.vhd
Duplicated file found; will not be sent for synthesis: /home/tage/DegreeProject/Zedboard/NoC2xD/NoC2x2_100KHz_c1_D/NoC2x2_100KHz_AltenDemo_c1_D.srcs/sources_1/bd/BD/ipshared/xilinx.com/axi_gpio_v2_0/hdl/src/vhdl/axi_gpio.vhd
Duplicated file found; will not be sent for synthesis: /home/tage/DegreeProject/Zedboard/NoC2xD/NoC2x2_100KHz_c1_D/NoC2x2_100KHz_AltenDemo_c1_D.srcs/sources_1/bd/BD/ipshared/xilinx.com/lmb_v10_v3_0/hdl/vhdl/lmb_v10.vhd
Duplicated file found; will not be sent for synthesis: /home/tage/DegreeProject/Zedboard/NoC2xD/NoC2x2_100KHz_c1_D/NoC2x2_100KHz_AltenDemo_c1_D.srcs/sources_1/bd/BD/ipshared/xilinx.com/lmb_v10_v3_0/hdl/vhdl/lmb_v10.vhd
Duplicated file found; will not be sent for synthesis: /home/tage/DegreeProject/Zedboard/NoC2xD/NoC2x2_100KHz_c1_D/NoC2x2_100KHz_AltenDemo_c1_D.srcs/sources_1/bd/BD/ipshared/xilinx.com/lmb_bram_if_cntlr_v4_0/hdl/vhdl/lmb_bram_if_funcs.vhd
Duplicated file found; will not be sent for synthesis: /home/tage/DegreeProject/Zedboard/NoC2xD/NoC2x2_100KHz_c1_D/NoC2x2_100KHz_AltenDemo_c1_D.srcs/sources_1/bd/BD/ipshared/xilinx.com/lmb_bram_if_cntlr_v4_0/hdl/vhdl/lmb_bram_if_primitives.vhd
Duplicated file found; will not be sent for synthesis: /home/tage/DegreeProject/Zedboard/NoC2xD/NoC2x2_100KHz_c1_D/NoC2x2_100KHz_AltenDemo_c1_D.srcs/sources_1/bd/BD/ipshared/xilinx.com/lmb_bram_if_cntlr_v4_0/hdl/vhdl/xor18.vhd
Duplicated file found; will not be sent for synthesis: /home/tage/DegreeProject/Zedboard/NoC2xD/NoC2x2_100KHz_c1_D/NoC2x2_100KHz_AltenDemo_c1_D.srcs/sources_1/bd/BD/ipshared/xilinx.com/lmb_bram_if_cntlr_v4_0/hdl/vhdl/parity.vhd
Duplicated file found; will not be sent for synthesis: /home/tage/DegreeProject/Zedboard/NoC2xD/NoC2x2_100KHz_c1_D/NoC2x2_100KHz_AltenDemo_c1_D.srcs/sources_1/bd/BD/ipshared/xilinx.com/lmb_bram_if_cntlr_v4_0/hdl/vhdl/parityenable.vhd
Duplicated file found; will not be sent for synthesis: /home/tage/DegreeProject/Zedboard/NoC2xD/NoC2x2_100KHz_c1_D/NoC2x2_100KHz_AltenDemo_c1_D.srcs/sources_1/bd/BD/ipshared/xilinx.com/lmb_bram_if_cntlr_v4_0/hdl/vhdl/checkbit_handler.vhd
Duplicated file found; will not be sent for synthesis: /home/tage/DegreeProject/Zedboard/NoC2xD/NoC2x2_100KHz_c1_D/NoC2x2_100KHz_AltenDemo_c1_D.srcs/sources_1/bd/BD/ipshared/xilinx.com/lmb_bram_if_cntlr_v4_0/hdl/vhdl/correct_one_bit.vhd
Duplicated file found; will not be sent for synthesis: /home/tage/DegreeProject/Zedboard/NoC2xD/NoC2x2_100KHz_c1_D/NoC2x2_100KHz_AltenDemo_c1_D.srcs/sources_1/bd/BD/ipshared/xilinx.com/lmb_bram_if_cntlr_v4_0/hdl/vhdl/pselect.vhd
Duplicated file found; will not be sent for synthesis: /home/tage/DegreeProject/Zedboard/NoC2xD/NoC2x2_100KHz_c1_D/NoC2x2_100KHz_AltenDemo_c1_D.srcs/sources_1/bd/BD/ipshared/xilinx.com/lmb_bram_if_cntlr_v4_0/hdl/vhdl/pselect_mask.vhd
Duplicated file found; will not be sent for synthesis: /home/tage/DegreeProject/Zedboard/NoC2xD/NoC2x2_100KHz_c1_D/NoC2x2_100KHz_AltenDemo_c1_D.srcs/sources_1/bd/BD/ipshared/xilinx.com/lmb_bram_if_cntlr_v4_0/hdl/vhdl/axi_interface.vhd
Duplicated file found; will not be sent for synthesis: /home/tage/DegreeProject/Zedboard/NoC2xD/NoC2x2_100KHz_c1_D/NoC2x2_100KHz_AltenDemo_c1_D.srcs/sources_1/bd/BD/ipshared/xilinx.com/lmb_bram_if_cntlr_v4_0/hdl/vhdl/lmb_mux.vhd
Duplicated file found; will not be sent for synthesis: /home/tage/DegreeProject/Zedboard/NoC2xD/NoC2x2_100KHz_c1_D/NoC2x2_100KHz_AltenDemo_c1_D.srcs/sources_1/bd/BD/ipshared/xilinx.com/lmb_bram_if_cntlr_v4_0/hdl/vhdl/lmb_bram_if_cntlr.vhd
Duplicated file found; will not be sent for synthesis: /home/tage/DegreeProject/Zedboard/NoC2xD/NoC2x2_100KHz_c1_D/NoC2x2_100KHz_AltenDemo_c1_D.srcs/sources_1/bd/BD/ipshared/xilinx.com/lmb_bram_if_cntlr_v4_0/hdl/vhdl/lmb_bram_if_funcs.vhd
Duplicated file found; will not be sent for synthesis: /home/tage/DegreeProject/Zedboard/NoC2xD/NoC2x2_100KHz_c1_D/NoC2x2_100KHz_AltenDemo_c1_D.srcs/sources_1/bd/BD/ipshared/xilinx.com/lmb_bram_if_cntlr_v4_0/hdl/vhdl/lmb_bram_if_primitives.vhd
Duplicated file found; will not be sent for synthesis: /home/tage/DegreeProject/Zedboard/NoC2xD/NoC2x2_100KHz_c1_D/NoC2x2_100KHz_AltenDemo_c1_D.srcs/sources_1/bd/BD/ipshared/xilinx.com/lmb_bram_if_cntlr_v4_0/hdl/vhdl/xor18.vhd
Duplicated file found; will not be sent for synthesis: /home/tage/DegreeProject/Zedboard/NoC2xD/NoC2x2_100KHz_c1_D/NoC2x2_100KHz_AltenDemo_c1_D.srcs/sources_1/bd/BD/ipshared/xilinx.com/lmb_bram_if_cntlr_v4_0/hdl/vhdl/parity.vhd
Duplicated file found; will not be sent for synthesis: /home/tage/DegreeProject/Zedboard/NoC2xD/NoC2x2_100KHz_c1_D/NoC2x2_100KHz_AltenDemo_c1_D.srcs/sources_1/bd/BD/ipshared/xilinx.com/lmb_bram_if_cntlr_v4_0/hdl/vhdl/parityenable.vhd
Duplicated file found; will not be sent for synthesis: /home/tage/DegreeProject/Zedboard/NoC2xD/NoC2x2_100KHz_c1_D/NoC2x2_100KHz_AltenDemo_c1_D.srcs/sources_1/bd/BD/ipshared/xilinx.com/lmb_bram_if_cntlr_v4_0/hdl/vhdl/checkbit_handler.vhd
Duplicated file found; will not be sent for synthesis: /home/tage/DegreeProject/Zedboard/NoC2xD/NoC2x2_100KHz_c1_D/NoC2x2_100KHz_AltenDemo_c1_D.srcs/sources_1/bd/BD/ipshared/xilinx.com/lmb_bram_if_cntlr_v4_0/hdl/vhdl/correct_one_bit.vhd
Duplicated file found; will not be sent for synthesis: /home/tage/DegreeProject/Zedboard/NoC2xD/NoC2x2_100KHz_c1_D/NoC2x2_100KHz_AltenDemo_c1_D.srcs/sources_1/bd/BD/ipshared/xilinx.com/lmb_bram_if_cntlr_v4_0/hdl/vhdl/pselect.vhd
Duplicated file found; will not be sent for synthesis: /home/tage/DegreeProject/Zedboard/NoC2xD/NoC2x2_100KHz_c1_D/NoC2x2_100KHz_AltenDemo_c1_D.srcs/sources_1/bd/BD/ipshared/xilinx.com/lmb_bram_if_cntlr_v4_0/hdl/vhdl/pselect_mask.vhd
Duplicated file found; will not be sent for synthesis: /home/tage/DegreeProject/Zedboard/NoC2xD/NoC2x2_100KHz_c1_D/NoC2x2_100KHz_AltenDemo_c1_D.srcs/sources_1/bd/BD/ipshared/xilinx.com/lmb_bram_if_cntlr_v4_0/hdl/vhdl/axi_interface.vhd
Duplicated file found; will not be sent for synthesis: /home/tage/DegreeProject/Zedboard/NoC2xD/NoC2x2_100KHz_c1_D/NoC2x2_100KHz_AltenDemo_c1_D.srcs/sources_1/bd/BD/ipshared/xilinx.com/lmb_bram_if_cntlr_v4_0/hdl/vhdl/lmb_mux.vhd
Duplicated file found; will not be sent for synthesis: /home/tage/DegreeProject/Zedboard/NoC2xD/NoC2x2_100KHz_c1_D/NoC2x2_100KHz_AltenDemo_c1_D.srcs/sources_1/bd/BD/ipshared/xilinx.com/lmb_bram_if_cntlr_v4_0/hdl/vhdl/lmb_bram_if_cntlr.vhd
Duplicated file found; will not be sent for synthesis: /home/tage/DegreeProject/Zedboard/NoC2xD/NoC2x2_100KHz_c1_D/NoC2x2_100KHz_AltenDemo_c1_D.srcs/sources_1/bd/BD/ipshared/xilinx.com/blk_mem_gen_v8_3/hdl/blk_mem_gen_v8_3_vhsyn_rfs.vhd
Duplicated file found; will not be sent for synthesis: /home/tage/DegreeProject/Zedboard/NoC2xD/NoC2x2_100KHz_c1_D/NoC2x2_100KHz_AltenDemo_c1_D.srcs/sources_1/bd/BD/ipshared/xilinx.com/blk_mem_gen_v8_3/hdl/blk_mem_gen_v8_3.vhd
Duplicated file found; will not be sent for synthesis: /home/tage/DegreeProject/Zedboard/NoC2xD/NoC2x2_100KHz_c1_D/NoC2x2_100KHz_AltenDemo_c1_D.srcs/sources_1/bd/BD/ipshared/xilinx.com/generic_baseblocks_v2_1/hdl/verilog/generic_baseblocks_v2_1_carry_and.v
Duplicated file found; will not be sent for synthesis: /home/tage/DegreeProject/Zedboard/NoC2xD/NoC2x2_100KHz_c1_D/NoC2x2_100KHz_AltenDemo_c1_D.srcs/sources_1/bd/BD/ipshared/xilinx.com/generic_baseblocks_v2_1/hdl/verilog/generic_baseblocks_v2_1_carry_latch_and.v
Duplicated file found; will not be sent for synthesis: /home/tage/DegreeProject/Zedboard/NoC2xD/NoC2x2_100KHz_c1_D/NoC2x2_100KHz_AltenDemo_c1_D.srcs/sources_1/bd/BD/ipshared/xilinx.com/generic_baseblocks_v2_1/hdl/verilog/generic_baseblocks_v2_1_carry_latch_or.v
Duplicated file found; will not be sent for synthesis: /home/tage/DegreeProject/Zedboard/NoC2xD/NoC2x2_100KHz_c1_D/NoC2x2_100KHz_AltenDemo_c1_D.srcs/sources_1/bd/BD/ipshared/xilinx.com/generic_baseblocks_v2_1/hdl/verilog/generic_baseblocks_v2_1_carry_or.v
Duplicated file found; will not be sent for synthesis: /home/tage/DegreeProject/Zedboard/NoC2xD/NoC2x2_100KHz_c1_D/NoC2x2_100KHz_AltenDemo_c1_D.srcs/sources_1/bd/BD/ipshared/xilinx.com/generic_baseblocks_v2_1/hdl/verilog/generic_baseblocks_v2_1_carry.v
Duplicated file found; will not be sent for synthesis: /home/tage/DegreeProject/Zedboard/NoC2xD/NoC2x2_100KHz_c1_D/NoC2x2_100KHz_AltenDemo_c1_D.srcs/sources_1/bd/BD/ipshared/xilinx.com/generic_baseblocks_v2_1/hdl/verilog/generic_baseblocks_v2_1_command_fifo.v
Duplicated file found; will not be sent for synthesis: /home/tage/DegreeProject/Zedboard/NoC2xD/NoC2x2_100KHz_c1_D/NoC2x2_100KHz_AltenDemo_c1_D.srcs/sources_1/bd/BD/ipshared/xilinx.com/generic_baseblocks_v2_1/hdl/verilog/generic_baseblocks_v2_1_comparator_mask_static.v
Duplicated file found; will not be sent for synthesis: /home/tage/DegreeProject/Zedboard/NoC2xD/NoC2x2_100KHz_c1_D/NoC2x2_100KHz_AltenDemo_c1_D.srcs/sources_1/bd/BD/ipshared/xilinx.com/generic_baseblocks_v2_1/hdl/verilog/generic_baseblocks_v2_1_comparator_mask.v
Duplicated file found; will not be sent for synthesis: /home/tage/DegreeProject/Zedboard/NoC2xD/NoC2x2_100KHz_c1_D/NoC2x2_100KHz_AltenDemo_c1_D.srcs/sources_1/bd/BD/ipshared/xilinx.com/generic_baseblocks_v2_1/hdl/verilog/generic_baseblocks_v2_1_comparator_sel_mask_static.v
Duplicated file found; will not be sent for synthesis: /home/tage/DegreeProject/Zedboard/NoC2xD/NoC2x2_100KHz_c1_D/NoC2x2_100KHz_AltenDemo_c1_D.srcs/sources_1/bd/BD/ipshared/xilinx.com/generic_baseblocks_v2_1/hdl/verilog/generic_baseblocks_v2_1_comparator_sel_mask.v
Duplicated file found; will not be sent for synthesis: /home/tage/DegreeProject/Zedboard/NoC2xD/NoC2x2_100KHz_c1_D/NoC2x2_100KHz_AltenDemo_c1_D.srcs/sources_1/bd/BD/ipshared/xilinx.com/generic_baseblocks_v2_1/hdl/verilog/generic_baseblocks_v2_1_comparator_sel_static.v
Duplicated file found; will not be sent for synthesis: /home/tage/DegreeProject/Zedboard/NoC2xD/NoC2x2_100KHz_c1_D/NoC2x2_100KHz_AltenDemo_c1_D.srcs/sources_1/bd/BD/ipshared/xilinx.com/generic_baseblocks_v2_1/hdl/verilog/generic_baseblocks_v2_1_comparator_sel.v
Duplicated file found; will not be sent for synthesis: /home/tage/DegreeProject/Zedboard/NoC2xD/NoC2x2_100KHz_c1_D/NoC2x2_100KHz_AltenDemo_c1_D.srcs/sources_1/bd/BD/ipshared/xilinx.com/generic_baseblocks_v2_1/hdl/verilog/generic_baseblocks_v2_1_comparator_static.v
Duplicated file found; will not be sent for synthesis: /home/tage/DegreeProject/Zedboard/NoC2xD/NoC2x2_100KHz_c1_D/NoC2x2_100KHz_AltenDemo_c1_D.srcs/sources_1/bd/BD/ipshared/xilinx.com/generic_baseblocks_v2_1/hdl/verilog/generic_baseblocks_v2_1_comparator.v
Duplicated file found; will not be sent for synthesis: /home/tage/DegreeProject/Zedboard/NoC2xD/NoC2x2_100KHz_c1_D/NoC2x2_100KHz_AltenDemo_c1_D.srcs/sources_1/bd/BD/ipshared/xilinx.com/generic_baseblocks_v2_1/hdl/verilog/generic_baseblocks_v2_1_mux_enc.v
Duplicated file found; will not be sent for synthesis: /home/tage/DegreeProject/Zedboard/NoC2xD/NoC2x2_100KHz_c1_D/NoC2x2_100KHz_AltenDemo_c1_D.srcs/sources_1/bd/BD/ipshared/xilinx.com/generic_baseblocks_v2_1/hdl/verilog/generic_baseblocks_v2_1_mux.v
Duplicated file found; will not be sent for synthesis: /home/tage/DegreeProject/Zedboard/NoC2xD/NoC2x2_100KHz_c1_D/NoC2x2_100KHz_AltenDemo_c1_D.srcs/sources_1/bd/BD/ipshared/xilinx.com/generic_baseblocks_v2_1/hdl/verilog/generic_baseblocks_v2_1_nto1_mux.v
Duplicated file found; will not be sent for synthesis: /home/tage/DegreeProject/Zedboard/NoC2xD/NoC2x2_100KHz_c1_D/NoC2x2_100KHz_AltenDemo_c1_D.srcs/sources_1/bd/BD/ipshared/xilinx.com/axi_infrastructure_v1_1/hdl/verilog/axi_infrastructure_v1_1_0_header.vh
Duplicated file found; will not be sent for synthesis: /home/tage/DegreeProject/Zedboard/NoC2xD/NoC2x2_100KHz_c1_D/NoC2x2_100KHz_AltenDemo_c1_D.srcs/sources_1/bd/BD/ipshared/xilinx.com/axi_infrastructure_v1_1/hdl/verilog/axi_infrastructure_v1_1_axi2vector.v
Duplicated file found; will not be sent for synthesis: /home/tage/DegreeProject/Zedboard/NoC2xD/NoC2x2_100KHz_c1_D/NoC2x2_100KHz_AltenDemo_c1_D.srcs/sources_1/bd/BD/ipshared/xilinx.com/axi_infrastructure_v1_1/hdl/verilog/axi_infrastructure_v1_1_axic_srl_fifo.v
Duplicated file found; will not be sent for synthesis: /home/tage/DegreeProject/Zedboard/NoC2xD/NoC2x2_100KHz_c1_D/NoC2x2_100KHz_AltenDemo_c1_D.srcs/sources_1/bd/BD/ipshared/xilinx.com/axi_infrastructure_v1_1/hdl/verilog/axi_infrastructure_v1_1_vector2axi.v
Duplicated file found; will not be sent for synthesis: /home/tage/DegreeProject/Zedboard/NoC2xD/NoC2x2_100KHz_c1_D/NoC2x2_100KHz_AltenDemo_c1_D.srcs/sources_1/bd/BD/ipshared/xilinx.com/axi_register_slice_v2_1/hdl/verilog/axi_register_slice_v2_1_axic_register_slice.v
Duplicated file found; will not be sent for synthesis: /home/tage/DegreeProject/Zedboard/NoC2xD/NoC2x2_100KHz_c1_D/NoC2x2_100KHz_AltenDemo_c1_D.srcs/sources_1/bd/BD/ipshared/xilinx.com/axi_register_slice_v2_1/hdl/verilog/axi_register_slice_v2_1_axi_register_slice.v
Duplicated file found; will not be sent for synthesis: /home/tage/DegreeProject/Zedboard/NoC2xD/NoC2x2_100KHz_c1_D/NoC2x2_100KHz_AltenDemo_c1_D.srcs/sources_1/bd/BD/ipshared/xilinx.com/axi_data_fifo_v2_1/hdl/verilog/axi_data_fifo_v2_1_axic_fifo.v
Duplicated file found; will not be sent for synthesis: /home/tage/DegreeProject/Zedboard/NoC2xD/NoC2x2_100KHz_c1_D/NoC2x2_100KHz_AltenDemo_c1_D.srcs/sources_1/bd/BD/ipshared/xilinx.com/axi_data_fifo_v2_1/hdl/verilog/axi_data_fifo_v2_1_fifo_gen.v
Duplicated file found; will not be sent for synthesis: /home/tage/DegreeProject/Zedboard/NoC2xD/NoC2x2_100KHz_c1_D/NoC2x2_100KHz_AltenDemo_c1_D.srcs/sources_1/bd/BD/ipshared/xilinx.com/axi_data_fifo_v2_1/hdl/verilog/axi_data_fifo_v2_1_axic_srl_fifo.v
Duplicated file found; will not be sent for synthesis: /home/tage/DegreeProject/Zedboard/NoC2xD/NoC2x2_100KHz_c1_D/NoC2x2_100KHz_AltenDemo_c1_D.srcs/sources_1/bd/BD/ipshared/xilinx.com/axi_data_fifo_v2_1/hdl/verilog/axi_data_fifo_v2_1_axic_reg_srl_fifo.v
Duplicated file found; will not be sent for synthesis: /home/tage/DegreeProject/Zedboard/NoC2xD/NoC2x2_100KHz_c1_D/NoC2x2_100KHz_AltenDemo_c1_D.srcs/sources_1/bd/BD/ipshared/xilinx.com/axi_data_fifo_v2_1/hdl/verilog/axi_data_fifo_v2_1_ndeep_srl.v
Duplicated file found; will not be sent for synthesis: /home/tage/DegreeProject/Zedboard/NoC2xD/NoC2x2_100KHz_c1_D/NoC2x2_100KHz_AltenDemo_c1_D.srcs/sources_1/bd/BD/ipshared/xilinx.com/axi_data_fifo_v2_1/hdl/verilog/axi_data_fifo_v2_1_axi_data_fifo.v
Duplicated file found; will not be sent for synthesis: /home/tage/DegreeProject/Zedboard/NoC2xD/NoC2x2_100KHz_c1_D/NoC2x2_100KHz_AltenDemo_c1_D.srcs/sources_1/bd/BD/ipshared/xilinx.com/axi_crossbar_v2_1/hdl/verilog/axi_crossbar_v2_1_addr_arbiter_sasd.v
Duplicated file found; will not be sent for synthesis: /home/tage/DegreeProject/Zedboard/NoC2xD/NoC2x2_100KHz_c1_D/NoC2x2_100KHz_AltenDemo_c1_D.srcs/sources_1/bd/BD/ipshared/xilinx.com/axi_crossbar_v2_1/hdl/verilog/axi_crossbar_v2_1_addr_arbiter.v
Duplicated file found; will not be sent for synthesis: /home/tage/DegreeProject/Zedboard/NoC2xD/NoC2x2_100KHz_c1_D/NoC2x2_100KHz_AltenDemo_c1_D.srcs/sources_1/bd/BD/ipshared/xilinx.com/axi_crossbar_v2_1/hdl/verilog/axi_crossbar_v2_1_addr_decoder.v
Duplicated file found; will not be sent for synthesis: /home/tage/DegreeProject/Zedboard/NoC2xD/NoC2x2_100KHz_c1_D/NoC2x2_100KHz_AltenDemo_c1_D.srcs/sources_1/bd/BD/ipshared/xilinx.com/axi_crossbar_v2_1/hdl/verilog/axi_crossbar_v2_1_arbiter_resp.v
Duplicated file found; will not be sent for synthesis: /home/tage/DegreeProject/Zedboard/NoC2xD/NoC2x2_100KHz_c1_D/NoC2x2_100KHz_AltenDemo_c1_D.srcs/sources_1/bd/BD/ipshared/xilinx.com/axi_crossbar_v2_1/hdl/verilog/axi_crossbar_v2_1_crossbar_sasd.v
Duplicated file found; will not be sent for synthesis: /home/tage/DegreeProject/Zedboard/NoC2xD/NoC2x2_100KHz_c1_D/NoC2x2_100KHz_AltenDemo_c1_D.srcs/sources_1/bd/BD/ipshared/xilinx.com/axi_crossbar_v2_1/hdl/verilog/axi_crossbar_v2_1_crossbar.v
Duplicated file found; will not be sent for synthesis: /home/tage/DegreeProject/Zedboard/NoC2xD/NoC2x2_100KHz_c1_D/NoC2x2_100KHz_AltenDemo_c1_D.srcs/sources_1/bd/BD/ipshared/xilinx.com/axi_crossbar_v2_1/hdl/verilog/axi_crossbar_v2_1_decerr_slave.v
Duplicated file found; will not be sent for synthesis: /home/tage/DegreeProject/Zedboard/NoC2xD/NoC2x2_100KHz_c1_D/NoC2x2_100KHz_AltenDemo_c1_D.srcs/sources_1/bd/BD/ipshared/xilinx.com/axi_crossbar_v2_1/hdl/verilog/axi_crossbar_v2_1_si_transactor.v
Duplicated file found; will not be sent for synthesis: /home/tage/DegreeProject/Zedboard/NoC2xD/NoC2x2_100KHz_c1_D/NoC2x2_100KHz_AltenDemo_c1_D.srcs/sources_1/bd/BD/ipshared/xilinx.com/axi_crossbar_v2_1/hdl/verilog/axi_crossbar_v2_1_splitter.v
Duplicated file found; will not be sent for synthesis: /home/tage/DegreeProject/Zedboard/NoC2xD/NoC2x2_100KHz_c1_D/NoC2x2_100KHz_AltenDemo_c1_D.srcs/sources_1/bd/BD/ipshared/xilinx.com/axi_crossbar_v2_1/hdl/verilog/axi_crossbar_v2_1_wdata_mux.v
Duplicated file found; will not be sent for synthesis: /home/tage/DegreeProject/Zedboard/NoC2xD/NoC2x2_100KHz_c1_D/NoC2x2_100KHz_AltenDemo_c1_D.srcs/sources_1/bd/BD/ipshared/xilinx.com/axi_crossbar_v2_1/hdl/verilog/axi_crossbar_v2_1_wdata_router.v
Duplicated file found; will not be sent for synthesis: /home/tage/DegreeProject/Zedboard/NoC2xD/NoC2x2_100KHz_c1_D/NoC2x2_100KHz_AltenDemo_c1_D.srcs/sources_1/bd/BD/ipshared/xilinx.com/axi_crossbar_v2_1/hdl/verilog/axi_crossbar_v2_1_axi_crossbar.v
Duplicated file found; will not be sent for synthesis: /home/tage/DegreeProject/Zedboard/NoC2xD/NoC2x2_100KHz_c1_D/NoC2x2_100KHz_AltenDemo_c1_D.srcs/sources_1/bd/BD/ipshared/xilinx.com/blk_mem_gen_v8_3/hdl/blk_mem_gen_v8_3_vhsyn_rfs.vhd
Duplicated file found; will not be sent for synthesis: /home/tage/DegreeProject/Zedboard/NoC2xD/NoC2x2_100KHz_c1_D/NoC2x2_100KHz_AltenDemo_c1_D.srcs/sources_1/bd/BD/ipshared/xilinx.com/blk_mem_gen_v8_3/hdl/blk_mem_gen_v8_3.vhd
Duplicated file found; will not be sent for synthesis: /home/tage/DegreeProject/Zedboard/NoC2xD/NoC2x2_100KHz_c1_D/NoC2x2_100KHz_AltenDemo_c1_D.srcs/sources_1/bd/BD/ipshared/xilinx.com/fifo_generator_v13_0/hdl/fifo_generator_v13_0_vhsyn_rfs.vhd
Duplicated file found; will not be sent for synthesis: /home/tage/DegreeProject/Zedboard/NoC2xD/NoC2x2_100KHz_c1_D/NoC2x2_100KHz_AltenDemo_c1_D.srcs/sources_1/bd/BD/ipshared/xilinx.com/fifo_generator_v13_0/hdl/fifo_generator_v13_0.vhd
Duplicated file found; will not be sent for synthesis: /home/tage/DegreeProject/Zedboard/NoC2xD/NoC2x2_100KHz_c1_D/NoC2x2_100KHz_AltenDemo_c1_D.srcs/sources_1/bd/BD/ipshared/xilinx.com/axi_lite_ipif_v3_0/hdl/src/vhdl/ipif_pkg.vhd
Duplicated file found; will not be sent for synthesis: /home/tage/DegreeProject/Zedboard/NoC2xD/NoC2x2_100KHz_c1_D/NoC2x2_100KHz_AltenDemo_c1_D.srcs/sources_1/bd/BD/ipshared/xilinx.com/axi_lite_ipif_v3_0/hdl/src/vhdl/pselect_f.vhd
Duplicated file found; will not be sent for synthesis: /home/tage/DegreeProject/Zedboard/NoC2xD/NoC2x2_100KHz_c1_D/NoC2x2_100KHz_AltenDemo_c1_D.srcs/sources_1/bd/BD/ipshared/xilinx.com/axi_lite_ipif_v3_0/hdl/src/vhdl/address_decoder.vhd
Duplicated file found; will not be sent for synthesis: /home/tage/DegreeProject/Zedboard/NoC2xD/NoC2x2_100KHz_c1_D/NoC2x2_100KHz_AltenDemo_c1_D.srcs/sources_1/bd/BD/ipshared/xilinx.com/axi_lite_ipif_v3_0/hdl/src/vhdl/slave_attachment.vhd
Duplicated file found; will not be sent for synthesis: /home/tage/DegreeProject/Zedboard/NoC2xD/NoC2x2_100KHz_c1_D/NoC2x2_100KHz_AltenDemo_c1_D.srcs/sources_1/bd/BD/ipshared/xilinx.com/axi_lite_ipif_v3_0/hdl/src/vhdl/axi_lite_ipif.vhd
Duplicated file found; will not be sent for synthesis: /home/tage/DegreeProject/Zedboard/NoC2xD/NoC2x2_100KHz_c1_D/NoC2x2_100KHz_AltenDemo_c1_D.srcs/sources_1/bd/BD/ipshared/xilinx.com/lib_cdc_v1_0/hdl/src/vhdl/cdc_sync.vhd
Duplicated file found; will not be sent for synthesis: /home/tage/DegreeProject/Zedboard/NoC2xD/NoC2x2_100KHz_c1_D/NoC2x2_100KHz_AltenDemo_c1_D.srcs/sources_1/bd/BD/ipshared/xilinx.com/interrupt_control_v3_1/hdl/src/vhdl/interrupt_control.vhd
Duplicated file found; will not be sent for synthesis: /home/tage/DegreeProject/Zedboard/NoC2xD/NoC2x2_100KHz_c1_D/NoC2x2_100KHz_AltenDemo_c1_D.srcs/sources_1/bd/BD/ipshared/xilinx.com/axi_gpio_v2_0/hdl/src/vhdl/gpio_core.vhd
Duplicated file found; will not be sent for synthesis: /home/tage/DegreeProject/Zedboard/NoC2xD/NoC2x2_100KHz_c1_D/NoC2x2_100KHz_AltenDemo_c1_D.srcs/sources_1/bd/BD/ipshared/xilinx.com/axi_gpio_v2_0/hdl/src/vhdl/axi_gpio.vhd
Duplicated file found; will not be sent for synthesis: /home/tage/DegreeProject/Zedboard/NoC2xD/NoC2x2_100KHz_c1_D/NoC2x2_100KHz_AltenDemo_c1_D.srcs/sources_1/bd/BD/ipshared/xilinx.com/microblaze_v9_5/hdl/microblaze_v9_5_vh_rfs.vhd
Duplicated file found; will not be sent for synthesis: /home/tage/DegreeProject/Zedboard/NoC2xD/NoC2x2_100KHz_c1_D/NoC2x2_100KHz_AltenDemo_c1_D.srcs/sources_1/bd/BD/ipshared/kth.se/kth_axi_rni_static_c1_v1_0/hdl/family_support.vhd
Duplicated file found; will not be sent for synthesis: /home/tage/DegreeProject/Zedboard/NoC2xD/NoC2x2_100KHz_c1_D/NoC2x2_100KHz_AltenDemo_c1_D.srcs/sources_1/bd/BD/ipshared/kth.se/kth_axi_rni_static_c1_v1_0/hdl/proc_common_pkg.vhd
Duplicated file found; will not be sent for synthesis: /home/tage/DegreeProject/Zedboard/NoC2xD/NoC2x2_100KHz_c1_D/NoC2x2_100KHz_AltenDemo_c1_D.srcs/sources_1/bd/BD/ipshared/kth.se/kth_axi_rni_static_c1_v1_0/hdl/pselect_f.vhd
Duplicated file found; will not be sent for synthesis: /home/tage/DegreeProject/Zedboard/NoC2xD/NoC2x2_100KHz_c1_D/NoC2x2_100KHz_AltenDemo_c1_D.srcs/sources_1/bd/BD/ipshared/kth.se/kth_axi_rni_static_c1_v1_0/hdl/NoC_3D_parallel_package.vhd
Duplicated file found; will not be sent for synthesis: /home/tage/DegreeProject/Zedboard/NoC2xD/NoC2x2_100KHz_c1_D/NoC2x2_100KHz_AltenDemo_c1_D.srcs/sources_1/bd/BD/ipshared/kth.se/kth_axi_rni_static_c1_v1_0/hdl/ipif_pkg.vhd
Duplicated file found; will not be sent for synthesis: /home/tage/DegreeProject/Zedboard/NoC2xD/NoC2x2_100KHz_c1_D/NoC2x2_100KHz_AltenDemo_c1_D.srcs/sources_1/bd/BD/ipshared/kth.se/kth_axi_rni_static_c1_v1_0/hdl/NoC_3D_SW_configuration_package.vhd
Duplicated file found; will not be sent for synthesis: /home/tage/DegreeProject/Zedboard/NoC2xD/NoC2x2_100KHz_c1_D/NoC2x2_100KHz_AltenDemo_c1_D.srcs/sources_1/bd/BD/ipshared/kth.se/kth_axi_rni_static_c1_v1_0/hdl/address_decoder.vhd
Duplicated file found; will not be sent for synthesis: /home/tage/DegreeProject/Zedboard/NoC2xD/NoC2x2_100KHz_c1_D/NoC2x2_100KHz_AltenDemo_c1_D.srcs/sources_1/bd/BD/ipshared/kth.se/kth_axi_rni_static_c1_v1_0/hdl/rni_memory.vhd
Duplicated file found; will not be sent for synthesis: /home/tage/DegreeProject/Zedboard/NoC2xD/NoC2x2_100KHz_c1_D/NoC2x2_100KHz_AltenDemo_c1_D.srcs/sources_1/bd/BD/ipshared/kth.se/kth_axi_rni_static_c1_v1_0/hdl/rni_memory_64_32.vhd
Duplicated file found; will not be sent for synthesis: /home/tage/DegreeProject/Zedboard/NoC2xD/NoC2x2_100KHz_c1_D/NoC2x2_100KHz_AltenDemo_c1_D.srcs/sources_1/bd/BD/ipshared/kth.se/kth_axi_rni_static_c1_v1_0/hdl/generic_interface_to_noc_static.vhd
Duplicated file found; will not be sent for synthesis: /home/tage/DegreeProject/Zedboard/NoC2xD/NoC2x2_100KHz_c1_D/NoC2x2_100KHz_AltenDemo_c1_D.srcs/sources_1/bd/BD/ipshared/kth.se/kth_axi_rni_static_c1_v1_0/hdl/slave_attachment.vhd
Duplicated file found; will not be sent for synthesis: /home/tage/DegreeProject/Zedboard/NoC2xD/NoC2x2_100KHz_c1_D/NoC2x2_100KHz_AltenDemo_c1_D.srcs/sources_1/bd/BD/ipshared/kth.se/kth_axi_rni_static_c1_v1_0/hdl/kth_generic_rni_static.vhd
Duplicated file found; will not be sent for synthesis: /home/tage/DegreeProject/Zedboard/NoC2xD/NoC2x2_100KHz_c1_D/NoC2x2_100KHz_AltenDemo_c1_D.srcs/sources_1/bd/BD/ipshared/kth.se/kth_axi_rni_static_c1_v1_0/hdl/axi_lite_ipif.vhd
Duplicated file found; will not be sent for synthesis: /home/tage/DegreeProject/Zedboard/NoC2xD/NoC2x2_100KHz_c1_D/NoC2x2_100KHz_AltenDemo_c1_D.srcs/sources_1/bd/BD/ipshared/kth.se/kth_axi_rni_static_c1_v1_0/hdl/kth_axi_rni_static.vhd
Duplicated file found; will not be sent for synthesis: /home/tage/DegreeProject/Zedboard/NoC2xD/NoC2x2_100KHz_c1_D/NoC2x2_100KHz_AltenDemo_c1_D.srcs/sources_1/bd/BD/ipshared/kth.se/kth_axi_rni_static_c1_v1_0/hdl/kth_axi_rni_static_v1_0.vhd
Duplicated file found; will not be sent for synthesis: /home/tage/DegreeProject/Zedboard/NoC2xD/NoC2x2_100KHz_c1_D/NoC2x2_100KHz_AltenDemo_c1_D.srcs/sources_1/bd/BD/ipshared/xilinx.com/axi_lite_ipif_v3_0/hdl/src/vhdl/ipif_pkg.vhd
Duplicated file found; will not be sent for synthesis: /home/tage/DegreeProject/Zedboard/NoC2xD/NoC2x2_100KHz_c1_D/NoC2x2_100KHz_AltenDemo_c1_D.srcs/sources_1/bd/BD/ipshared/xilinx.com/axi_lite_ipif_v3_0/hdl/src/vhdl/pselect_f.vhd
Duplicated file found; will not be sent for synthesis: /home/tage/DegreeProject/Zedboard/NoC2xD/NoC2x2_100KHz_c1_D/NoC2x2_100KHz_AltenDemo_c1_D.srcs/sources_1/bd/BD/ipshared/xilinx.com/axi_lite_ipif_v3_0/hdl/src/vhdl/address_decoder.vhd
Duplicated file found; will not be sent for synthesis: /home/tage/DegreeProject/Zedboard/NoC2xD/NoC2x2_100KHz_c1_D/NoC2x2_100KHz_AltenDemo_c1_D.srcs/sources_1/bd/BD/ipshared/xilinx.com/axi_lite_ipif_v3_0/hdl/src/vhdl/slave_attachment.vhd
Duplicated file found; will not be sent for synthesis: /home/tage/DegreeProject/Zedboard/NoC2xD/NoC2x2_100KHz_c1_D/NoC2x2_100KHz_AltenDemo_c1_D.srcs/sources_1/bd/BD/ipshared/xilinx.com/axi_lite_ipif_v3_0/hdl/src/vhdl/axi_lite_ipif.vhd
Duplicated file found; will not be sent for synthesis: /home/tage/DegreeProject/Zedboard/NoC2xD/NoC2x2_100KHz_c1_D/NoC2x2_100KHz_AltenDemo_c1_D.srcs/sources_1/bd/BD/ipshared/xilinx.com/lib_cdc_v1_0/hdl/src/vhdl/cdc_sync.vhd
Duplicated file found; will not be sent for synthesis: /home/tage/DegreeProject/Zedboard/NoC2xD/NoC2x2_100KHz_c1_D/NoC2x2_100KHz_AltenDemo_c1_D.srcs/sources_1/bd/BD/ipshared/xilinx.com/interrupt_control_v3_1/hdl/src/vhdl/interrupt_control.vhd
Duplicated file found; will not be sent for synthesis: /home/tage/DegreeProject/Zedboard/NoC2xD/NoC2x2_100KHz_c1_D/NoC2x2_100KHz_AltenDemo_c1_D.srcs/sources_1/bd/BD/ipshared/xilinx.com/axi_gpio_v2_0/hdl/src/vhdl/gpio_core.vhd
Duplicated file found; will not be sent for synthesis: /home/tage/DegreeProject/Zedboard/NoC2xD/NoC2x2_100KHz_c1_D/NoC2x2_100KHz_AltenDemo_c1_D.srcs/sources_1/bd/BD/ipshared/xilinx.com/axi_gpio_v2_0/hdl/src/vhdl/axi_gpio.vhd
Duplicated file found; will not be sent for synthesis: /home/tage/DegreeProject/Zedboard/NoC2xD/NoC2x2_100KHz_c1_D/NoC2x2_100KHz_AltenDemo_c1_D.srcs/sources_1/bd/BD/ipshared/xilinx.com/lmb_v10_v3_0/hdl/vhdl/lmb_v10.vhd
Duplicated file found; will not be sent for synthesis: /home/tage/DegreeProject/Zedboard/NoC2xD/NoC2x2_100KHz_c1_D/NoC2x2_100KHz_AltenDemo_c1_D.srcs/sources_1/bd/BD/ipshared/xilinx.com/lmb_v10_v3_0/hdl/vhdl/lmb_v10.vhd
Duplicated file found; will not be sent for synthesis: /home/tage/DegreeProject/Zedboard/NoC2xD/NoC2x2_100KHz_c1_D/NoC2x2_100KHz_AltenDemo_c1_D.srcs/sources_1/bd/BD/ipshared/xilinx.com/lmb_bram_if_cntlr_v4_0/hdl/vhdl/lmb_bram_if_funcs.vhd
Duplicated file found; will not be sent for synthesis: /home/tage/DegreeProject/Zedboard/NoC2xD/NoC2x2_100KHz_c1_D/NoC2x2_100KHz_AltenDemo_c1_D.srcs/sources_1/bd/BD/ipshared/xilinx.com/lmb_bram_if_cntlr_v4_0/hdl/vhdl/lmb_bram_if_primitives.vhd
Duplicated file found; will not be sent for synthesis: /home/tage/DegreeProject/Zedboard/NoC2xD/NoC2x2_100KHz_c1_D/NoC2x2_100KHz_AltenDemo_c1_D.srcs/sources_1/bd/BD/ipshared/xilinx.com/lmb_bram_if_cntlr_v4_0/hdl/vhdl/xor18.vhd
Duplicated file found; will not be sent for synthesis: /home/tage/DegreeProject/Zedboard/NoC2xD/NoC2x2_100KHz_c1_D/NoC2x2_100KHz_AltenDemo_c1_D.srcs/sources_1/bd/BD/ipshared/xilinx.com/lmb_bram_if_cntlr_v4_0/hdl/vhdl/parity.vhd
Duplicated file found; will not be sent for synthesis: /home/tage/DegreeProject/Zedboard/NoC2xD/NoC2x2_100KHz_c1_D/NoC2x2_100KHz_AltenDemo_c1_D.srcs/sources_1/bd/BD/ipshared/xilinx.com/lmb_bram_if_cntlr_v4_0/hdl/vhdl/parityenable.vhd
Duplicated file found; will not be sent for synthesis: /home/tage/DegreeProject/Zedboard/NoC2xD/NoC2x2_100KHz_c1_D/NoC2x2_100KHz_AltenDemo_c1_D.srcs/sources_1/bd/BD/ipshared/xilinx.com/lmb_bram_if_cntlr_v4_0/hdl/vhdl/checkbit_handler.vhd
Duplicated file found; will not be sent for synthesis: /home/tage/DegreeProject/Zedboard/NoC2xD/NoC2x2_100KHz_c1_D/NoC2x2_100KHz_AltenDemo_c1_D.srcs/sources_1/bd/BD/ipshared/xilinx.com/lmb_bram_if_cntlr_v4_0/hdl/vhdl/correct_one_bit.vhd
Duplicated file found; will not be sent for synthesis: /home/tage/DegreeProject/Zedboard/NoC2xD/NoC2x2_100KHz_c1_D/NoC2x2_100KHz_AltenDemo_c1_D.srcs/sources_1/bd/BD/ipshared/xilinx.com/lmb_bram_if_cntlr_v4_0/hdl/vhdl/pselect.vhd
Duplicated file found; will not be sent for synthesis: /home/tage/DegreeProject/Zedboard/NoC2xD/NoC2x2_100KHz_c1_D/NoC2x2_100KHz_AltenDemo_c1_D.srcs/sources_1/bd/BD/ipshared/xilinx.com/lmb_bram_if_cntlr_v4_0/hdl/vhdl/pselect_mask.vhd
Duplicated file found; will not be sent for synthesis: /home/tage/DegreeProject/Zedboard/NoC2xD/NoC2x2_100KHz_c1_D/NoC2x2_100KHz_AltenDemo_c1_D.srcs/sources_1/bd/BD/ipshared/xilinx.com/lmb_bram_if_cntlr_v4_0/hdl/vhdl/axi_interface.vhd
Duplicated file found; will not be sent for synthesis: /home/tage/DegreeProject/Zedboard/NoC2xD/NoC2x2_100KHz_c1_D/NoC2x2_100KHz_AltenDemo_c1_D.srcs/sources_1/bd/BD/ipshared/xilinx.com/lmb_bram_if_cntlr_v4_0/hdl/vhdl/lmb_mux.vhd
Duplicated file found; will not be sent for synthesis: /home/tage/DegreeProject/Zedboard/NoC2xD/NoC2x2_100KHz_c1_D/NoC2x2_100KHz_AltenDemo_c1_D.srcs/sources_1/bd/BD/ipshared/xilinx.com/lmb_bram_if_cntlr_v4_0/hdl/vhdl/lmb_bram_if_cntlr.vhd
Duplicated file found; will not be sent for synthesis: /home/tage/DegreeProject/Zedboard/NoC2xD/NoC2x2_100KHz_c1_D/NoC2x2_100KHz_AltenDemo_c1_D.srcs/sources_1/bd/BD/ipshared/xilinx.com/lmb_bram_if_cntlr_v4_0/hdl/vhdl/lmb_bram_if_funcs.vhd
Duplicated file found; will not be sent for synthesis: /home/tage/DegreeProject/Zedboard/NoC2xD/NoC2x2_100KHz_c1_D/NoC2x2_100KHz_AltenDemo_c1_D.srcs/sources_1/bd/BD/ipshared/xilinx.com/lmb_bram_if_cntlr_v4_0/hdl/vhdl/lmb_bram_if_primitives.vhd
Duplicated file found; will not be sent for synthesis: /home/tage/DegreeProject/Zedboard/NoC2xD/NoC2x2_100KHz_c1_D/NoC2x2_100KHz_AltenDemo_c1_D.srcs/sources_1/bd/BD/ipshared/xilinx.com/lmb_bram_if_cntlr_v4_0/hdl/vhdl/xor18.vhd
Duplicated file found; will not be sent for synthesis: /home/tage/DegreeProject/Zedboard/NoC2xD/NoC2x2_100KHz_c1_D/NoC2x2_100KHz_AltenDemo_c1_D.srcs/sources_1/bd/BD/ipshared/xilinx.com/lmb_bram_if_cntlr_v4_0/hdl/vhdl/parity.vhd
Duplicated file found; will not be sent for synthesis: /home/tage/DegreeProject/Zedboard/NoC2xD/NoC2x2_100KHz_c1_D/NoC2x2_100KHz_AltenDemo_c1_D.srcs/sources_1/bd/BD/ipshared/xilinx.com/lmb_bram_if_cntlr_v4_0/hdl/vhdl/parityenable.vhd
Duplicated file found; will not be sent for synthesis: /home/tage/DegreeProject/Zedboard/NoC2xD/NoC2x2_100KHz_c1_D/NoC2x2_100KHz_AltenDemo_c1_D.srcs/sources_1/bd/BD/ipshared/xilinx.com/lmb_bram_if_cntlr_v4_0/hdl/vhdl/checkbit_handler.vhd
Duplicated file found; will not be sent for synthesis: /home/tage/DegreeProject/Zedboard/NoC2xD/NoC2x2_100KHz_c1_D/NoC2x2_100KHz_AltenDemo_c1_D.srcs/sources_1/bd/BD/ipshared/xilinx.com/lmb_bram_if_cntlr_v4_0/hdl/vhdl/correct_one_bit.vhd
Duplicated file found; will not be sent for synthesis: /home/tage/DegreeProject/Zedboard/NoC2xD/NoC2x2_100KHz_c1_D/NoC2x2_100KHz_AltenDemo_c1_D.srcs/sources_1/bd/BD/ipshared/xilinx.com/lmb_bram_if_cntlr_v4_0/hdl/vhdl/pselect.vhd
Duplicated file found; will not be sent for synthesis: /home/tage/DegreeProject/Zedboard/NoC2xD/NoC2x2_100KHz_c1_D/NoC2x2_100KHz_AltenDemo_c1_D.srcs/sources_1/bd/BD/ipshared/xilinx.com/lmb_bram_if_cntlr_v4_0/hdl/vhdl/pselect_mask.vhd
Duplicated file found; will not be sent for synthesis: /home/tage/DegreeProject/Zedboard/NoC2xD/NoC2x2_100KHz_c1_D/NoC2x2_100KHz_AltenDemo_c1_D.srcs/sources_1/bd/BD/ipshared/xilinx.com/lmb_bram_if_cntlr_v4_0/hdl/vhdl/axi_interface.vhd
Duplicated file found; will not be sent for synthesis: /home/tage/DegreeProject/Zedboard/NoC2xD/NoC2x2_100KHz_c1_D/NoC2x2_100KHz_AltenDemo_c1_D.srcs/sources_1/bd/BD/ipshared/xilinx.com/lmb_bram_if_cntlr_v4_0/hdl/vhdl/lmb_mux.vhd
Duplicated file found; will not be sent for synthesis: /home/tage/DegreeProject/Zedboard/NoC2xD/NoC2x2_100KHz_c1_D/NoC2x2_100KHz_AltenDemo_c1_D.srcs/sources_1/bd/BD/ipshared/xilinx.com/lmb_bram_if_cntlr_v4_0/hdl/vhdl/lmb_bram_if_cntlr.vhd
Duplicated file found; will not be sent for synthesis: /home/tage/DegreeProject/Zedboard/NoC2xD/NoC2x2_100KHz_c1_D/NoC2x2_100KHz_AltenDemo_c1_D.srcs/sources_1/bd/BD/ipshared/xilinx.com/blk_mem_gen_v8_3/hdl/blk_mem_gen_v8_3_vhsyn_rfs.vhd
Duplicated file found; will not be sent for synthesis: /home/tage/DegreeProject/Zedboard/NoC2xD/NoC2x2_100KHz_c1_D/NoC2x2_100KHz_AltenDemo_c1_D.srcs/sources_1/bd/BD/ipshared/xilinx.com/blk_mem_gen_v8_3/hdl/blk_mem_gen_v8_3.vhd
Duplicated file found; will not be sent for synthesis: /home/tage/DegreeProject/Zedboard/NoC2xD/NoC2x2_100KHz_c1_D/NoC2x2_100KHz_AltenDemo_c1_D.srcs/sources_1/bd/BD/ipshared/xilinx.com/generic_baseblocks_v2_1/hdl/verilog/generic_baseblocks_v2_1_carry_and.v
Duplicated file found; will not be sent for synthesis: /home/tage/DegreeProject/Zedboard/NoC2xD/NoC2x2_100KHz_c1_D/NoC2x2_100KHz_AltenDemo_c1_D.srcs/sources_1/bd/BD/ipshared/xilinx.com/generic_baseblocks_v2_1/hdl/verilog/generic_baseblocks_v2_1_carry_latch_and.v
Duplicated file found; will not be sent for synthesis: /home/tage/DegreeProject/Zedboard/NoC2xD/NoC2x2_100KHz_c1_D/NoC2x2_100KHz_AltenDemo_c1_D.srcs/sources_1/bd/BD/ipshared/xilinx.com/generic_baseblocks_v2_1/hdl/verilog/generic_baseblocks_v2_1_carry_latch_or.v
Duplicated file found; will not be sent for synthesis: /home/tage/DegreeProject/Zedboard/NoC2xD/NoC2x2_100KHz_c1_D/NoC2x2_100KHz_AltenDemo_c1_D.srcs/sources_1/bd/BD/ipshared/xilinx.com/generic_baseblocks_v2_1/hdl/verilog/generic_baseblocks_v2_1_carry_or.v
Duplicated file found; will not be sent for synthesis: /home/tage/DegreeProject/Zedboard/NoC2xD/NoC2x2_100KHz_c1_D/NoC2x2_100KHz_AltenDemo_c1_D.srcs/sources_1/bd/BD/ipshared/xilinx.com/generic_baseblocks_v2_1/hdl/verilog/generic_baseblocks_v2_1_carry.v
Duplicated file found; will not be sent for synthesis: /home/tage/DegreeProject/Zedboard/NoC2xD/NoC2x2_100KHz_c1_D/NoC2x2_100KHz_AltenDemo_c1_D.srcs/sources_1/bd/BD/ipshared/xilinx.com/generic_baseblocks_v2_1/hdl/verilog/generic_baseblocks_v2_1_command_fifo.v
Duplicated file found; will not be sent for synthesis: /home/tage/DegreeProject/Zedboard/NoC2xD/NoC2x2_100KHz_c1_D/NoC2x2_100KHz_AltenDemo_c1_D.srcs/sources_1/bd/BD/ipshared/xilinx.com/generic_baseblocks_v2_1/hdl/verilog/generic_baseblocks_v2_1_comparator_mask_static.v
Duplicated file found; will not be sent for synthesis: /home/tage/DegreeProject/Zedboard/NoC2xD/NoC2x2_100KHz_c1_D/NoC2x2_100KHz_AltenDemo_c1_D.srcs/sources_1/bd/BD/ipshared/xilinx.com/generic_baseblocks_v2_1/hdl/verilog/generic_baseblocks_v2_1_comparator_mask.v
Duplicated file found; will not be sent for synthesis: /home/tage/DegreeProject/Zedboard/NoC2xD/NoC2x2_100KHz_c1_D/NoC2x2_100KHz_AltenDemo_c1_D.srcs/sources_1/bd/BD/ipshared/xilinx.com/generic_baseblocks_v2_1/hdl/verilog/generic_baseblocks_v2_1_comparator_sel_mask_static.v
Duplicated file found; will not be sent for synthesis: /home/tage/DegreeProject/Zedboard/NoC2xD/NoC2x2_100KHz_c1_D/NoC2x2_100KHz_AltenDemo_c1_D.srcs/sources_1/bd/BD/ipshared/xilinx.com/generic_baseblocks_v2_1/hdl/verilog/generic_baseblocks_v2_1_comparator_sel_mask.v
Duplicated file found; will not be sent for synthesis: /home/tage/DegreeProject/Zedboard/NoC2xD/NoC2x2_100KHz_c1_D/NoC2x2_100KHz_AltenDemo_c1_D.srcs/sources_1/bd/BD/ipshared/xilinx.com/generic_baseblocks_v2_1/hdl/verilog/generic_baseblocks_v2_1_comparator_sel_static.v
Duplicated file found; will not be sent for synthesis: /home/tage/DegreeProject/Zedboard/NoC2xD/NoC2x2_100KHz_c1_D/NoC2x2_100KHz_AltenDemo_c1_D.srcs/sources_1/bd/BD/ipshared/xilinx.com/generic_baseblocks_v2_1/hdl/verilog/generic_baseblocks_v2_1_comparator_sel.v
Duplicated file found; will not be sent for synthesis: /home/tage/DegreeProject/Zedboard/NoC2xD/NoC2x2_100KHz_c1_D/NoC2x2_100KHz_AltenDemo_c1_D.srcs/sources_1/bd/BD/ipshared/xilinx.com/generic_baseblocks_v2_1/hdl/verilog/generic_baseblocks_v2_1_comparator_static.v
Duplicated file found; will not be sent for synthesis: /home/tage/DegreeProject/Zedboard/NoC2xD/NoC2x2_100KHz_c1_D/NoC2x2_100KHz_AltenDemo_c1_D.srcs/sources_1/bd/BD/ipshared/xilinx.com/generic_baseblocks_v2_1/hdl/verilog/generic_baseblocks_v2_1_comparator.v
Duplicated file found; will not be sent for synthesis: /home/tage/DegreeProject/Zedboard/NoC2xD/NoC2x2_100KHz_c1_D/NoC2x2_100KHz_AltenDemo_c1_D.srcs/sources_1/bd/BD/ipshared/xilinx.com/generic_baseblocks_v2_1/hdl/verilog/generic_baseblocks_v2_1_mux_enc.v
Duplicated file found; will not be sent for synthesis: /home/tage/DegreeProject/Zedboard/NoC2xD/NoC2x2_100KHz_c1_D/NoC2x2_100KHz_AltenDemo_c1_D.srcs/sources_1/bd/BD/ipshared/xilinx.com/generic_baseblocks_v2_1/hdl/verilog/generic_baseblocks_v2_1_mux.v
Duplicated file found; will not be sent for synthesis: /home/tage/DegreeProject/Zedboard/NoC2xD/NoC2x2_100KHz_c1_D/NoC2x2_100KHz_AltenDemo_c1_D.srcs/sources_1/bd/BD/ipshared/xilinx.com/generic_baseblocks_v2_1/hdl/verilog/generic_baseblocks_v2_1_nto1_mux.v
Duplicated file found; will not be sent for synthesis: /home/tage/DegreeProject/Zedboard/NoC2xD/NoC2x2_100KHz_c1_D/NoC2x2_100KHz_AltenDemo_c1_D.srcs/sources_1/bd/BD/ipshared/xilinx.com/axi_infrastructure_v1_1/hdl/verilog/axi_infrastructure_v1_1_0_header.vh
Duplicated file found; will not be sent for synthesis: /home/tage/DegreeProject/Zedboard/NoC2xD/NoC2x2_100KHz_c1_D/NoC2x2_100KHz_AltenDemo_c1_D.srcs/sources_1/bd/BD/ipshared/xilinx.com/axi_infrastructure_v1_1/hdl/verilog/axi_infrastructure_v1_1_axi2vector.v
Duplicated file found; will not be sent for synthesis: /home/tage/DegreeProject/Zedboard/NoC2xD/NoC2x2_100KHz_c1_D/NoC2x2_100KHz_AltenDemo_c1_D.srcs/sources_1/bd/BD/ipshared/xilinx.com/axi_infrastructure_v1_1/hdl/verilog/axi_infrastructure_v1_1_axic_srl_fifo.v
Duplicated file found; will not be sent for synthesis: /home/tage/DegreeProject/Zedboard/NoC2xD/NoC2x2_100KHz_c1_D/NoC2x2_100KHz_AltenDemo_c1_D.srcs/sources_1/bd/BD/ipshared/xilinx.com/axi_infrastructure_v1_1/hdl/verilog/axi_infrastructure_v1_1_vector2axi.v
Duplicated file found; will not be sent for synthesis: /home/tage/DegreeProject/Zedboard/NoC2xD/NoC2x2_100KHz_c1_D/NoC2x2_100KHz_AltenDemo_c1_D.srcs/sources_1/bd/BD/ipshared/xilinx.com/axi_register_slice_v2_1/hdl/verilog/axi_register_slice_v2_1_axic_register_slice.v
Duplicated file found; will not be sent for synthesis: /home/tage/DegreeProject/Zedboard/NoC2xD/NoC2x2_100KHz_c1_D/NoC2x2_100KHz_AltenDemo_c1_D.srcs/sources_1/bd/BD/ipshared/xilinx.com/axi_register_slice_v2_1/hdl/verilog/axi_register_slice_v2_1_axi_register_slice.v
Duplicated file found; will not be sent for synthesis: /home/tage/DegreeProject/Zedboard/NoC2xD/NoC2x2_100KHz_c1_D/NoC2x2_100KHz_AltenDemo_c1_D.srcs/sources_1/bd/BD/ipshared/xilinx.com/axi_data_fifo_v2_1/hdl/verilog/axi_data_fifo_v2_1_axic_fifo.v
Duplicated file found; will not be sent for synthesis: /home/tage/DegreeProject/Zedboard/NoC2xD/NoC2x2_100KHz_c1_D/NoC2x2_100KHz_AltenDemo_c1_D.srcs/sources_1/bd/BD/ipshared/xilinx.com/axi_data_fifo_v2_1/hdl/verilog/axi_data_fifo_v2_1_fifo_gen.v
Duplicated file found; will not be sent for synthesis: /home/tage/DegreeProject/Zedboard/NoC2xD/NoC2x2_100KHz_c1_D/NoC2x2_100KHz_AltenDemo_c1_D.srcs/sources_1/bd/BD/ipshared/xilinx.com/axi_data_fifo_v2_1/hdl/verilog/axi_data_fifo_v2_1_axic_srl_fifo.v
Duplicated file found; will not be sent for synthesis: /home/tage/DegreeProject/Zedboard/NoC2xD/NoC2x2_100KHz_c1_D/NoC2x2_100KHz_AltenDemo_c1_D.srcs/sources_1/bd/BD/ipshared/xilinx.com/axi_data_fifo_v2_1/hdl/verilog/axi_data_fifo_v2_1_axic_reg_srl_fifo.v
Duplicated file found; will not be sent for synthesis: /home/tage/DegreeProject/Zedboard/NoC2xD/NoC2x2_100KHz_c1_D/NoC2x2_100KHz_AltenDemo_c1_D.srcs/sources_1/bd/BD/ipshared/xilinx.com/axi_data_fifo_v2_1/hdl/verilog/axi_data_fifo_v2_1_ndeep_srl.v
Duplicated file found; will not be sent for synthesis: /home/tage/DegreeProject/Zedboard/NoC2xD/NoC2x2_100KHz_c1_D/NoC2x2_100KHz_AltenDemo_c1_D.srcs/sources_1/bd/BD/ipshared/xilinx.com/axi_data_fifo_v2_1/hdl/verilog/axi_data_fifo_v2_1_axi_data_fifo.v
Duplicated file found; will not be sent for synthesis: /home/tage/DegreeProject/Zedboard/NoC2xD/NoC2x2_100KHz_c1_D/NoC2x2_100KHz_AltenDemo_c1_D.srcs/sources_1/bd/BD/ipshared/xilinx.com/axi_crossbar_v2_1/hdl/verilog/axi_crossbar_v2_1_addr_arbiter_sasd.v
Duplicated file found; will not be sent for synthesis: /home/tage/DegreeProject/Zedboard/NoC2xD/NoC2x2_100KHz_c1_D/NoC2x2_100KHz_AltenDemo_c1_D.srcs/sources_1/bd/BD/ipshared/xilinx.com/axi_crossbar_v2_1/hdl/verilog/axi_crossbar_v2_1_addr_arbiter.v
Duplicated file found; will not be sent for synthesis: /home/tage/DegreeProject/Zedboard/NoC2xD/NoC2x2_100KHz_c1_D/NoC2x2_100KHz_AltenDemo_c1_D.srcs/sources_1/bd/BD/ipshared/xilinx.com/axi_crossbar_v2_1/hdl/verilog/axi_crossbar_v2_1_addr_decoder.v
Duplicated file found; will not be sent for synthesis: /home/tage/DegreeProject/Zedboard/NoC2xD/NoC2x2_100KHz_c1_D/NoC2x2_100KHz_AltenDemo_c1_D.srcs/sources_1/bd/BD/ipshared/xilinx.com/axi_crossbar_v2_1/hdl/verilog/axi_crossbar_v2_1_arbiter_resp.v
Duplicated file found; will not be sent for synthesis: /home/tage/DegreeProject/Zedboard/NoC2xD/NoC2x2_100KHz_c1_D/NoC2x2_100KHz_AltenDemo_c1_D.srcs/sources_1/bd/BD/ipshared/xilinx.com/axi_crossbar_v2_1/hdl/verilog/axi_crossbar_v2_1_crossbar_sasd.v
Duplicated file found; will not be sent for synthesis: /home/tage/DegreeProject/Zedboard/NoC2xD/NoC2x2_100KHz_c1_D/NoC2x2_100KHz_AltenDemo_c1_D.srcs/sources_1/bd/BD/ipshared/xilinx.com/axi_crossbar_v2_1/hdl/verilog/axi_crossbar_v2_1_crossbar.v
Duplicated file found; will not be sent for synthesis: /home/tage/DegreeProject/Zedboard/NoC2xD/NoC2x2_100KHz_c1_D/NoC2x2_100KHz_AltenDemo_c1_D.srcs/sources_1/bd/BD/ipshared/xilinx.com/axi_crossbar_v2_1/hdl/verilog/axi_crossbar_v2_1_decerr_slave.v
Duplicated file found; will not be sent for synthesis: /home/tage/DegreeProject/Zedboard/NoC2xD/NoC2x2_100KHz_c1_D/NoC2x2_100KHz_AltenDemo_c1_D.srcs/sources_1/bd/BD/ipshared/xilinx.com/axi_crossbar_v2_1/hdl/verilog/axi_crossbar_v2_1_si_transactor.v
Duplicated file found; will not be sent for synthesis: /home/tage/DegreeProject/Zedboard/NoC2xD/NoC2x2_100KHz_c1_D/NoC2x2_100KHz_AltenDemo_c1_D.srcs/sources_1/bd/BD/ipshared/xilinx.com/axi_crossbar_v2_1/hdl/verilog/axi_crossbar_v2_1_splitter.v
Duplicated file found; will not be sent for synthesis: /home/tage/DegreeProject/Zedboard/NoC2xD/NoC2x2_100KHz_c1_D/NoC2x2_100KHz_AltenDemo_c1_D.srcs/sources_1/bd/BD/ipshared/xilinx.com/axi_crossbar_v2_1/hdl/verilog/axi_crossbar_v2_1_wdata_mux.v
Duplicated file found; will not be sent for synthesis: /home/tage/DegreeProject/Zedboard/NoC2xD/NoC2x2_100KHz_c1_D/NoC2x2_100KHz_AltenDemo_c1_D.srcs/sources_1/bd/BD/ipshared/xilinx.com/axi_crossbar_v2_1/hdl/verilog/axi_crossbar_v2_1_wdata_router.v
Duplicated file found; will not be sent for synthesis: /home/tage/DegreeProject/Zedboard/NoC2xD/NoC2x2_100KHz_c1_D/NoC2x2_100KHz_AltenDemo_c1_D.srcs/sources_1/bd/BD/ipshared/xilinx.com/axi_crossbar_v2_1/hdl/verilog/axi_crossbar_v2_1_axi_crossbar.v
Duplicated file found; will not be sent for synthesis: /home/tage/DegreeProject/Zedboard/NoC2xD/NoC2x2_100KHz_c1_D/NoC2x2_100KHz_AltenDemo_c1_D.srcs/sources_1/bd/BD/ipshared/xilinx.com/blk_mem_gen_v8_3/hdl/blk_mem_gen_v8_3_vhsyn_rfs.vhd
Duplicated file found; will not be sent for synthesis: /home/tage/DegreeProject/Zedboard/NoC2xD/NoC2x2_100KHz_c1_D/NoC2x2_100KHz_AltenDemo_c1_D.srcs/sources_1/bd/BD/ipshared/xilinx.com/blk_mem_gen_v8_3/hdl/blk_mem_gen_v8_3.vhd
Duplicated file found; will not be sent for synthesis: /home/tage/DegreeProject/Zedboard/NoC2xD/NoC2x2_100KHz_c1_D/NoC2x2_100KHz_AltenDemo_c1_D.srcs/sources_1/bd/BD/ipshared/xilinx.com/fifo_generator_v13_0/hdl/fifo_generator_v13_0_vhsyn_rfs.vhd
Duplicated file found; will not be sent for synthesis: /home/tage/DegreeProject/Zedboard/NoC2xD/NoC2x2_100KHz_c1_D/NoC2x2_100KHz_AltenDemo_c1_D.srcs/sources_1/bd/BD/ipshared/xilinx.com/fifo_generator_v13_0/hdl/fifo_generator_v13_0.vhd
Duplicated file found; will not be sent for synthesis: /home/tage/DegreeProject/Zedboard/NoC2xD/NoC2x2_100KHz_c1_D/NoC2x2_100KHz_AltenDemo_c1_D.srcs/sources_1/bd/BD/ipshared/xilinx.com/xlconstant_v1_1/xlconstant.vhd
Duplicated file found; will not be sent for synthesis: /home/tage/DegreeProject/Zedboard/NoC2xD/NoC2x2_100KHz_c1_D/NoC2x2_100KHz_AltenDemo_c1_D.srcs/sources_1/bd/BD/ipshared/xilinx.com/xlconstant_v1_1/xlconstant.vhd
Duplicated file found; will not be sent for synthesis: /home/tage/DegreeProject/Zedboard/NoC2xD/NoC2x2_100KHz_c1_D/NoC2x2_100KHz_AltenDemo_c1_D.srcs/sources_1/bd/BD/ipshared/xilinx.com/xlconstant_v1_1/xlconstant.vhd
CRC performance measure: elapsed=00:00:00s;;memory_peak=2104.832MB;;memory_gain=0.000MB
