
*** Running vivado
    with args -log BD_lmb_bram_0.vds -m64 -product Vivado -mode batch -messageDb vivado.pb -notrace -source BD_lmb_bram_0.tcl


****** Vivado v2016.3 (64-bit)
  **** SW Build 1682563 on Mon Oct 10 19:07:26 MDT 2016
  **** IP Build 1681267 on Mon Oct 10 21:28:31 MDT 2016
    ** Copyright 1986-2016 Xilinx, Inc. All Rights Reserved.

source BD_lmb_bram_0.tcl -notrace
Starting RTL Elaboration : Time (s): cpu = 00:00:10 ; elapsed = 00:00:10 . Memory (MB): peak = 1106.523 ; gain = 187.301 ; free physical = 1781 ; free virtual = 124409
INFO: [Synth 8-638] synthesizing module 'BD_lmb_bram_0' [/home/tage/DegreeProject/zc702/NoC2xD/NoC2x2_1MHz_ZeroReleaseSiegenDemo_Tage/NoC2x2_1MHz_ZeroReleaseSiegenDemo_Tage.srcs/sources_1/bd/BD/ip/BD_lmb_bram_0/synth/BD_lmb_bram_0.vhd:78]
INFO: [Synth 8-256] done synthesizing module 'BD_lmb_bram_0' (11#1) [/home/tage/DegreeProject/zc702/NoC2xD/NoC2x2_1MHz_ZeroReleaseSiegenDemo_Tage/NoC2x2_1MHz_ZeroReleaseSiegenDemo_Tage.srcs/sources_1/bd/BD/ip/BD_lmb_bram_0/synth/BD_lmb_bram_0.vhd:78]
Finished RTL Elaboration : Time (s): cpu = 00:01:05 ; elapsed = 00:01:12 . Memory (MB): peak = 1307.195 ; gain = 387.973 ; free physical = 1393 ; free virtual = 124055
Finished RTL Optimization Phase 1 : Time (s): cpu = 00:01:06 ; elapsed = 00:01:12 . Memory (MB): peak = 1307.195 ; gain = 387.973 ; free physical = 1356 ; free virtual = 124018
INFO: [Device 21-403] Loading part xc7z020clg484-1
Constraint Validation Runtime : Time (s): cpu = 00:00:00.04 ; elapsed = 00:00:00.06 . Memory (MB): peak = 1514.070 ; gain = 0.000 ; free physical = 2686 ; free virtual = 125338
Finished Constraint Validation : Time (s): cpu = 00:01:18 ; elapsed = 00:01:27 . Memory (MB): peak = 1514.070 ; gain = 594.848 ; free physical = 2261 ; free virtual = 124921
Finished Loading Part and Timing Information : Time (s): cpu = 00:01:18 ; elapsed = 00:01:27 . Memory (MB): peak = 1514.070 ; gain = 594.848 ; free physical = 2260 ; free virtual = 124920
Finished applying 'set_property' XDC Constraints : Time (s): cpu = 00:01:18 ; elapsed = 00:01:27 . Memory (MB): peak = 1514.070 ; gain = 594.848 ; free physical = 2255 ; free virtual = 124914
Finished RTL Optimization Phase 2 : Time (s): cpu = 00:01:19 ; elapsed = 00:01:27 . Memory (MB): peak = 1514.070 ; gain = 594.848 ; free physical = 2229 ; free virtual = 124882
Finished Cross Boundary and Area Optimization : Time (s): cpu = 00:01:19 ; elapsed = 00:01:27 . Memory (MB): peak = 1514.070 ; gain = 594.848 ; free physical = 2214 ; free virtual = 124867
Finished Applying XDC Timing Constraints : Time (s): cpu = 00:01:29 ; elapsed = 00:01:38 . Memory (MB): peak = 1514.070 ; gain = 594.848 ; free physical = 2837 ; free virtual = 125492
Finished Timing Optimization : Time (s): cpu = 00:01:29 ; elapsed = 00:01:38 . Memory (MB): peak = 1514.070 ; gain = 594.848 ; free physical = 2832 ; free virtual = 125487
Finished Technology Mapping : Time (s): cpu = 00:01:29 ; elapsed = 00:01:38 . Memory (MB): peak = 1514.070 ; gain = 594.848 ; free physical = 2822 ; free virtual = 125477
Finished IO Insertion : Time (s): cpu = 00:01:29 ; elapsed = 00:01:39 . Memory (MB): peak = 1514.070 ; gain = 594.848 ; free physical = 2750 ; free virtual = 125405
Finished Renaming Generated Instances : Time (s): cpu = 00:01:29 ; elapsed = 00:01:39 . Memory (MB): peak = 1514.070 ; gain = 594.848 ; free physical = 2749 ; free virtual = 125404
Finished Rebuilding User Hierarchy : Time (s): cpu = 00:01:29 ; elapsed = 00:01:39 . Memory (MB): peak = 1514.070 ; gain = 594.848 ; free physical = 2743 ; free virtual = 125399
Finished Renaming Generated Ports : Time (s): cpu = 00:01:29 ; elapsed = 00:01:39 . Memory (MB): peak = 1514.070 ; gain = 594.848 ; free physical = 2743 ; free virtual = 125399
Finished Handling Custom Attributes : Time (s): cpu = 00:01:29 ; elapsed = 00:01:39 . Memory (MB): peak = 1514.070 ; gain = 594.848 ; free physical = 2738 ; free virtual = 125394
Finished Renaming Generated Nets : Time (s): cpu = 00:01:29 ; elapsed = 00:01:39 . Memory (MB): peak = 1514.070 ; gain = 594.848 ; free physical = 2737 ; free virtual = 125393

Report Cell Usage: 
+------+---------+------+
|      |Cell     |Count |
+------+---------+------+
|1     |RAMB36E1 |    16|
+------+---------+------+
Finished Writing Synthesis Report : Time (s): cpu = 00:01:29 ; elapsed = 00:01:39 . Memory (MB): peak = 1514.070 ; gain = 594.848 ; free physical = 2737 ; free virtual = 125393
synth_design: Time (s): cpu = 00:01:27 ; elapsed = 00:01:36 . Memory (MB): peak = 1514.070 ; gain = 489.129 ; free physical = 2485 ; free virtual = 125141
