
*** Running vivado
    with args -log BD_clk_wiz_0.vds -m64 -product Vivado -mode batch -messageDb vivado.pb -notrace -source BD_clk_wiz_0.tcl


****** Vivado v2016.3 (64-bit)
  **** SW Build 1682563 on Mon Oct 10 19:07:26 MDT 2016
  **** IP Build 1681267 on Mon Oct 10 21:28:31 MDT 2016
    ** Copyright 1986-2016 Xilinx, Inc. All Rights Reserved.

source BD_clk_wiz_0.tcl -notrace
Starting RTL Elaboration : Time (s): cpu = 00:00:09 ; elapsed = 00:00:10 . Memory (MB): peak = 1107.520 ; gain = 188.301 ; free physical = 1242 ; free virtual = 125279
INFO: [Synth 8-638] synthesizing module 'BD_clk_wiz_0' [/home/tage/DegreeProject/zc702/NoC2xD/NoC2x2_1MHz_ZeroReleaseSiegenDemo_Tage/NoC2x2_1MHz_ZeroReleaseSiegenDemo_Tage.srcs/sources_1/bd/BD/ip/BD_clk_wiz_0/BD_clk_wiz_0.v:70]
INFO: [Synth 8-638] synthesizing module 'BD_clk_wiz_0_clk_wiz' [/home/tage/DegreeProject/zc702/NoC2xD/NoC2x2_1MHz_ZeroReleaseSiegenDemo_Tage/NoC2x2_1MHz_ZeroReleaseSiegenDemo_Tage.srcs/sources_1/bd/BD/ip/BD_clk_wiz_0/BD_clk_wiz_0_clk_wiz.v:68]
INFO: [Synth 8-638] synthesizing module 'IBUFDS' [/opt/Xilinx/Vivado/2016.3/scripts/rt/data/unisim_comp.v:14161]
INFO: [Synth 8-256] done synthesizing module 'IBUFDS' (1#1) [/opt/Xilinx/Vivado/2016.3/scripts/rt/data/unisim_comp.v:14161]
INFO: [Synth 8-638] synthesizing module 'MMCME2_ADV' [/opt/Xilinx/Vivado/2016.3/scripts/rt/data/unisim_comp.v:20414]
INFO: [Synth 8-256] done synthesizing module 'MMCME2_ADV' (2#1) [/opt/Xilinx/Vivado/2016.3/scripts/rt/data/unisim_comp.v:20414]
INFO: [Synth 8-638] synthesizing module 'BUFG' [/opt/Xilinx/Vivado/2016.3/scripts/rt/data/unisim_comp.v:607]
INFO: [Synth 8-256] done synthesizing module 'BUFG' (3#1) [/opt/Xilinx/Vivado/2016.3/scripts/rt/data/unisim_comp.v:607]
INFO: [Synth 8-256] done synthesizing module 'BD_clk_wiz_0_clk_wiz' (4#1) [/home/tage/DegreeProject/zc702/NoC2xD/NoC2x2_1MHz_ZeroReleaseSiegenDemo_Tage/NoC2x2_1MHz_ZeroReleaseSiegenDemo_Tage.srcs/sources_1/bd/BD/ip/BD_clk_wiz_0/BD_clk_wiz_0_clk_wiz.v:68]
INFO: [Synth 8-256] done synthesizing module 'BD_clk_wiz_0' (5#1) [/home/tage/DegreeProject/zc702/NoC2xD/NoC2x2_1MHz_ZeroReleaseSiegenDemo_Tage/NoC2x2_1MHz_ZeroReleaseSiegenDemo_Tage.srcs/sources_1/bd/BD/ip/BD_clk_wiz_0/BD_clk_wiz_0.v:70]
Finished RTL Elaboration : Time (s): cpu = 00:00:10 ; elapsed = 00:00:11 . Memory (MB): peak = 1147.988 ; gain = 228.770 ; free physical = 1008 ; free virtual = 125047
Finished RTL Optimization Phase 1 : Time (s): cpu = 00:00:10 ; elapsed = 00:00:11 . Memory (MB): peak = 1147.988 ; gain = 228.770 ; free physical = 989 ; free virtual = 125029
INFO: [Device 21-403] Loading part xc7z020clg484-1
Constraint Validation Runtime : Time (s): cpu = 00:00:00.01 ; elapsed = 00:00:00.01 . Memory (MB): peak = 1450.574 ; gain = 0.000 ; free physical = 360 ; free virtual = 123627
Finished Constraint Validation : Time (s): cpu = 00:00:21 ; elapsed = 00:00:22 . Memory (MB): peak = 1450.574 ; gain = 531.355 ; free physical = 393 ; free virtual = 123570
Finished Loading Part and Timing Information : Time (s): cpu = 00:00:21 ; elapsed = 00:00:22 . Memory (MB): peak = 1450.574 ; gain = 531.355 ; free physical = 393 ; free virtual = 123570
Finished applying 'set_property' XDC Constraints : Time (s): cpu = 00:00:21 ; elapsed = 00:00:22 . Memory (MB): peak = 1450.574 ; gain = 531.355 ; free physical = 393 ; free virtual = 123570
Finished RTL Optimization Phase 2 : Time (s): cpu = 00:00:21 ; elapsed = 00:00:22 . Memory (MB): peak = 1450.574 ; gain = 531.355 ; free physical = 393 ; free virtual = 123570
Finished Cross Boundary and Area Optimization : Time (s): cpu = 00:00:21 ; elapsed = 00:00:23 . Memory (MB): peak = 1450.574 ; gain = 531.355 ; free physical = 375 ; free virtual = 123554
Finished Applying XDC Timing Constraints : Time (s): cpu = 00:00:30 ; elapsed = 00:00:32 . Memory (MB): peak = 1450.574 ; gain = 531.355 ; free physical = 346 ; free virtual = 123168
Finished Timing Optimization : Time (s): cpu = 00:00:30 ; elapsed = 00:00:32 . Memory (MB): peak = 1450.574 ; gain = 531.355 ; free physical = 346 ; free virtual = 123168
Finished Technology Mapping : Time (s): cpu = 00:00:30 ; elapsed = 00:00:32 . Memory (MB): peak = 1450.574 ; gain = 531.355 ; free physical = 356 ; free virtual = 123154
Finished IO Insertion : Time (s): cpu = 00:00:31 ; elapsed = 00:00:32 . Memory (MB): peak = 1450.574 ; gain = 531.355 ; free physical = 356 ; free virtual = 123076
Finished Renaming Generated Instances : Time (s): cpu = 00:00:31 ; elapsed = 00:00:32 . Memory (MB): peak = 1450.574 ; gain = 531.355 ; free physical = 356 ; free virtual = 123076
Finished Rebuilding User Hierarchy : Time (s): cpu = 00:00:31 ; elapsed = 00:00:32 . Memory (MB): peak = 1450.574 ; gain = 531.355 ; free physical = 356 ; free virtual = 123076
Finished Renaming Generated Ports : Time (s): cpu = 00:00:31 ; elapsed = 00:00:32 . Memory (MB): peak = 1450.574 ; gain = 531.355 ; free physical = 356 ; free virtual = 123076
Finished Handling Custom Attributes : Time (s): cpu = 00:00:31 ; elapsed = 00:00:32 . Memory (MB): peak = 1450.574 ; gain = 531.355 ; free physical = 355 ; free virtual = 123075
Finished Renaming Generated Nets : Time (s): cpu = 00:00:31 ; elapsed = 00:00:32 . Memory (MB): peak = 1450.574 ; gain = 531.355 ; free physical = 355 ; free virtual = 123075

Report Cell Usage: 
+------+-----------+------+
|      |Cell       |Count |
+------+-----------+------+
|1     |BUFG       |     2|
|2     |MMCME2_ADV |     1|
|3     |IBUFDS     |     1|
+------+-----------+------+
Finished Writing Synthesis Report : Time (s): cpu = 00:00:31 ; elapsed = 00:00:32 . Memory (MB): peak = 1450.574 ; gain = 531.355 ; free physical = 355 ; free virtual = 123075
synth_design: Time (s): cpu = 00:00:30 ; elapsed = 00:00:32 . Memory (MB): peak = 1816.734 ; gain = 791.797 ; free physical = 2144 ; free virtual = 124756
