
*** Running vivado
    with args -log BD_lmb_bram_0.vds -m64 -product Vivado -mode batch -messageDb vivado.pb -notrace -source BD_lmb_bram_0.tcl


****** Vivado v2016.3 (64-bit)
  **** SW Build 1682563 on Mon Oct 10 19:07:26 MDT 2016
  **** IP Build 1681267 on Mon Oct 10 21:28:31 MDT 2016
    ** Copyright 1986-2016 Xilinx, Inc. All Rights Reserved.

source BD_lmb_bram_0.tcl -notrace
Starting RTL Elaboration : Time (s): cpu = 00:00:11 ; elapsed = 00:00:11 . Memory (MB): peak = 1102.621 ; gain = 190.301 ; free physical = 422 ; free virtual = 121407
INFO: [Synth 8-638] synthesizing module 'BD_lmb_bram_0' [/home/tage/git/NoC/programmableCh/dfs/project/project.srcs/sources_1/bd/BD/ip/BD_lmb_bram_0/synth/BD_lmb_bram_0.vhd:78]
INFO: [Synth 8-256] done synthesizing module 'BD_lmb_bram_0' (11#1) [/home/tage/git/NoC/programmableCh/dfs/project/project.srcs/sources_1/bd/BD/ip/BD_lmb_bram_0/synth/BD_lmb_bram_0.vhd:78]
Finished RTL Elaboration : Time (s): cpu = 00:00:57 ; elapsed = 00:00:57 . Memory (MB): peak = 1304.293 ; gain = 391.973 ; free physical = 6008 ; free virtual = 126570
Finished RTL Optimization Phase 1 : Time (s): cpu = 00:00:57 ; elapsed = 00:00:58 . Memory (MB): peak = 1304.293 ; gain = 391.973 ; free physical = 6008 ; free virtual = 126570
INFO: [Device 21-403] Loading part xc7z020clg484-1
Constraint Validation Runtime : Time (s): cpu = 00:00:00.02 ; elapsed = 00:00:00.02 . Memory (MB): peak = 1527.168 ; gain = 0.000 ; free physical = 5900 ; free virtual = 126462
Finished Constraint Validation : Time (s): cpu = 00:01:04 ; elapsed = 00:01:05 . Memory (MB): peak = 1527.168 ; gain = 614.848 ; free physical = 5894 ; free virtual = 126457
Finished Loading Part and Timing Information : Time (s): cpu = 00:01:04 ; elapsed = 00:01:05 . Memory (MB): peak = 1527.168 ; gain = 614.848 ; free physical = 5894 ; free virtual = 126457
Finished applying 'set_property' XDC Constraints : Time (s): cpu = 00:01:04 ; elapsed = 00:01:05 . Memory (MB): peak = 1527.168 ; gain = 614.848 ; free physical = 5894 ; free virtual = 126457
Finished RTL Optimization Phase 2 : Time (s): cpu = 00:01:04 ; elapsed = 00:01:05 . Memory (MB): peak = 1527.168 ; gain = 614.848 ; free physical = 5894 ; free virtual = 126456
Finished Cross Boundary and Area Optimization : Time (s): cpu = 00:01:04 ; elapsed = 00:01:05 . Memory (MB): peak = 1527.168 ; gain = 614.848 ; free physical = 5893 ; free virtual = 126455
Finished Applying XDC Timing Constraints : Time (s): cpu = 00:01:10 ; elapsed = 00:01:11 . Memory (MB): peak = 1527.168 ; gain = 614.848 ; free physical = 5778 ; free virtual = 126340
Finished Timing Optimization : Time (s): cpu = 00:01:10 ; elapsed = 00:01:11 . Memory (MB): peak = 1527.168 ; gain = 614.848 ; free physical = 5778 ; free virtual = 126340
Finished Technology Mapping : Time (s): cpu = 00:01:10 ; elapsed = 00:01:11 . Memory (MB): peak = 1527.168 ; gain = 614.848 ; free physical = 5778 ; free virtual = 126340
Finished IO Insertion : Time (s): cpu = 00:01:10 ; elapsed = 00:01:11 . Memory (MB): peak = 1527.168 ; gain = 614.848 ; free physical = 5776 ; free virtual = 126339
Finished Renaming Generated Instances : Time (s): cpu = 00:01:10 ; elapsed = 00:01:11 . Memory (MB): peak = 1527.168 ; gain = 614.848 ; free physical = 5776 ; free virtual = 126339
Finished Rebuilding User Hierarchy : Time (s): cpu = 00:01:10 ; elapsed = 00:01:11 . Memory (MB): peak = 1527.168 ; gain = 614.848 ; free physical = 5776 ; free virtual = 126339
Finished Renaming Generated Ports : Time (s): cpu = 00:01:10 ; elapsed = 00:01:11 . Memory (MB): peak = 1527.168 ; gain = 614.848 ; free physical = 5776 ; free virtual = 126339
Finished Handling Custom Attributes : Time (s): cpu = 00:01:10 ; elapsed = 00:01:11 . Memory (MB): peak = 1527.168 ; gain = 614.848 ; free physical = 5776 ; free virtual = 126339
Finished Renaming Generated Nets : Time (s): cpu = 00:01:10 ; elapsed = 00:01:11 . Memory (MB): peak = 1527.168 ; gain = 614.848 ; free physical = 5776 ; free virtual = 126339

Report Cell Usage: 
+------+---------+------+
|      |Cell     |Count |
+------+---------+------+
|1     |RAMB36E1 |    32|
+------+---------+------+
Finished Writing Synthesis Report : Time (s): cpu = 00:01:10 ; elapsed = 00:01:11 . Memory (MB): peak = 1527.168 ; gain = 614.848 ; free physical = 5776 ; free virtual = 126339
synth_design: Time (s): cpu = 00:01:06 ; elapsed = 00:01:06 . Memory (MB): peak = 1527.168 ; gain = 507.129 ; free physical = 5773 ; free virtual = 126335
