Copyright 1986-2015 Xilinx, Inc. All Rights Reserved.
---------------------------------------------------------------------------------------------
| Tool Version      : Vivado v.2015.4.2 (lin64) Build 1494164 Fri Feb 26 04:18:54 MST 2016
| Date              : Mon Oct 31 17:06:04 2016
| Host              : tagesHPZ240 running 64-bit Ubuntu 16.04.1 LTS
| Command           : report_clock_utilization -file BD_wrapper_clock_utilization_routed.rpt
| Design            : BD_wrapper
| Device            : 7z020-clg484
| Speed File        : -1  PRODUCTION 1.11 2014-09-11
| Temperature Grade : C
---------------------------------------------------------------------------------------------

Clock Utilization Report

Table of Contents
-----------------
1. Clock Primitive Utilization
2. Details of Global Clocks
3. Details of Regional Clocks
4. Details of Multi-Regional Clocks
5. Details of I/O Clocks
6. Details of Local Clocks
7. Clock Regions : Key Resource Utilization
8. Net wise resources used in clock region X0Y0
9. Net wise resources used in clock region X1Y0
10. Net wise resources used in clock region X0Y1
11. Net wise resources used in clock region X1Y1

1. Clock Primitive Utilization
------------------------------

+-------+------+-----------+-----------+
| Type  | Used | Available | Num Fixed |
+-------+------+-----------+-----------+
| BUFG  |    4 |        32 |         0 |
| BUFH  |    0 |        72 |         0 |
| BUFIO |    0 |        16 |         0 |
| MMCM  |    1 |         4 |         0 |
| PLL   |    0 |         4 |         0 |
| BUFR  |    0 |        16 |         0 |
| BUFMR |    0 |         8 |         0 |
+-------+------+-----------+-----------+


2. Details of Global Clocks
---------------------------

+-------+-------------------------------------------+---------------------------------------------+--------------+-------+
|       |                                           |                                             |   Num Loads  |       |
+-------+-------------------------------------------+---------------------------------------------+------+-------+-------+
| Index | BUFG Cell                                 | Net Name                                    | BELs | Sites | Fixed |
+-------+-------------------------------------------+---------------------------------------------+------+-------+-------+
|     1 | BD_i/clk_wiz/inst/clkf_buf                | BD_i/clk_wiz/inst/clkfbout_buf_BD_clk_wiz_0 |    1 |     1 |    no |
|     2 | BD_i/mdm_1/U0/Ext_JTAG_UPDATE_BUFG_inst   | BD_i/mdm_1/U0/Ext_JTAG_UPDATE               |   72 |    42 |    no |
|     3 | BD_i/mdm_1/U0/No_Dbg_Reg_Access.BUFG_DRCK | BD_i/mdm_1/U0/Ext_JTAG_DRCK                 |  680 |   241 |    no |
|     4 | BD_i/clk_wiz/inst/clkout1_buf             | BD_i/clk_wiz/inst/clk_out1                  | 7628 |  2504 |    no |
+-------+-------------------------------------------+---------------------------------------------+------+-------+-------+


+-------+---------------------------------+-----------------------------------------+--------------+-------+
|       |                                 |                                         |   Num Loads  |       |
+-------+---------------------------------+-----------------------------------------+------+-------+-------+
| Index | MMCM Cell                       | Net Name                                | BELs | Sites | Fixed |
+-------+---------------------------------+-----------------------------------------+------+-------+-------+
|     1 | BD_i/clk_wiz/inst/mmcm_adv_inst | BD_i/clk_wiz/inst/clk_out1_BD_clk_wiz_0 |    1 |     1 |    no |
|     2 | BD_i/clk_wiz/inst/mmcm_adv_inst | BD_i/clk_wiz/inst/clkfbout_BD_clk_wiz_0 |    1 |     1 |    no |
+-------+---------------------------------+-----------------------------------------+------+-------+-------+


3. Details of Regional Clocks
-----------------------------

4. Details of Multi-Regional Clocks
-----------------------------------

5. Details of I/O Clocks
------------------------

6. Details of Local Clocks
--------------------------

+-------+--------------------------------+----------------------------------------+--------------+-------+
|       |                                |                                        |   Num Loads  |       |
+-------+--------------------------------+----------------------------------------+------+-------+-------+
| Index | Local Clk Src                  | Net Name                               | BELs | Sites | Fixed |
+-------+--------------------------------+----------------------------------------+------+-------+-------+
|     1 | BD_i/clk_wiz/inst/clkin1_ibufg | BD_i/clk_wiz/inst/clk_in1_BD_clk_wiz_0 |    1 |     1 |   yes |
+-------+--------------------------------+----------------------------------------+------+-------+-------+


7. Clock Regions : Key Resource Utilization
-------------------------------------------

+-------------------+--------------+--------------+--------------+--------------+--------------+--------------+--------------+--------------+--------------+--------------+--------------+--------------+--------------+--------------+--------------+
|                   | Global Clock |     BUFRs    |    BUFMRs    |    BUFIOs    |     MMCM     |      PLL     |      GT      |      PCI     |    ILOGIC    |    OLOGIC    |      FF      |     LUTM     |    RAMB18    |    RAMB36    |    DSP48E1   |
+-------------------+------+-------+------+-------+------+-------+------+-------+------+-------+------+-------+------+-------+------+-------+------+-------+------+-------+------+-------+------+-------+------+-------+------+-------+------+-------+
| Clock Region Name | Used | Avail | Used | Avail | Used | Avail | Used | Avail | Used | Avail | Used | Avail | Used | Avail | Used | Avail | Used | Avail | Used | Avail | Used | Avail | Used | Avail | Used | Avail | Used | Avail | Used | Avail |
+-------------------+------+-------+------+-------+------+-------+------+-------+------+-------+------+-------+------+-------+------+-------+------+-------+------+-------+------+-------+------+-------+------+-------+------+-------+------+-------+
| X0Y0              |    4 |    12 |    0 |     4 |    0 |     2 |    0 |     4 |    1 |     1 |    0 |     1 |    0 |     0 |    0 |     0 |    0 |    50 |    0 |    50 | 1178 | 20000 |  283 |  4000 |    0 |    60 |   22 |    30 |    0 |    60 |
| X1Y0              |    3 |    12 |    0 |     4 |    0 |     2 |    0 |     4 |    0 |     1 |    0 |     1 |    0 |     0 |    0 |     0 |    0 |    50 |    0 |    50 | 4985 | 25600 |  308 |  3400 |   16 |    60 |   20 |    30 |    0 |    40 |
| X0Y1              |    3 |    12 |    0 |     0 |    0 |     0 |    0 |     0 |    0 |     0 |    0 |     0 |    0 |     0 |    0 |     0 |    0 |     0 |    0 |     0 |  254 |  9600 |   55 |  1600 |    0 |    20 |    5 |    10 |    0 |    20 |
| X1Y1              |    3 |    12 |    0 |     4 |    0 |     2 |    0 |     4 |    0 |     1 |    0 |     1 |    0 |     0 |    0 |     0 |    0 |    50 |    0 |    50 |  975 | 20800 |  262 |  3400 |    0 |    60 |   17 |    30 |    0 |    40 |
| X0Y2              |    0 |    12 |    0 |     0 |    0 |     0 |    0 |     0 |    0 |     0 |    0 |     0 |    0 |     0 |    0 |     0 |    0 |     0 |    0 |     0 |    0 |  9600 |    0 |  1600 |    0 |    20 |    0 |    10 |    0 |    20 |
| X1Y2              |    0 |    12 |    0 |     4 |    0 |     2 |    0 |     4 |    0 |     1 |    0 |     1 |    0 |     0 |    0 |     0 |    0 |    50 |    0 |    50 |    0 | 20800 |    0 |  3400 |    0 |    60 |    0 |    30 |    0 |    40 |
+-------------------+------+-------+------+-------+------+-------+------+-------+------+-------+------+-------+------+-------+------+-------+------+-------+------+-------+------+-------+------+-------+------+-------+------+-------+------+-------+
* RAMB36 site can be used as two RAMB18/FIFO18 sites.


8. Net wise resources used in clock region X0Y0
-----------------------------------------------

+-------------+--------------+-------+-----------+----------+---------+-----------+---------+---------+------+-------+----------+---------------------------------------------+
| Source Type | BUFHCE Site  | Fixed | MMCM Pins | PLL Pins | GT Pins | BRAM Pins | ILOGICs | OLOGICs |  FFs | LUTMs | DSP48E1s |                Clock Net Name               |
+-------------+--------------+-------+-----------+----------+---------+-----------+---------+---------+------+-------+----------+---------------------------------------------+
| BUFG        | BUFHCE_X0Y0  |   no  |         1 |        0 |       0 |         0 |       0 |       0 |    0 |     0 |        0 | BD_i/clk_wiz/inst/clkfbout_buf_BD_clk_wiz_0 |
| BUFG        | BUFHCE_X0Y10 |   no  |         0 |        0 |       0 |         0 |       0 |       0 |   10 |     0 |        0 | BD_i/mdm_1/U0/Ext_JTAG_UPDATE               |
| BUFG        | BUFHCE_X0Y9  |   no  |         0 |        0 |       0 |         0 |       0 |       0 |  149 |    23 |        0 | BD_i/mdm_1/U0/Ext_JTAG_DRCK                 |
| BUFG        | BUFHCE_X0Y8  |   no  |         0 |        0 |       0 |        44 |       0 |       0 | 1019 |   260 |        0 | BD_i/clk_wiz/inst/clk_out1                  |
+-------------+--------------+-------+-----------+----------+---------+-----------+---------+---------+------+-------+----------+---------------------------------------------+


9. Net wise resources used in clock region X1Y0
-----------------------------------------------

+-------------+--------------+-------+-----------+----------+---------+-----------+---------+---------+------+-------+----------+-------------------------------+
| Source Type | BUFHCE Site  | Fixed | MMCM Pins | PLL Pins | GT Pins | BRAM Pins | ILOGICs | OLOGICs |  FFs | LUTMs | DSP48E1s |         Clock Net Name        |
+-------------+--------------+-------+-----------+----------+---------+-----------+---------+---------+------+-------+----------+-------------------------------+
| BUFG        | BUFHCE_X1Y10 |   no  |         0 |        0 |       0 |         0 |       0 |       0 |   42 |     0 |        0 | BD_i/mdm_1/U0/Ext_JTAG_UPDATE |
| BUFG        | BUFHCE_X1Y9  |   no  |         0 |        0 |       0 |         0 |       0 |       0 |  267 |    48 |        0 | BD_i/mdm_1/U0/Ext_JTAG_DRCK   |
| BUFG        | BUFHCE_X1Y8  |   no  |         0 |        0 |       0 |        72 |       0 |       0 | 4676 |   260 |        0 | BD_i/clk_wiz/inst/clk_out1    |
+-------------+--------------+-------+-----------+----------+---------+-----------+---------+---------+------+-------+----------+-------------------------------+


10. Net wise resources used in clock region X0Y1
------------------------------------------------

+-------------+--------------+-------+-----------+----------+---------+-----------+---------+---------+-----+-------+----------+-------------------------------+
| Source Type | BUFHCE Site  | Fixed | MMCM Pins | PLL Pins | GT Pins | BRAM Pins | ILOGICs | OLOGICs | FFs | LUTMs | DSP48E1s |         Clock Net Name        |
+-------------+--------------+-------+-----------+----------+---------+-----------+---------+---------+-----+-------+----------+-------------------------------+
| BUFG        | BUFHCE_X0Y22 |   no  |         0 |        0 |       0 |         0 |       0 |       0 |   6 |     0 |        0 | BD_i/mdm_1/U0/Ext_JTAG_UPDATE |
| BUFG        | BUFHCE_X0Y21 |   no  |         0 |        0 |       0 |         0 |       0 |       0 |  36 |     5 |        0 | BD_i/mdm_1/U0/Ext_JTAG_DRCK   |
| BUFG        | BUFHCE_X0Y20 |   no  |         0 |        0 |       0 |        10 |       0 |       0 | 212 |    50 |        0 | BD_i/clk_wiz/inst/clk_out1    |
+-------------+--------------+-------+-----------+----------+---------+-----------+---------+---------+-----+-------+----------+-------------------------------+


11. Net wise resources used in clock region X1Y1
------------------------------------------------

+-------------+--------------+-------+-----------+----------+---------+-----------+---------+---------+-----+-------+----------+-------------------------------+
| Source Type | BUFHCE Site  | Fixed | MMCM Pins | PLL Pins | GT Pins | BRAM Pins | ILOGICs | OLOGICs | FFs | LUTMs | DSP48E1s |         Clock Net Name        |
+-------------+--------------+-------+-----------+----------+---------+-----------+---------+---------+-----+-------+----------+-------------------------------+
| BUFG        | BUFHCE_X1Y22 |   no  |         0 |        0 |       0 |         0 |       0 |       0 |  14 |     0 |        0 | BD_i/mdm_1/U0/Ext_JTAG_UPDATE |
| BUFG        | BUFHCE_X1Y21 |   no  |         0 |        0 |       0 |         0 |       0 |       0 | 133 |    19 |        0 | BD_i/mdm_1/U0/Ext_JTAG_DRCK   |
| BUFG        | BUFHCE_X1Y20 |   no  |         0 |        0 |       0 |        34 |       0 |       0 | 828 |   243 |        0 | BD_i/clk_wiz/inst/clk_out1    |
+-------------+--------------+-------+-----------+----------+---------+-----------+---------+---------+-----+-------+----------+-------------------------------+



# Location of BUFG Primitives 
set_property LOC BUFGCTRL_X0Y0 [get_cells BD_i/clk_wiz/inst/clkout1_buf]
set_property LOC BUFGCTRL_X0Y3 [get_cells BD_i/clk_wiz/inst/clkf_buf]
set_property LOC BUFGCTRL_X0Y1 [get_cells BD_i/mdm_1/U0/No_Dbg_Reg_Access.BUFG_DRCK]
set_property LOC BUFGCTRL_X0Y2 [get_cells BD_i/mdm_1/U0/Ext_JTAG_UPDATE_BUFG_inst]

# Location of IO Clock Primitives

# Location of MMCM Clock Primitives
set_property LOC MMCME2_ADV_X0Y0 [get_cells BD_i/clk_wiz/inst/mmcm_adv_inst]

# Location of BUFH Clock Primitives

# Location of BUFR Clock Primitives

# Location of BUFMR Clock Primitives

# Location of PLL Clock Primitives

# Location of IO Primitives which is load of clock spine

# Location of clock ports
set_property LOC IOB_X0Y26 [get_ports GCLK]

# Clock net "BD_i/clk_wiz/inst/clk_out1" driven by instance "BD_i/clk_wiz/inst/clkout1_buf" located at site "BUFGCTRL_X0Y0"
#startgroup
create_pblock {CLKAG_BD_i/clk_wiz/inst/clk_out1}
add_cells_to_pblock [get_pblocks  {CLKAG_BD_i/clk_wiz/inst/clk_out1}] [get_cells -filter { PRIMITIVE_GROUP != I/O && IS_PRIMITIVE==1 && PRIMITIVE_LEVEL !=INTERNAL } -of_object [get_pins -filter {DIRECTION==IN} -of_objects [get_nets -hierarchical -filter {PARENT=="BD_i/clk_wiz/inst/clk_out1"}]]]
resize_pblock [get_pblocks {CLKAG_BD_i/clk_wiz/inst/clk_out1}] -add {CLOCKREGION_X0Y0:CLOCKREGION_X0Y0 CLOCKREGION_X0Y1:CLOCKREGION_X0Y1 CLOCKREGION_X1Y0:CLOCKREGION_X1Y0 CLOCKREGION_X1Y1:CLOCKREGION_X1Y1}
#endgroup

# Clock net "BD_i/mdm_1/U0/Ext_JTAG_DRCK" driven by instance "BD_i/mdm_1/U0/No_Dbg_Reg_Access.BUFG_DRCK" located at site "BUFGCTRL_X0Y1"
#startgroup
create_pblock {CLKAG_BD_i/mdm_1/U0/Ext_JTAG_DRCK}
add_cells_to_pblock [get_pblocks  {CLKAG_BD_i/mdm_1/U0/Ext_JTAG_DRCK}] [get_cells -filter { PRIMITIVE_GROUP != I/O && IS_PRIMITIVE==1 && PRIMITIVE_LEVEL !=INTERNAL } -of_object [get_pins -filter {DIRECTION==IN} -of_objects [get_nets -hierarchical -filter {PARENT=="BD_i/mdm_1/U0/Ext_JTAG_DRCK"}]]]
resize_pblock [get_pblocks {CLKAG_BD_i/mdm_1/U0/Ext_JTAG_DRCK}] -add {CLOCKREGION_X0Y0:CLOCKREGION_X0Y0 CLOCKREGION_X0Y1:CLOCKREGION_X0Y1 CLOCKREGION_X1Y0:CLOCKREGION_X1Y0 CLOCKREGION_X1Y1:CLOCKREGION_X1Y1}
#endgroup

# Clock net "BD_i/mdm_1/U0/Ext_JTAG_UPDATE" driven by instance "BD_i/mdm_1/U0/Ext_JTAG_UPDATE_BUFG_inst" located at site "BUFGCTRL_X0Y2"
#startgroup
create_pblock {CLKAG_BD_i/mdm_1/U0/Ext_JTAG_UPDATE}
add_cells_to_pblock [get_pblocks  {CLKAG_BD_i/mdm_1/U0/Ext_JTAG_UPDATE}] [get_cells -filter { PRIMITIVE_GROUP != I/O && IS_PRIMITIVE==1 && PRIMITIVE_LEVEL !=INTERNAL } -of_object [get_pins -filter {DIRECTION==IN} -of_objects [get_nets -hierarchical -filter {PARENT=="BD_i/mdm_1/U0/Ext_JTAG_UPDATE"}]]]
resize_pblock [get_pblocks {CLKAG_BD_i/mdm_1/U0/Ext_JTAG_UPDATE}] -add {CLOCKREGION_X0Y0:CLOCKREGION_X0Y0 CLOCKREGION_X0Y1:CLOCKREGION_X0Y1 CLOCKREGION_X1Y0:CLOCKREGION_X1Y0 CLOCKREGION_X1Y1:CLOCKREGION_X1Y1}
#endgroup
