
*** Running vivado
    with args -log BD_s02_data_fifo_0.vds -m64 -product Vivado -mode batch -messageDb vivado.pb -notrace -source BD_s02_data_fifo_0.tcl


****** Vivado v2016.3 (64-bit)
  **** SW Build 1682563 on Mon Oct 10 19:07:26 MDT 2016
  **** IP Build 1681267 on Mon Oct 10 21:28:31 MDT 2016
    ** Copyright 1986-2016 Xilinx, Inc. All Rights Reserved.

source BD_s02_data_fifo_0.tcl -notrace
Starting RTL Elaboration : Time (s): cpu = 00:00:10 ; elapsed = 00:00:10 . Memory (MB): peak = 1104.617 ; gain = 192.301 ; free physical = 431 ; free virtual = 125312
INFO: [Synth 8-638] synthesizing module 'BD_s02_data_fifo_0' [/home/tage/git/NoC/programmableCh/dfs/project/project.srcs/sources_1/bd/BD/ip/BD_s02_data_fifo_0/synth/BD_s02_data_fifo_0.v:58]
INFO: [Synth 8-638] synthesizing module 'axi_data_fifo_v2_1_9_axi_data_fifo' [/home/tage/git/NoC/programmableCh/dfs/project/project.srcs/sources_1/bd/BD/ipshared/10b8/hdl/axi_data_fifo_v2_1_vl_rfs.v:1282]
INFO: [Synth 8-256] done synthesizing module 'axi_data_fifo_v2_1_9_axi_data_fifo' (1#1) [/home/tage/git/NoC/programmableCh/dfs/project/project.srcs/sources_1/bd/BD/ipshared/10b8/hdl/axi_data_fifo_v2_1_vl_rfs.v:1282]
INFO: [Synth 8-256] done synthesizing module 'BD_s02_data_fifo_0' (2#1) [/home/tage/git/NoC/programmableCh/dfs/project/project.srcs/sources_1/bd/BD/ip/BD_s02_data_fifo_0/synth/BD_s02_data_fifo_0.v:58]
Finished RTL Elaboration : Time (s): cpu = 00:00:15 ; elapsed = 00:00:16 . Memory (MB): peak = 1225.086 ; gain = 312.770 ; free physical = 358 ; free virtual = 124351
Finished RTL Optimization Phase 1 : Time (s): cpu = 00:00:16 ; elapsed = 00:00:16 . Memory (MB): peak = 1225.086 ; gain = 312.770 ; free physical = 362 ; free virtual = 124335
INFO: [Device 21-403] Loading part xc7z020clg484-1
Constraint Validation Runtime : Time (s): cpu = 00:00:00.01 ; elapsed = 00:00:00.02 . Memory (MB): peak = 1445.961 ; gain = 0.000 ; free physical = 350 ; free virtual = 123922
Finished Constraint Validation : Time (s): cpu = 00:00:26 ; elapsed = 00:00:26 . Memory (MB): peak = 1445.961 ; gain = 533.645 ; free physical = 357 ; free virtual = 123863
Finished Loading Part and Timing Information : Time (s): cpu = 00:00:26 ; elapsed = 00:00:26 . Memory (MB): peak = 1445.961 ; gain = 533.645 ; free physical = 357 ; free virtual = 123863
Finished applying 'set_property' XDC Constraints : Time (s): cpu = 00:00:26 ; elapsed = 00:00:26 . Memory (MB): peak = 1445.961 ; gain = 533.645 ; free physical = 357 ; free virtual = 123863
Finished RTL Optimization Phase 2 : Time (s): cpu = 00:00:26 ; elapsed = 00:00:26 . Memory (MB): peak = 1445.961 ; gain = 533.645 ; free physical = 358 ; free virtual = 123857
Finished Cross Boundary and Area Optimization : Time (s): cpu = 00:00:26 ; elapsed = 00:00:27 . Memory (MB): peak = 1445.961 ; gain = 533.645 ; free physical = 358 ; free virtual = 123857
Finished Applying XDC Timing Constraints : Time (s): cpu = 00:00:35 ; elapsed = 00:00:36 . Memory (MB): peak = 1445.961 ; gain = 533.645 ; free physical = 783 ; free virtual = 124180
Finished Timing Optimization : Time (s): cpu = 00:00:35 ; elapsed = 00:00:36 . Memory (MB): peak = 1445.961 ; gain = 533.645 ; free physical = 783 ; free virtual = 124180
Finished Technology Mapping : Time (s): cpu = 00:00:35 ; elapsed = 00:00:36 . Memory (MB): peak = 1450.961 ; gain = 538.645 ; free physical = 774 ; free virtual = 124172
Finished IO Insertion : Time (s): cpu = 00:00:35 ; elapsed = 00:00:36 . Memory (MB): peak = 1450.961 ; gain = 538.645 ; free physical = 728 ; free virtual = 124126
Finished Renaming Generated Instances : Time (s): cpu = 00:00:35 ; elapsed = 00:00:36 . Memory (MB): peak = 1450.961 ; gain = 538.645 ; free physical = 727 ; free virtual = 124125
Finished Rebuilding User Hierarchy : Time (s): cpu = 00:00:35 ; elapsed = 00:00:36 . Memory (MB): peak = 1450.961 ; gain = 538.645 ; free physical = 727 ; free virtual = 124125
Finished Renaming Generated Ports : Time (s): cpu = 00:00:35 ; elapsed = 00:00:36 . Memory (MB): peak = 1450.961 ; gain = 538.645 ; free physical = 727 ; free virtual = 124125
Finished Handling Custom Attributes : Time (s): cpu = 00:00:35 ; elapsed = 00:00:36 . Memory (MB): peak = 1450.961 ; gain = 538.645 ; free physical = 719 ; free virtual = 124117
Finished Renaming Generated Nets : Time (s): cpu = 00:00:35 ; elapsed = 00:00:36 . Memory (MB): peak = 1450.961 ; gain = 538.645 ; free physical = 719 ; free virtual = 124117

Report Cell Usage: 
+-+-----+------+
| |Cell |Count |
+-+-----+------+
+-+-----+------+
Finished Writing Synthesis Report : Time (s): cpu = 00:00:35 ; elapsed = 00:00:36 . Memory (MB): peak = 1450.961 ; gain = 538.645 ; free physical = 719 ; free virtual = 124116
synth_design: Time (s): cpu = 00:00:32 ; elapsed = 00:00:33 . Memory (MB): peak = 1473.961 ; gain = 454.926 ; free physical = 658 ; free virtual = 124056
