
*** Running vivado
    with args -log BD_axi_clock_converter_mdm_0.vds -m64 -product Vivado -mode batch -messageDb vivado.pb -notrace -source BD_axi_clock_converter_mdm_0.tcl


****** Vivado v2016.3 (64-bit)
  **** SW Build 1682563 on Mon Oct 10 19:07:26 MDT 2016
  **** IP Build 1681267 on Mon Oct 10 21:28:31 MDT 2016
    ** Copyright 1986-2016 Xilinx, Inc. All Rights Reserved.

source BD_axi_clock_converter_mdm_0.tcl -notrace
Starting RTL Elaboration : Time (s): cpu = 00:00:11 ; elapsed = 00:00:11 . Memory (MB): peak = 1105.621 ; gain = 193.301 ; free physical = 980 ; free virtual = 123960
INFO: [Synth 8-638] synthesizing module 'BD_axi_clock_converter_mdm_0' [/home/tage/git/NoC/programmableCh/dfs/project/project.srcs/sources_1/bd/BD/ip/BD_axi_clock_converter_mdm_0/synth/BD_axi_clock_converter_mdm_0.v:58]
INFO: [Synth 8-638] synthesizing module 'axi_clock_converter_v2_1_9_axi_clock_converter' [/home/tage/git/NoC/programmableCh/dfs/project/project.srcs/sources_1/bd/BD/ipshared/cf3b/hdl/axi_clock_converter_v2_1_vl_rfs.v:642]
INFO: [Synth 8-638] synthesizing module 'axi_infrastructure_v1_1_0_axi2vector' [/home/tage/git/NoC/programmableCh/dfs/project/project.srcs/sources_1/bd/BD/ipshared/7e3a/hdl/axi_infrastructure_v1_1_vl_rfs.v:60]
INFO: [Synth 8-256] done synthesizing module 'axi_infrastructure_v1_1_0_axi2vector' (1#1) [/home/tage/git/NoC/programmableCh/dfs/project/project.srcs/sources_1/bd/BD/ipshared/7e3a/hdl/axi_infrastructure_v1_1_vl_rfs.v:60]
INFO: [Synth 8-638] synthesizing module 'axi_clock_converter_v2_1_9_lite_async' [/home/tage/git/NoC/programmableCh/dfs/project/project.srcs/sources_1/bd/BD/ipshared/cf3b/hdl/axi_clock_converter_v2_1_vl_rfs.v:514]
INFO: [Synth 8-638] synthesizing module 'xpm_cdc_handshake' [/opt/Xilinx/Vivado/2016.3/data/ip/xpm/xpm_cdc/hdl/xpm_cdc.sv:356]
INFO: [Synth 8-638] synthesizing module 'xpm_cdc_single' [/opt/Xilinx/Vivado/2016.3/data/ip/xpm/xpm_cdc/hdl/xpm_cdc.sv:99]
INFO: [Synth 8-256] done synthesizing module 'xpm_cdc_single' (2#1) [/opt/Xilinx/Vivado/2016.3/data/ip/xpm/xpm_cdc/hdl/xpm_cdc.sv:99]
INFO: [Synth 8-256] done synthesizing module 'xpm_cdc_handshake' (3#1) [/opt/Xilinx/Vivado/2016.3/data/ip/xpm/xpm_cdc/hdl/xpm_cdc.sv:356]
INFO: [Synth 8-256] done synthesizing module 'axi_clock_converter_v2_1_9_lite_async' (4#1) [/home/tage/git/NoC/programmableCh/dfs/project/project.srcs/sources_1/bd/BD/ipshared/cf3b/hdl/axi_clock_converter_v2_1_vl_rfs.v:514]
INFO: [Synth 8-638] synthesizing module 'axi_clock_converter_v2_1_9_lite_async__parameterized0' [/home/tage/git/NoC/programmableCh/dfs/project/project.srcs/sources_1/bd/BD/ipshared/cf3b/hdl/axi_clock_converter_v2_1_vl_rfs.v:514]
INFO: [Synth 8-638] synthesizing module 'xpm_cdc_handshake__parameterized0' [/opt/Xilinx/Vivado/2016.3/data/ip/xpm/xpm_cdc/hdl/xpm_cdc.sv:356]
INFO: [Synth 8-256] done synthesizing module 'xpm_cdc_handshake__parameterized0' (4#1) [/opt/Xilinx/Vivado/2016.3/data/ip/xpm/xpm_cdc/hdl/xpm_cdc.sv:356]
INFO: [Synth 8-256] done synthesizing module 'axi_clock_converter_v2_1_9_lite_async__parameterized0' (4#1) [/home/tage/git/NoC/programmableCh/dfs/project/project.srcs/sources_1/bd/BD/ipshared/cf3b/hdl/axi_clock_converter_v2_1_vl_rfs.v:514]
INFO: [Synth 8-638] synthesizing module 'axi_clock_converter_v2_1_9_lite_async__parameterized1' [/home/tage/git/NoC/programmableCh/dfs/project/project.srcs/sources_1/bd/BD/ipshared/cf3b/hdl/axi_clock_converter_v2_1_vl_rfs.v:514]
INFO: [Synth 8-638] synthesizing module 'xpm_cdc_handshake__parameterized1' [/opt/Xilinx/Vivado/2016.3/data/ip/xpm/xpm_cdc/hdl/xpm_cdc.sv:356]
INFO: [Synth 8-256] done synthesizing module 'xpm_cdc_handshake__parameterized1' (4#1) [/opt/Xilinx/Vivado/2016.3/data/ip/xpm/xpm_cdc/hdl/xpm_cdc.sv:356]
INFO: [Synth 8-256] done synthesizing module 'axi_clock_converter_v2_1_9_lite_async__parameterized1' (4#1) [/home/tage/git/NoC/programmableCh/dfs/project/project.srcs/sources_1/bd/BD/ipshared/cf3b/hdl/axi_clock_converter_v2_1_vl_rfs.v:514]
INFO: [Synth 8-638] synthesizing module 'axi_clock_converter_v2_1_9_lite_async__parameterized2' [/home/tage/git/NoC/programmableCh/dfs/project/project.srcs/sources_1/bd/BD/ipshared/cf3b/hdl/axi_clock_converter_v2_1_vl_rfs.v:514]
INFO: [Synth 8-638] synthesizing module 'xpm_cdc_handshake__parameterized2' [/opt/Xilinx/Vivado/2016.3/data/ip/xpm/xpm_cdc/hdl/xpm_cdc.sv:356]
INFO: [Synth 8-256] done synthesizing module 'xpm_cdc_handshake__parameterized2' (4#1) [/opt/Xilinx/Vivado/2016.3/data/ip/xpm/xpm_cdc/hdl/xpm_cdc.sv:356]
INFO: [Synth 8-256] done synthesizing module 'axi_clock_converter_v2_1_9_lite_async__parameterized2' (4#1) [/home/tage/git/NoC/programmableCh/dfs/project/project.srcs/sources_1/bd/BD/ipshared/cf3b/hdl/axi_clock_converter_v2_1_vl_rfs.v:514]
INFO: [Synth 8-638] synthesizing module 'axi_infrastructure_v1_1_0_vector2axi' [/home/tage/git/NoC/programmableCh/dfs/project/project.srcs/sources_1/bd/BD/ipshared/7e3a/hdl/axi_infrastructure_v1_1_vl_rfs.v:474]
INFO: [Synth 8-256] done synthesizing module 'axi_infrastructure_v1_1_0_vector2axi' (5#1) [/home/tage/git/NoC/programmableCh/dfs/project/project.srcs/sources_1/bd/BD/ipshared/7e3a/hdl/axi_infrastructure_v1_1_vl_rfs.v:474]
INFO: [Synth 8-256] done synthesizing module 'axi_clock_converter_v2_1_9_axi_clock_converter' (6#1) [/home/tage/git/NoC/programmableCh/dfs/project/project.srcs/sources_1/bd/BD/ipshared/cf3b/hdl/axi_clock_converter_v2_1_vl_rfs.v:642]
INFO: [Synth 8-256] done synthesizing module 'BD_axi_clock_converter_mdm_0' (7#1) [/home/tage/git/NoC/programmableCh/dfs/project/project.srcs/sources_1/bd/BD/ip/BD_axi_clock_converter_mdm_0/synth/BD_axi_clock_converter_mdm_0.v:58]
Finished RTL Elaboration : Time (s): cpu = 00:00:18 ; elapsed = 00:00:18 . Memory (MB): peak = 1227.090 ; gain = 314.770 ; free physical = 1466 ; free virtual = 124457
Finished RTL Optimization Phase 1 : Time (s): cpu = 00:00:18 ; elapsed = 00:00:19 . Memory (MB): peak = 1227.090 ; gain = 314.770 ; free physical = 1463 ; free virtual = 124454
INFO: [Device 21-403] Loading part xc7z020clg484-1
Constraint Validation Runtime : Time (s): cpu = 00:00:00.02 ; elapsed = 00:00:00.02 . Memory (MB): peak = 1534.965 ; gain = 0.000 ; free physical = 851 ; free virtual = 123834
Finished Constraint Validation : Time (s): cpu = 00:00:28 ; elapsed = 00:00:30 . Memory (MB): peak = 1534.965 ; gain = 622.645 ; free physical = 979 ; free virtual = 123973
Finished Loading Part and Timing Information : Time (s): cpu = 00:00:28 ; elapsed = 00:00:30 . Memory (MB): peak = 1534.965 ; gain = 622.645 ; free physical = 978 ; free virtual = 123972
Finished applying 'set_property' XDC Constraints : Time (s): cpu = 00:00:28 ; elapsed = 00:00:30 . Memory (MB): peak = 1534.965 ; gain = 622.645 ; free physical = 974 ; free virtual = 123968
Finished RTL Optimization Phase 2 : Time (s): cpu = 00:00:29 ; elapsed = 00:00:30 . Memory (MB): peak = 1534.965 ; gain = 622.645 ; free physical = 955 ; free virtual = 123938
Finished Cross Boundary and Area Optimization : Time (s): cpu = 00:00:29 ; elapsed = 00:00:31 . Memory (MB): peak = 1534.965 ; gain = 622.645 ; free physical = 926 ; free virtual = 123910
Finished Applying XDC Timing Constraints : Time (s): cpu = 00:00:38 ; elapsed = 00:00:40 . Memory (MB): peak = 1534.965 ; gain = 622.645 ; free physical = 496 ; free virtual = 123478
Finished Timing Optimization : Time (s): cpu = 00:00:38 ; elapsed = 00:00:40 . Memory (MB): peak = 1534.965 ; gain = 622.645 ; free physical = 479 ; free virtual = 123461
Finished Technology Mapping : Time (s): cpu = 00:00:39 ; elapsed = 00:00:40 . Memory (MB): peak = 1534.965 ; gain = 622.645 ; free physical = 464 ; free virtual = 123445
Finished IO Insertion : Time (s): cpu = 00:00:39 ; elapsed = 00:00:41 . Memory (MB): peak = 1534.965 ; gain = 622.645 ; free physical = 454 ; free virtual = 123437
Finished Renaming Generated Instances : Time (s): cpu = 00:00:39 ; elapsed = 00:00:41 . Memory (MB): peak = 1534.965 ; gain = 622.645 ; free physical = 454 ; free virtual = 123438
Finished Rebuilding User Hierarchy : Time (s): cpu = 00:00:39 ; elapsed = 00:00:41 . Memory (MB): peak = 1534.965 ; gain = 622.645 ; free physical = 453 ; free virtual = 123438
Finished Renaming Generated Ports : Time (s): cpu = 00:00:39 ; elapsed = 00:00:41 . Memory (MB): peak = 1534.965 ; gain = 622.645 ; free physical = 453 ; free virtual = 123438
Finished Handling Custom Attributes : Time (s): cpu = 00:00:39 ; elapsed = 00:00:41 . Memory (MB): peak = 1534.965 ; gain = 622.645 ; free physical = 449 ; free virtual = 123437
Finished Renaming Generated Nets : Time (s): cpu = 00:00:39 ; elapsed = 00:00:41 . Memory (MB): peak = 1534.965 ; gain = 622.645 ; free physical = 449 ; free virtual = 123436

Report Cell Usage: 
+------+-----+------+
|      |Cell |Count |
+------+-----+------+
|1     |LUT1 |     6|
|2     |LUT2 |     5|
|3     |LUT3 |     2|
|4     |LUT4 |     5|
|5     |LUT5 |    20|
|6     |LUT6 |    15|
|7     |FDRE |   242|
+------+-----+------+
Finished Writing Synthesis Report : Time (s): cpu = 00:00:39 ; elapsed = 00:00:41 . Memory (MB): peak = 1534.965 ; gain = 622.645 ; free physical = 449 ; free virtual = 123436
synth_design: Time (s): cpu = 00:00:39 ; elapsed = 00:00:41 . Memory (MB): peak = 1972.137 ; gain = 953.098 ; free physical = 370 ; free virtual = 122897
