
*** Running vivado
    with args -log BD_util_vector_logic_1_0.vds -m64 -product Vivado -mode batch -messageDb vivado.pb -notrace -source BD_util_vector_logic_1_0.tcl


****** Vivado v2016.3 (64-bit)
  **** SW Build 1682563 on Mon Oct 10 19:07:26 MDT 2016
  **** IP Build 1681267 on Mon Oct 10 21:28:31 MDT 2016
    ** Copyright 1986-2016 Xilinx, Inc. All Rights Reserved.

source BD_util_vector_logic_1_0.tcl -notrace
Starting RTL Elaboration : Time (s): cpu = 00:00:10 ; elapsed = 00:00:12 . Memory (MB): peak = 1100.621 ; gain = 188.301 ; free physical = 1537 ; free virtual = 124510
INFO: [Synth 8-638] synthesizing module 'BD_util_vector_logic_1_0' [/home/tage/git/NoC/programmableCh/dfs/project/project.srcs/sources_1/bd/BD/ip/BD_util_vector_logic_1_0/synth/BD_util_vector_logic_1_0.vhd:67]
INFO: [Synth 8-638] synthesizing module 'util_vector_logic' [/home/tage/git/NoC/programmableCh/dfs/project/project.srcs/sources_1/bd/BD/ipshared/1d19/hdl/util_vector_logic.vhd:88]
INFO: [Synth 8-256] done synthesizing module 'util_vector_logic' (1#1) [/home/tage/git/NoC/programmableCh/dfs/project/project.srcs/sources_1/bd/BD/ipshared/1d19/hdl/util_vector_logic.vhd:88]
INFO: [Synth 8-256] done synthesizing module 'BD_util_vector_logic_1_0' (2#1) [/home/tage/git/NoC/programmableCh/dfs/project/project.srcs/sources_1/bd/BD/ip/BD_util_vector_logic_1_0/synth/BD_util_vector_logic_1_0.vhd:67]
Finished RTL Elaboration : Time (s): cpu = 00:00:11 ; elapsed = 00:00:13 . Memory (MB): peak = 1141.090 ; gain = 228.770 ; free physical = 1382 ; free virtual = 124349
Finished RTL Optimization Phase 1 : Time (s): cpu = 00:00:11 ; elapsed = 00:00:13 . Memory (MB): peak = 1141.090 ; gain = 228.770 ; free physical = 1346 ; free virtual = 124313
INFO: [Device 21-403] Loading part xc7z020clg484-1
Constraint Validation Runtime : Time (s): cpu = 00:00:00.02 ; elapsed = 00:00:00.01 . Memory (MB): peak = 1430.660 ; gain = 1.000 ; free physical = 869 ; free virtual = 123837
Finished Constraint Validation : Time (s): cpu = 00:00:23 ; elapsed = 00:00:24 . Memory (MB): peak = 1430.660 ; gain = 518.340 ; free physical = 924 ; free virtual = 123909
Finished Loading Part and Timing Information : Time (s): cpu = 00:00:23 ; elapsed = 00:00:24 . Memory (MB): peak = 1430.660 ; gain = 518.340 ; free physical = 924 ; free virtual = 123909
Finished applying 'set_property' XDC Constraints : Time (s): cpu = 00:00:23 ; elapsed = 00:00:24 . Memory (MB): peak = 1430.660 ; gain = 518.340 ; free physical = 923 ; free virtual = 123908
Finished RTL Optimization Phase 2 : Time (s): cpu = 00:00:23 ; elapsed = 00:00:25 . Memory (MB): peak = 1430.660 ; gain = 518.340 ; free physical = 920 ; free virtual = 123904
Finished Cross Boundary and Area Optimization : Time (s): cpu = 00:00:23 ; elapsed = 00:00:25 . Memory (MB): peak = 1430.660 ; gain = 518.340 ; free physical = 1953 ; free virtual = 124936
Finished Applying XDC Timing Constraints : Time (s): cpu = 00:00:32 ; elapsed = 00:00:35 . Memory (MB): peak = 1455.660 ; gain = 543.340 ; free physical = 1041 ; free virtual = 124025
Finished Timing Optimization : Time (s): cpu = 00:00:32 ; elapsed = 00:00:35 . Memory (MB): peak = 1455.660 ; gain = 543.340 ; free physical = 1041 ; free virtual = 124025
Finished Technology Mapping : Time (s): cpu = 00:00:32 ; elapsed = 00:00:35 . Memory (MB): peak = 1465.676 ; gain = 553.355 ; free physical = 1033 ; free virtual = 124018
Finished IO Insertion : Time (s): cpu = 00:00:33 ; elapsed = 00:00:35 . Memory (MB): peak = 1465.676 ; gain = 553.355 ; free physical = 1000 ; free virtual = 123985
Finished Renaming Generated Instances : Time (s): cpu = 00:00:33 ; elapsed = 00:00:35 . Memory (MB): peak = 1465.676 ; gain = 553.355 ; free physical = 1000 ; free virtual = 123985
Finished Rebuilding User Hierarchy : Time (s): cpu = 00:00:33 ; elapsed = 00:00:35 . Memory (MB): peak = 1465.676 ; gain = 553.355 ; free physical = 1000 ; free virtual = 123985
Finished Renaming Generated Ports : Time (s): cpu = 00:00:33 ; elapsed = 00:00:35 . Memory (MB): peak = 1465.676 ; gain = 553.355 ; free physical = 1000 ; free virtual = 123985
Finished Handling Custom Attributes : Time (s): cpu = 00:00:33 ; elapsed = 00:00:35 . Memory (MB): peak = 1465.676 ; gain = 553.355 ; free physical = 998 ; free virtual = 123983
Finished Renaming Generated Nets : Time (s): cpu = 00:00:33 ; elapsed = 00:00:35 . Memory (MB): peak = 1465.676 ; gain = 553.355 ; free physical = 998 ; free virtual = 123983

Report Cell Usage: 
+------+-----+------+
|      |Cell |Count |
+------+-----+------+
|1     |LUT2 |     8|
+------+-----+------+
Finished Writing Synthesis Report : Time (s): cpu = 00:00:33 ; elapsed = 00:00:35 . Memory (MB): peak = 1465.676 ; gain = 553.355 ; free physical = 998 ; free virtual = 123983
synth_design: Time (s): cpu = 00:00:29 ; elapsed = 00:00:31 . Memory (MB): peak = 1470.676 ; gain = 451.637 ; free physical = 883 ; free virtual = 123867
