
*** Running vivado
    with args -log BD_cpu_0_0_0.vds -m64 -product Vivado -mode batch -messageDb vivado.pb -notrace -source BD_cpu_0_0_0.tcl


****** Vivado v2016.3 (64-bit)
  **** SW Build 1682563 on Mon Oct 10 19:07:26 MDT 2016
  **** IP Build 1681267 on Mon Oct 10 21:28:31 MDT 2016
    ** Copyright 1986-2016 Xilinx, Inc. All Rights Reserved.

source BD_cpu_0_0_0.tcl -notrace
Starting RTL Elaboration : Time (s): cpu = 00:00:10 ; elapsed = 00:00:10 . Memory (MB): peak = 1110.520 ; gain = 191.301 ; free physical = 1013 ; free virtual = 125052
INFO: [Synth 8-638] synthesizing module 'BD_cpu_0_0_0' [/home/tage/DegreeProject/zc702/NoC2xD/NoC2x2_1MHz_ZeroReleaseSiegenDemo_Tage/NoC2x2_1MHz_ZeroReleaseSiegenDemo_Tage.srcs/sources_1/bd/BD/ip/BD_cpu_0_0_0/synth/BD_cpu_0_0_0.vhd:116]
INFO: [Synth 8-256] done synthesizing module 'BD_cpu_0_0_0' (52#1) [/home/tage/DegreeProject/zc702/NoC2xD/NoC2x2_1MHz_ZeroReleaseSiegenDemo_Tage/NoC2x2_1MHz_ZeroReleaseSiegenDemo_Tage.srcs/sources_1/bd/BD/ip/BD_cpu_0_0_0/synth/BD_cpu_0_0_0.vhd:116]
Finished RTL Elaboration : Time (s): cpu = 00:00:17 ; elapsed = 00:00:18 . Memory (MB): peak = 1292.988 ; gain = 373.770 ; free physical = 422 ; free virtual = 123591
Finished RTL Optimization Phase 1 : Time (s): cpu = 00:00:17 ; elapsed = 00:00:19 . Memory (MB): peak = 1292.988 ; gain = 373.770 ; free physical = 421 ; free virtual = 123591
INFO: [Device 21-403] Loading part xc7z020clg484-1
Constraint Validation Runtime : Time (s): cpu = 00:00:00.35 ; elapsed = 00:00:00.35 . Memory (MB): peak = 1610.863 ; gain = 1.000 ; free physical = 415 ; free virtual = 123321
Finished Constraint Validation : Time (s): cpu = 00:00:31 ; elapsed = 00:00:33 . Memory (MB): peak = 1610.863 ; gain = 691.645 ; free physical = 365 ; free virtual = 123008
Finished Loading Part and Timing Information : Time (s): cpu = 00:00:31 ; elapsed = 00:00:33 . Memory (MB): peak = 1610.863 ; gain = 691.645 ; free physical = 365 ; free virtual = 123007
Finished applying 'set_property' XDC Constraints : Time (s): cpu = 00:00:31 ; elapsed = 00:00:33 . Memory (MB): peak = 1610.863 ; gain = 691.645 ; free physical = 362 ; free virtual = 123005
Finished RTL Optimization Phase 2 : Time (s): cpu = 00:00:35 ; elapsed = 00:00:38 . Memory (MB): peak = 1610.863 ; gain = 691.645 ; free physical = 2652 ; free virtual = 125264
Finished Cross Boundary and Area Optimization : Time (s): cpu = 00:00:47 ; elapsed = 00:00:52 . Memory (MB): peak = 1610.863 ; gain = 691.645 ; free physical = 3292 ; free virtual = 125906
Finished Applying XDC Timing Constraints : Time (s): cpu = 00:00:56 ; elapsed = 00:01:01 . Memory (MB): peak = 1610.863 ; gain = 691.645 ; free physical = 2110 ; free virtual = 124725
Finished Timing Optimization : Time (s): cpu = 00:01:06 ; elapsed = 00:01:12 . Memory (MB): peak = 1620.285 ; gain = 701.066 ; free physical = 1113 ; free virtual = 123729
Finished Technology Mapping : Time (s): cpu = 00:01:08 ; elapsed = 00:01:15 . Memory (MB): peak = 1620.285 ; gain = 701.066 ; free physical = 958 ; free virtual = 123583
Finished IO Insertion : Time (s): cpu = 00:01:09 ; elapsed = 00:01:15 . Memory (MB): peak = 1620.285 ; gain = 701.066 ; free physical = 938 ; free virtual = 123554
Finished Renaming Generated Instances : Time (s): cpu = 00:01:09 ; elapsed = 00:01:15 . Memory (MB): peak = 1620.285 ; gain = 701.066 ; free physical = 935 ; free virtual = 123551
Finished Rebuilding User Hierarchy : Time (s): cpu = 00:01:09 ; elapsed = 00:01:16 . Memory (MB): peak = 1620.285 ; gain = 701.066 ; free physical = 844 ; free virtual = 123461
Finished Renaming Generated Ports : Time (s): cpu = 00:01:09 ; elapsed = 00:01:16 . Memory (MB): peak = 1620.285 ; gain = 701.066 ; free physical = 834 ; free virtual = 123451
Finished Handling Custom Attributes : Time (s): cpu = 00:01:09 ; elapsed = 00:01:16 . Memory (MB): peak = 1620.285 ; gain = 701.066 ; free physical = 803 ; free virtual = 123420
Finished Renaming Generated Nets : Time (s): cpu = 00:01:09 ; elapsed = 00:01:16 . Memory (MB): peak = 1620.285 ; gain = 701.066 ; free physical = 799 ; free virtual = 123415

Report Cell Usage: 
+------+---------+------+
|      |Cell     |Count |
+------+---------+------+
|1     |AND2B1L  |     1|
|2     |LUT1     |    17|
|3     |LUT2     |    72|
|4     |LUT3     |   281|
|5     |LUT4     |   105|
|6     |LUT5     |   143|
|7     |LUT6     |   369|
|8     |LUT6_2   |    80|
|9     |MULT_AND |     1|
|10    |MUXCY_L  |   136|
|11    |MUXF7    |   116|
|12    |RAM32M   |    16|
|13    |SRL16E   |    89|
|14    |SRLC16E  |     8|
|15    |XORCY    |    94|
|16    |FDCE     |   143|
|17    |FDE      |    32|
|18    |FDR      |    87|
|19    |FDRE     |  1209|
|20    |FDS      |     1|
|21    |FDSE     |    36|
+------+---------+------+
Finished Writing Synthesis Report : Time (s): cpu = 00:01:09 ; elapsed = 00:01:16 . Memory (MB): peak = 1620.285 ; gain = 701.066 ; free physical = 797 ; free virtual = 123413
synth_design: Time (s): cpu = 00:01:11 ; elapsed = 00:01:17 . Memory (MB): peak = 2083.473 ; gain = 1059.535 ; free physical = 766 ; free virtual = 123384
