
*** Running vivado
    with args -log BD_lmb_bram_1.vds -m64 -product Vivado -mode batch -messageDb vivado.pb -notrace -source BD_lmb_bram_1.tcl


****** Vivado v2016.3 (64-bit)
  **** SW Build 1682563 on Mon Oct 10 19:07:26 MDT 2016
  **** IP Build 1681267 on Mon Oct 10 21:28:31 MDT 2016
    ** Copyright 1986-2016 Xilinx, Inc. All Rights Reserved.

source BD_lmb_bram_1.tcl -notrace
Starting RTL Elaboration : Time (s): cpu = 00:00:10 ; elapsed = 00:00:11 . Memory (MB): peak = 1108.520 ; gain = 189.301 ; free physical = 2989 ; free virtual = 125645
INFO: [Synth 8-638] synthesizing module 'BD_lmb_bram_1' [/home/tage/DegreeProject/zc702/NoC2xD/NoC2x2_1MHz_ZeroReleaseSiegenDemo_Tage/NoC2x2_1MHz_ZeroReleaseSiegenDemo_Tage.srcs/sources_1/bd/BD/ip/BD_lmb_bram_1/synth/BD_lmb_bram_1.vhd:78]
INFO: [Synth 8-256] done synthesizing module 'BD_lmb_bram_1' (11#1) [/home/tage/DegreeProject/zc702/NoC2xD/NoC2x2_1MHz_ZeroReleaseSiegenDemo_Tage/NoC2x2_1MHz_ZeroReleaseSiegenDemo_Tage.srcs/sources_1/bd/BD/ip/BD_lmb_bram_1/synth/BD_lmb_bram_1.vhd:78]
Finished RTL Elaboration : Time (s): cpu = 00:01:08 ; elapsed = 00:01:16 . Memory (MB): peak = 1308.660 ; gain = 389.441 ; free physical = 1965 ; free virtual = 124647
Finished RTL Optimization Phase 1 : Time (s): cpu = 00:01:08 ; elapsed = 00:01:17 . Memory (MB): peak = 1308.660 ; gain = 389.441 ; free physical = 1955 ; free virtual = 124637
INFO: [Device 21-403] Loading part xc7z020clg484-1
Constraint Validation Runtime : Time (s): cpu = 00:00:00.03 ; elapsed = 00:00:00.02 . Memory (MB): peak = 1515.535 ; gain = 0.000 ; free physical = 1946 ; free virtual = 124634
Finished Constraint Validation : Time (s): cpu = 00:01:21 ; elapsed = 00:01:32 . Memory (MB): peak = 1515.535 ; gain = 596.316 ; free physical = 1942 ; free virtual = 124627
Finished Loading Part and Timing Information : Time (s): cpu = 00:01:21 ; elapsed = 00:01:32 . Memory (MB): peak = 1515.535 ; gain = 596.316 ; free physical = 1942 ; free virtual = 124627
Finished applying 'set_property' XDC Constraints : Time (s): cpu = 00:01:21 ; elapsed = 00:01:32 . Memory (MB): peak = 1515.535 ; gain = 596.316 ; free physical = 1942 ; free virtual = 124626
Finished RTL Optimization Phase 2 : Time (s): cpu = 00:01:22 ; elapsed = 00:01:33 . Memory (MB): peak = 1515.535 ; gain = 596.316 ; free physical = 1917 ; free virtual = 124602
Finished Cross Boundary and Area Optimization : Time (s): cpu = 00:01:22 ; elapsed = 00:01:33 . Memory (MB): peak = 1515.535 ; gain = 596.316 ; free physical = 1870 ; free virtual = 124554
Finished Applying XDC Timing Constraints : Time (s): cpu = 00:01:30 ; elapsed = 00:01:41 . Memory (MB): peak = 1515.535 ; gain = 596.316 ; free physical = 2223 ; free virtual = 124917
Finished Timing Optimization : Time (s): cpu = 00:01:30 ; elapsed = 00:01:41 . Memory (MB): peak = 1515.535 ; gain = 596.316 ; free physical = 2222 ; free virtual = 124916
Finished Technology Mapping : Time (s): cpu = 00:01:30 ; elapsed = 00:01:41 . Memory (MB): peak = 1515.535 ; gain = 596.316 ; free physical = 2212 ; free virtual = 124906
Finished IO Insertion : Time (s): cpu = 00:01:30 ; elapsed = 00:01:42 . Memory (MB): peak = 1515.535 ; gain = 596.316 ; free physical = 2203 ; free virtual = 124896
Finished Renaming Generated Instances : Time (s): cpu = 00:01:30 ; elapsed = 00:01:42 . Memory (MB): peak = 1515.535 ; gain = 596.316 ; free physical = 2202 ; free virtual = 124896
Finished Rebuilding User Hierarchy : Time (s): cpu = 00:01:30 ; elapsed = 00:01:42 . Memory (MB): peak = 1515.535 ; gain = 596.316 ; free physical = 2201 ; free virtual = 124895
Finished Renaming Generated Ports : Time (s): cpu = 00:01:30 ; elapsed = 00:01:42 . Memory (MB): peak = 1515.535 ; gain = 596.316 ; free physical = 2201 ; free virtual = 124895
Finished Handling Custom Attributes : Time (s): cpu = 00:01:31 ; elapsed = 00:01:42 . Memory (MB): peak = 1515.535 ; gain = 596.316 ; free physical = 2198 ; free virtual = 124892
Finished Renaming Generated Nets : Time (s): cpu = 00:01:31 ; elapsed = 00:01:42 . Memory (MB): peak = 1515.535 ; gain = 596.316 ; free physical = 2198 ; free virtual = 124891

Report Cell Usage: 
+------+---------+------+
|      |Cell     |Count |
+------+---------+------+
|1     |RAMB36E1 |    16|
+------+---------+------+
Finished Writing Synthesis Report : Time (s): cpu = 00:01:31 ; elapsed = 00:01:42 . Memory (MB): peak = 1515.535 ; gain = 596.316 ; free physical = 2198 ; free virtual = 124891
synth_design: Time (s): cpu = 00:01:27 ; elapsed = 00:01:38 . Memory (MB): peak = 1515.535 ; gain = 489.598 ; free physical = 2116 ; free virtual = 124811
