
*** Running vivado
    with args -log BD_dlmb_v10_2.vds -m64 -product Vivado -mode batch -messageDb vivado.pb -notrace -source BD_dlmb_v10_2.tcl


****** Vivado v2016.3 (64-bit)
  **** SW Build 1682563 on Mon Oct 10 19:07:26 MDT 2016
  **** IP Build 1681267 on Mon Oct 10 21:28:31 MDT 2016
    ** Copyright 1986-2016 Xilinx, Inc. All Rights Reserved.

source BD_dlmb_v10_2.tcl -notrace
Starting RTL Elaboration : Time (s): cpu = 00:00:09 ; elapsed = 00:00:09 . Memory (MB): peak = 1099.617 ; gain = 187.301 ; free physical = 1754 ; free virtual = 124695
INFO: [Synth 8-638] synthesizing module 'BD_dlmb_v10_2' [/home/tage/git/NoC/programmableCh/dfs/project/project.srcs/sources_1/bd/BD/ip/BD_dlmb_v10_2/synth/BD_dlmb_v10_2.vhd:89]
INFO: [Synth 8-638] synthesizing module 'lmb_v10' [/home/tage/git/NoC/programmableCh/dfs/project/project.srcs/sources_1/bd/BD/ipshared/162e/hdl/lmb_v10_v3_0_vh_rfs.vhd:140]
INFO: [Synth 8-638] synthesizing module 'FDS' [/opt/Xilinx/Vivado/2016.3/scripts/rt/data/unisim_comp.v:4087]
INFO: [Synth 8-256] done synthesizing module 'FDS' (1#1) [/opt/Xilinx/Vivado/2016.3/scripts/rt/data/unisim_comp.v:4087]
INFO: [Synth 8-256] done synthesizing module 'lmb_v10' (2#1) [/home/tage/git/NoC/programmableCh/dfs/project/project.srcs/sources_1/bd/BD/ipshared/162e/hdl/lmb_v10_v3_0_vh_rfs.vhd:140]
INFO: [Synth 8-256] done synthesizing module 'BD_dlmb_v10_2' (3#1) [/home/tage/git/NoC/programmableCh/dfs/project/project.srcs/sources_1/bd/BD/ip/BD_dlmb_v10_2/synth/BD_dlmb_v10_2.vhd:89]
Finished RTL Elaboration : Time (s): cpu = 00:00:09 ; elapsed = 00:00:10 . Memory (MB): peak = 1140.086 ; gain = 227.770 ; free physical = 1670 ; free virtual = 124611
Finished RTL Optimization Phase 1 : Time (s): cpu = 00:00:09 ; elapsed = 00:00:10 . Memory (MB): peak = 1140.086 ; gain = 227.770 ; free physical = 1667 ; free virtual = 124609
INFO: [Device 21-403] Loading part xc7z020clg484-1
Constraint Validation Runtime : Time (s): cpu = 00:00:00.01 ; elapsed = 00:00:00.01 . Memory (MB): peak = 1437.672 ; gain = 0.000 ; free physical = 947 ; free virtual = 123888
Finished Constraint Validation : Time (s): cpu = 00:00:20 ; elapsed = 00:00:21 . Memory (MB): peak = 1437.672 ; gain = 525.355 ; free physical = 1193 ; free virtual = 124134
Finished Loading Part and Timing Information : Time (s): cpu = 00:00:20 ; elapsed = 00:00:21 . Memory (MB): peak = 1437.672 ; gain = 525.355 ; free physical = 1193 ; free virtual = 124134
Finished applying 'set_property' XDC Constraints : Time (s): cpu = 00:00:20 ; elapsed = 00:00:21 . Memory (MB): peak = 1437.672 ; gain = 525.355 ; free physical = 1192 ; free virtual = 124133
Finished RTL Optimization Phase 2 : Time (s): cpu = 00:00:20 ; elapsed = 00:00:22 . Memory (MB): peak = 1437.672 ; gain = 525.355 ; free physical = 1182 ; free virtual = 124123
Finished Cross Boundary and Area Optimization : Time (s): cpu = 00:00:20 ; elapsed = 00:00:22 . Memory (MB): peak = 1437.672 ; gain = 525.355 ; free physical = 1178 ; free virtual = 124119
Finished Applying XDC Timing Constraints : Time (s): cpu = 00:00:29 ; elapsed = 00:00:32 . Memory (MB): peak = 1437.672 ; gain = 525.355 ; free physical = 1267 ; free virtual = 124212
Finished Timing Optimization : Time (s): cpu = 00:00:29 ; elapsed = 00:00:32 . Memory (MB): peak = 1437.672 ; gain = 525.355 ; free physical = 1267 ; free virtual = 124212
Finished Technology Mapping : Time (s): cpu = 00:00:29 ; elapsed = 00:00:32 . Memory (MB): peak = 1441.672 ; gain = 529.355 ; free physical = 1257 ; free virtual = 124202
Finished IO Insertion : Time (s): cpu = 00:00:30 ; elapsed = 00:00:32 . Memory (MB): peak = 1441.672 ; gain = 529.355 ; free physical = 1231 ; free virtual = 124175
Finished Renaming Generated Instances : Time (s): cpu = 00:00:30 ; elapsed = 00:00:32 . Memory (MB): peak = 1441.672 ; gain = 529.355 ; free physical = 1231 ; free virtual = 124175
Finished Rebuilding User Hierarchy : Time (s): cpu = 00:00:30 ; elapsed = 00:00:32 . Memory (MB): peak = 1441.672 ; gain = 529.355 ; free physical = 1231 ; free virtual = 124175
Finished Renaming Generated Ports : Time (s): cpu = 00:00:30 ; elapsed = 00:00:32 . Memory (MB): peak = 1441.672 ; gain = 529.355 ; free physical = 1230 ; free virtual = 124174
Finished Handling Custom Attributes : Time (s): cpu = 00:00:30 ; elapsed = 00:00:32 . Memory (MB): peak = 1441.672 ; gain = 529.355 ; free physical = 1228 ; free virtual = 124172
Finished Renaming Generated Nets : Time (s): cpu = 00:00:30 ; elapsed = 00:00:32 . Memory (MB): peak = 1441.672 ; gain = 529.355 ; free physical = 1228 ; free virtual = 124172

Report Cell Usage: 
+------+-----+------+
|      |Cell |Count |
+------+-----+------+
|1     |FDS  |     1|
+------+-----+------+
Finished Writing Synthesis Report : Time (s): cpu = 00:00:30 ; elapsed = 00:00:32 . Memory (MB): peak = 1441.672 ; gain = 529.355 ; free physical = 1228 ; free virtual = 124172
synth_design: Time (s): cpu = 00:00:27 ; elapsed = 00:00:29 . Memory (MB): peak = 1458.672 ; gain = 440.637 ; free physical = 1062 ; free virtual = 124016
