Copyright 1986-2016 Xilinx, Inc. All Rights Reserved.
------------------------------------------------------------------------------------------------------------------------
| Tool Version : Vivado v.2016.3 (lin64) Build 1682563 Mon Oct 10 19:07:26 MDT 2016
| Date         : Mon May 22 11:44:32 2017
| Host         : tagesHPZ240 running 64-bit Ubuntu 16.04.1 LTS
| Command      : report_drc -file BD_wrapper_drc_routed.rpt -pb BD_wrapper_drc_routed.pb -rpx BD_wrapper_drc_routed.rpx
| Design       : BD_wrapper
| Device       : xc7z020clg484-1
| Speed File   : -1
| Design State : Routed
------------------------------------------------------------------------------------------------------------------------

Report DRC

Table of Contents
-----------------
1. REPORT SUMMARY
2. REPORT DETAILS

1. REPORT SUMMARY
-----------------
            Netlist: netlist
          Floorplan: design_1
      Design limits: <entire design considered>
           Ruledeck: default
             Max violations: <unlimited>
             Violations found: 37
+-----------+----------+----------------------------+------------+
| Rule      | Severity | Description                | Violations |
+-----------+----------+----------------------------+------------+
| CHECK-3   | Warning  | Report rule limit reached  | 1          |
| DPIP-1    | Warning  | Input pipelining           | 9          |
| DPOP-1    | Warning  | PREG Output pipelining     | 3          |
| DPOP-2    | Warning  | MREG Output pipelining     | 3          |
| REQP-1839 | Warning  | RAMB36 async control check | 20         |
| RTSTAT-10 | Warning  | No routable loads          | 1          |
+-----------+----------+----------------------------+------------+

2. REPORT DETAILS
-----------------
CHECK-3#1 Warning
Report rule limit reached  
REQP-1839 rule limit reached: 20 violations have been found.
Related violations: <none>

DPIP-1#1 Warning
Input pipelining  
DSP BD_i/microblaze_1/U0/MicroBlaze_Core_I/Performance.Core/Use_Debug_Logic.Master_Core.Debug_Perf/Use_Statistics.Debug_Stat_I/all_statistics_counters[5].Debug_Stat_Counter_i/Gen_Access_Counter.Using_DSP48_Architectures.No_MUL64.dsp_module_I2/Using_DSP48E1.DSP48E1_I1/Using_FPGA.DSP48E1_I1 input BD_i/microblaze_1/U0/MicroBlaze_Core_I/Performance.Core/Use_Debug_Logic.Master_Core.Debug_Perf/Use_Statistics.Debug_Stat_I/all_statistics_counters[5].Debug_Stat_Counter_i/Gen_Access_Counter.Using_DSP48_Architectures.No_MUL64.dsp_module_I2/Using_DSP48E1.DSP48E1_I1/Using_FPGA.DSP48E1_I1/B[17:0] is not pipelined. Pipelining DSP48 input will improve performance.
Related violations: <none>

DPIP-1#2 Warning
Input pipelining  
DSP BD_i/microblaze_1/U0/MicroBlaze_Core_I/Performance.Core/Use_Debug_Logic.Master_Core.Debug_Perf/Use_Statistics.Debug_Stat_I/all_statistics_counters[5].Debug_Stat_Counter_i/Gen_Access_Counter.Using_DSP48_Architectures.dsp_module_I1/Using_DSP48E1.DSP48E1_I1/Using_FPGA.DSP48E1_I1 input BD_i/microblaze_1/U0/MicroBlaze_Core_I/Performance.Core/Use_Debug_Logic.Master_Core.Debug_Perf/Use_Statistics.Debug_Stat_I/all_statistics_counters[5].Debug_Stat_Counter_i/Gen_Access_Counter.Using_DSP48_Architectures.dsp_module_I1/Using_DSP48E1.DSP48E1_I1/Using_FPGA.DSP48E1_I1/A[29:0] is not pipelined. Pipelining DSP48 input will improve performance.
Related violations: <none>

DPIP-1#3 Warning
Input pipelining  
DSP BD_i/microblaze_1/U0/MicroBlaze_Core_I/Performance.Core/Use_Debug_Logic.Master_Core.Debug_Perf/Use_Statistics.Debug_Stat_I/all_statistics_counters[5].Debug_Stat_Counter_i/Gen_Access_Counter.Using_DSP48_Architectures.dsp_module_I1/Using_DSP48E1.DSP48E1_I1/Using_FPGA.DSP48E1_I1 input BD_i/microblaze_1/U0/MicroBlaze_Core_I/Performance.Core/Use_Debug_Logic.Master_Core.Debug_Perf/Use_Statistics.Debug_Stat_I/all_statistics_counters[5].Debug_Stat_Counter_i/Gen_Access_Counter.Using_DSP48_Architectures.dsp_module_I1/Using_DSP48E1.DSP48E1_I1/Using_FPGA.DSP48E1_I1/B[17:0] is not pipelined. Pipelining DSP48 input will improve performance.
Related violations: <none>

DPIP-1#4 Warning
Input pipelining  
DSP BD_i/microblaze_2/U0/MicroBlaze_Core_I/Performance.Core/Use_Debug_Logic.Master_Core.Debug_Perf/Use_Statistics.Debug_Stat_I/all_statistics_counters[5].Debug_Stat_Counter_i/Gen_Access_Counter.Using_DSP48_Architectures.No_MUL64.dsp_module_I2/Using_DSP48E1.DSP48E1_I1/Using_FPGA.DSP48E1_I1 input BD_i/microblaze_2/U0/MicroBlaze_Core_I/Performance.Core/Use_Debug_Logic.Master_Core.Debug_Perf/Use_Statistics.Debug_Stat_I/all_statistics_counters[5].Debug_Stat_Counter_i/Gen_Access_Counter.Using_DSP48_Architectures.No_MUL64.dsp_module_I2/Using_DSP48E1.DSP48E1_I1/Using_FPGA.DSP48E1_I1/B[17:0] is not pipelined. Pipelining DSP48 input will improve performance.
Related violations: <none>

DPIP-1#5 Warning
Input pipelining  
DSP BD_i/microblaze_2/U0/MicroBlaze_Core_I/Performance.Core/Use_Debug_Logic.Master_Core.Debug_Perf/Use_Statistics.Debug_Stat_I/all_statistics_counters[5].Debug_Stat_Counter_i/Gen_Access_Counter.Using_DSP48_Architectures.dsp_module_I1/Using_DSP48E1.DSP48E1_I1/Using_FPGA.DSP48E1_I1 input BD_i/microblaze_2/U0/MicroBlaze_Core_I/Performance.Core/Use_Debug_Logic.Master_Core.Debug_Perf/Use_Statistics.Debug_Stat_I/all_statistics_counters[5].Debug_Stat_Counter_i/Gen_Access_Counter.Using_DSP48_Architectures.dsp_module_I1/Using_DSP48E1.DSP48E1_I1/Using_FPGA.DSP48E1_I1/A[29:0] is not pipelined. Pipelining DSP48 input will improve performance.
Related violations: <none>

DPIP-1#6 Warning
Input pipelining  
DSP BD_i/microblaze_2/U0/MicroBlaze_Core_I/Performance.Core/Use_Debug_Logic.Master_Core.Debug_Perf/Use_Statistics.Debug_Stat_I/all_statistics_counters[5].Debug_Stat_Counter_i/Gen_Access_Counter.Using_DSP48_Architectures.dsp_module_I1/Using_DSP48E1.DSP48E1_I1/Using_FPGA.DSP48E1_I1 input BD_i/microblaze_2/U0/MicroBlaze_Core_I/Performance.Core/Use_Debug_Logic.Master_Core.Debug_Perf/Use_Statistics.Debug_Stat_I/all_statistics_counters[5].Debug_Stat_Counter_i/Gen_Access_Counter.Using_DSP48_Architectures.dsp_module_I1/Using_DSP48E1.DSP48E1_I1/Using_FPGA.DSP48E1_I1/B[17:0] is not pipelined. Pipelining DSP48 input will improve performance.
Related violations: <none>

DPIP-1#7 Warning
Input pipelining  
DSP BD_i/microblaze_3/U0/MicroBlaze_Core_I/Performance.Core/Use_Debug_Logic.Master_Core.Debug_Perf/Use_Statistics.Debug_Stat_I/all_statistics_counters[5].Debug_Stat_Counter_i/Gen_Access_Counter.Using_DSP48_Architectures.No_MUL64.dsp_module_I2/Using_DSP48E1.DSP48E1_I1/Using_FPGA.DSP48E1_I1 input BD_i/microblaze_3/U0/MicroBlaze_Core_I/Performance.Core/Use_Debug_Logic.Master_Core.Debug_Perf/Use_Statistics.Debug_Stat_I/all_statistics_counters[5].Debug_Stat_Counter_i/Gen_Access_Counter.Using_DSP48_Architectures.No_MUL64.dsp_module_I2/Using_DSP48E1.DSP48E1_I1/Using_FPGA.DSP48E1_I1/B[17:0] is not pipelined. Pipelining DSP48 input will improve performance.
Related violations: <none>

DPIP-1#8 Warning
Input pipelining  
DSP BD_i/microblaze_3/U0/MicroBlaze_Core_I/Performance.Core/Use_Debug_Logic.Master_Core.Debug_Perf/Use_Statistics.Debug_Stat_I/all_statistics_counters[5].Debug_Stat_Counter_i/Gen_Access_Counter.Using_DSP48_Architectures.dsp_module_I1/Using_DSP48E1.DSP48E1_I1/Using_FPGA.DSP48E1_I1 input BD_i/microblaze_3/U0/MicroBlaze_Core_I/Performance.Core/Use_Debug_Logic.Master_Core.Debug_Perf/Use_Statistics.Debug_Stat_I/all_statistics_counters[5].Debug_Stat_Counter_i/Gen_Access_Counter.Using_DSP48_Architectures.dsp_module_I1/Using_DSP48E1.DSP48E1_I1/Using_FPGA.DSP48E1_I1/A[29:0] is not pipelined. Pipelining DSP48 input will improve performance.
Related violations: <none>

DPIP-1#9 Warning
Input pipelining  
DSP BD_i/microblaze_3/U0/MicroBlaze_Core_I/Performance.Core/Use_Debug_Logic.Master_Core.Debug_Perf/Use_Statistics.Debug_Stat_I/all_statistics_counters[5].Debug_Stat_Counter_i/Gen_Access_Counter.Using_DSP48_Architectures.dsp_module_I1/Using_DSP48E1.DSP48E1_I1/Using_FPGA.DSP48E1_I1 input BD_i/microblaze_3/U0/MicroBlaze_Core_I/Performance.Core/Use_Debug_Logic.Master_Core.Debug_Perf/Use_Statistics.Debug_Stat_I/all_statistics_counters[5].Debug_Stat_Counter_i/Gen_Access_Counter.Using_DSP48_Architectures.dsp_module_I1/Using_DSP48E1.DSP48E1_I1/Using_FPGA.DSP48E1_I1/B[17:0] is not pipelined. Pipelining DSP48 input will improve performance.
Related violations: <none>

DPOP-1#1 Warning
PREG Output pipelining  
DSP BD_i/microblaze_1/U0/MicroBlaze_Core_I/Performance.Core/Use_Debug_Logic.Master_Core.Debug_Perf/Use_Statistics.Debug_Stat_I/all_statistics_counters[5].Debug_Stat_Counter_i/Gen_Access_Counter.Using_DSP48_Architectures.No_MUL64.dsp_module_I3/Using_DSP48E1.DSP48E1_I1/Using_FPGA.DSP48E1_I1 output BD_i/microblaze_1/U0/MicroBlaze_Core_I/Performance.Core/Use_Debug_Logic.Master_Core.Debug_Perf/Use_Statistics.Debug_Stat_I/all_statistics_counters[5].Debug_Stat_Counter_i/Gen_Access_Counter.Using_DSP48_Architectures.No_MUL64.dsp_module_I3/Using_DSP48E1.DSP48E1_I1/Using_FPGA.DSP48E1_I1/P[47:0] is not pipelined (PREG=0). Pipelining the DSP48 output will improve performance and often saves power so it is suggested whenever possible to fully pipeline this function.  If this DSP48 function was inferred, it is suggested to describe an additional register stage after this function.  If the DSP48 was instantiated in the design, it is suggested to set the PREG attribute to 1.
Related violations: <none>

DPOP-1#2 Warning
PREG Output pipelining  
DSP BD_i/microblaze_2/U0/MicroBlaze_Core_I/Performance.Core/Use_Debug_Logic.Master_Core.Debug_Perf/Use_Statistics.Debug_Stat_I/all_statistics_counters[5].Debug_Stat_Counter_i/Gen_Access_Counter.Using_DSP48_Architectures.No_MUL64.dsp_module_I3/Using_DSP48E1.DSP48E1_I1/Using_FPGA.DSP48E1_I1 output BD_i/microblaze_2/U0/MicroBlaze_Core_I/Performance.Core/Use_Debug_Logic.Master_Core.Debug_Perf/Use_Statistics.Debug_Stat_I/all_statistics_counters[5].Debug_Stat_Counter_i/Gen_Access_Counter.Using_DSP48_Architectures.No_MUL64.dsp_module_I3/Using_DSP48E1.DSP48E1_I1/Using_FPGA.DSP48E1_I1/P[47:0] is not pipelined (PREG=0). Pipelining the DSP48 output will improve performance and often saves power so it is suggested whenever possible to fully pipeline this function.  If this DSP48 function was inferred, it is suggested to describe an additional register stage after this function.  If the DSP48 was instantiated in the design, it is suggested to set the PREG attribute to 1.
Related violations: <none>

DPOP-1#3 Warning
PREG Output pipelining  
DSP BD_i/microblaze_3/U0/MicroBlaze_Core_I/Performance.Core/Use_Debug_Logic.Master_Core.Debug_Perf/Use_Statistics.Debug_Stat_I/all_statistics_counters[5].Debug_Stat_Counter_i/Gen_Access_Counter.Using_DSP48_Architectures.No_MUL64.dsp_module_I3/Using_DSP48E1.DSP48E1_I1/Using_FPGA.DSP48E1_I1 output BD_i/microblaze_3/U0/MicroBlaze_Core_I/Performance.Core/Use_Debug_Logic.Master_Core.Debug_Perf/Use_Statistics.Debug_Stat_I/all_statistics_counters[5].Debug_Stat_Counter_i/Gen_Access_Counter.Using_DSP48_Architectures.No_MUL64.dsp_module_I3/Using_DSP48E1.DSP48E1_I1/Using_FPGA.DSP48E1_I1/P[47:0] is not pipelined (PREG=0). Pipelining the DSP48 output will improve performance and often saves power so it is suggested whenever possible to fully pipeline this function.  If this DSP48 function was inferred, it is suggested to describe an additional register stage after this function.  If the DSP48 was instantiated in the design, it is suggested to set the PREG attribute to 1.
Related violations: <none>

DPOP-2#1 Warning
MREG Output pipelining  
DSP BD_i/microblaze_1/U0/MicroBlaze_Core_I/Performance.Core/Use_Debug_Logic.Master_Core.Debug_Perf/Use_Statistics.Debug_Stat_I/all_statistics_counters[5].Debug_Stat_Counter_i/Gen_Access_Counter.Using_DSP48_Architectures.dsp_module_I1/Using_DSP48E1.DSP48E1_I1/Using_FPGA.DSP48E1_I1 multiplier stage BD_i/microblaze_1/U0/MicroBlaze_Core_I/Performance.Core/Use_Debug_Logic.Master_Core.Debug_Perf/Use_Statistics.Debug_Stat_I/all_statistics_counters[5].Debug_Stat_Counter_i/Gen_Access_Counter.Using_DSP48_Architectures.dsp_module_I1/Using_DSP48E1.DSP48E1_I1/Using_FPGA.DSP48E1_I1/P[47:0] is not pipelined (MREG=0). Pipelining the multiplier function will improve performance and will save significant power so it is suggested whenever possible to fully pipeline this function.  If this multiplier was inferred, it is suggested to describe an additional register stage after this function.  If there is no registered adder/accumulator following the multiply function, two pipeline stages are suggested to allow both the MREG and PREG registers to be used.  If the DSP48 was instantiated in the design, it is suggested to set both the MREG and PREG attributes to 1 when performing multiply functions.
Related violations: <none>

DPOP-2#2 Warning
MREG Output pipelining  
DSP BD_i/microblaze_2/U0/MicroBlaze_Core_I/Performance.Core/Use_Debug_Logic.Master_Core.Debug_Perf/Use_Statistics.Debug_Stat_I/all_statistics_counters[5].Debug_Stat_Counter_i/Gen_Access_Counter.Using_DSP48_Architectures.dsp_module_I1/Using_DSP48E1.DSP48E1_I1/Using_FPGA.DSP48E1_I1 multiplier stage BD_i/microblaze_2/U0/MicroBlaze_Core_I/Performance.Core/Use_Debug_Logic.Master_Core.Debug_Perf/Use_Statistics.Debug_Stat_I/all_statistics_counters[5].Debug_Stat_Counter_i/Gen_Access_Counter.Using_DSP48_Architectures.dsp_module_I1/Using_DSP48E1.DSP48E1_I1/Using_FPGA.DSP48E1_I1/P[47:0] is not pipelined (MREG=0). Pipelining the multiplier function will improve performance and will save significant power so it is suggested whenever possible to fully pipeline this function.  If this multiplier was inferred, it is suggested to describe an additional register stage after this function.  If there is no registered adder/accumulator following the multiply function, two pipeline stages are suggested to allow both the MREG and PREG registers to be used.  If the DSP48 was instantiated in the design, it is suggested to set both the MREG and PREG attributes to 1 when performing multiply functions.
Related violations: <none>

DPOP-2#3 Warning
MREG Output pipelining  
DSP BD_i/microblaze_3/U0/MicroBlaze_Core_I/Performance.Core/Use_Debug_Logic.Master_Core.Debug_Perf/Use_Statistics.Debug_Stat_I/all_statistics_counters[5].Debug_Stat_Counter_i/Gen_Access_Counter.Using_DSP48_Architectures.dsp_module_I1/Using_DSP48E1.DSP48E1_I1/Using_FPGA.DSP48E1_I1 multiplier stage BD_i/microblaze_3/U0/MicroBlaze_Core_I/Performance.Core/Use_Debug_Logic.Master_Core.Debug_Perf/Use_Statistics.Debug_Stat_I/all_statistics_counters[5].Debug_Stat_Counter_i/Gen_Access_Counter.Using_DSP48_Architectures.dsp_module_I1/Using_DSP48E1.DSP48E1_I1/Using_FPGA.DSP48E1_I1/P[47:0] is not pipelined (MREG=0). Pipelining the multiplier function will improve performance and will save significant power so it is suggested whenever possible to fully pipeline this function.  If this multiplier was inferred, it is suggested to describe an additional register stage after this function.  If there is no registered adder/accumulator following the multiply function, two pipeline stages are suggested to allow both the MREG and PREG registers to be used.  If the DSP48 was instantiated in the design, it is suggested to set both the MREG and PREG attributes to 1 when performing multiply functions.
Related violations: <none>

REQP-1839#1 Warning
RAMB36 async control check  
The RAMB36E1 BD_i/kth_axi_Mesh_2D_Nostrum_2x2x1_0/U0/NOC/UX[0].UY[0].UZ[0].URNI/USER_LOGIC/recv_buffer/RAM[0].U/RAM_reg has an input control pin BD_i/kth_axi_Mesh_2D_Nostrum_2x2x1_0/U0/NOC/UX[0].UY[0].UZ[0].URNI/USER_LOGIC/recv_buffer/RAM[0].U/RAM_reg/ADDRARDADDR[10] (net: BD_i/kth_axi_Mesh_2D_Nostrum_2x2x1_0/U0/NOC/UX[0].UY[0].UZ[0].URNI/USER_LOGIC/recv_buffer/RAM[0].U/ADDRARDADDR[5]) which is driven by a register (BD_i/kth_axi_Mesh_2D_Nostrum_2x2x1_0/U0/NOC/UX[0].UY[0].UZ[0].URNI/USER_LOGIC/interface/recv_address_reg[5]) that has an active asychronous set or reset. This may cause corruption of the memory contents and/or read values when the set/reset is asserted and is not analyzed by the default static timing analysis. It is suggested to eliminate the use of a set/reset to registers driving this RAMB pin or else use a synchronous reset in which the assertion of the reset is timed by default.
Related violations: <none>

REQP-1839#2 Warning
RAMB36 async control check  
The RAMB36E1 BD_i/kth_axi_Mesh_2D_Nostrum_2x2x1_0/U0/NOC/UX[0].UY[0].UZ[0].URNI/USER_LOGIC/recv_buffer/RAM[0].U/RAM_reg has an input control pin BD_i/kth_axi_Mesh_2D_Nostrum_2x2x1_0/U0/NOC/UX[0].UY[0].UZ[0].URNI/USER_LOGIC/recv_buffer/RAM[0].U/RAM_reg/ADDRARDADDR[11] (net: BD_i/kth_axi_Mesh_2D_Nostrum_2x2x1_0/U0/NOC/UX[0].UY[0].UZ[0].URNI/USER_LOGIC/recv_buffer/RAM[0].U/ADDRARDADDR[6]) which is driven by a register (BD_i/kth_axi_Mesh_2D_Nostrum_2x2x1_0/U0/NOC/UX[0].UY[0].UZ[0].URNI/USER_LOGIC/interface/recv_address_reg[6]) that has an active asychronous set or reset. This may cause corruption of the memory contents and/or read values when the set/reset is asserted and is not analyzed by the default static timing analysis. It is suggested to eliminate the use of a set/reset to registers driving this RAMB pin or else use a synchronous reset in which the assertion of the reset is timed by default.
Related violations: <none>

REQP-1839#3 Warning
RAMB36 async control check  
The RAMB36E1 BD_i/kth_axi_Mesh_2D_Nostrum_2x2x1_0/U0/NOC/UX[0].UY[0].UZ[0].URNI/USER_LOGIC/recv_buffer/RAM[0].U/RAM_reg has an input control pin BD_i/kth_axi_Mesh_2D_Nostrum_2x2x1_0/U0/NOC/UX[0].UY[0].UZ[0].URNI/USER_LOGIC/recv_buffer/RAM[0].U/RAM_reg/ADDRARDADDR[12] (net: BD_i/kth_axi_Mesh_2D_Nostrum_2x2x1_0/U0/NOC/UX[0].UY[0].UZ[0].URNI/USER_LOGIC/recv_buffer/RAM[0].U/ADDRARDADDR[7]) which is driven by a register (BD_i/kth_axi_Mesh_2D_Nostrum_2x2x1_0/U0/NOC/UX[0].UY[0].UZ[0].URNI/USER_LOGIC/interface/recv_address_reg[7]) that has an active asychronous set or reset. This may cause corruption of the memory contents and/or read values when the set/reset is asserted and is not analyzed by the default static timing analysis. It is suggested to eliminate the use of a set/reset to registers driving this RAMB pin or else use a synchronous reset in which the assertion of the reset is timed by default.
Related violations: <none>

REQP-1839#4 Warning
RAMB36 async control check  
The RAMB36E1 BD_i/kth_axi_Mesh_2D_Nostrum_2x2x1_0/U0/NOC/UX[0].UY[0].UZ[0].URNI/USER_LOGIC/recv_buffer/RAM[0].U/RAM_reg has an input control pin BD_i/kth_axi_Mesh_2D_Nostrum_2x2x1_0/U0/NOC/UX[0].UY[0].UZ[0].URNI/USER_LOGIC/recv_buffer/RAM[0].U/RAM_reg/ADDRARDADDR[13] (net: BD_i/kth_axi_Mesh_2D_Nostrum_2x2x1_0/U0/NOC/UX[0].UY[0].UZ[0].URNI/USER_LOGIC/recv_buffer/RAM[0].U/ADDRARDADDR[8]) which is driven by a register (BD_i/kth_axi_Mesh_2D_Nostrum_2x2x1_0/U0/NOC/UX[0].UY[0].UZ[0].URNI/USER_LOGIC/interface/recv_address_reg[8]) that has an active asychronous set or reset. This may cause corruption of the memory contents and/or read values when the set/reset is asserted and is not analyzed by the default static timing analysis. It is suggested to eliminate the use of a set/reset to registers driving this RAMB pin or else use a synchronous reset in which the assertion of the reset is timed by default.
Related violations: <none>

REQP-1839#5 Warning
RAMB36 async control check  
The RAMB36E1 BD_i/kth_axi_Mesh_2D_Nostrum_2x2x1_0/U0/NOC/UX[0].UY[0].UZ[0].URNI/USER_LOGIC/recv_buffer/RAM[0].U/RAM_reg has an input control pin BD_i/kth_axi_Mesh_2D_Nostrum_2x2x1_0/U0/NOC/UX[0].UY[0].UZ[0].URNI/USER_LOGIC/recv_buffer/RAM[0].U/RAM_reg/ADDRARDADDR[14] (net: BD_i/kth_axi_Mesh_2D_Nostrum_2x2x1_0/U0/NOC/UX[0].UY[0].UZ[0].URNI/USER_LOGIC/recv_buffer/RAM[0].U/ADDRARDADDR[9]) which is driven by a register (BD_i/kth_axi_Mesh_2D_Nostrum_2x2x1_0/U0/NOC/UX[0].UY[0].UZ[0].URNI/USER_LOGIC/interface/recv_address_reg[7]) that has an active asychronous set or reset. This may cause corruption of the memory contents and/or read values when the set/reset is asserted and is not analyzed by the default static timing analysis. It is suggested to eliminate the use of a set/reset to registers driving this RAMB pin or else use a synchronous reset in which the assertion of the reset is timed by default.
Related violations: <none>

REQP-1839#6 Warning
RAMB36 async control check  
The RAMB36E1 BD_i/kth_axi_Mesh_2D_Nostrum_2x2x1_0/U0/NOC/UX[0].UY[0].UZ[0].URNI/USER_LOGIC/recv_buffer/RAM[0].U/RAM_reg has an input control pin BD_i/kth_axi_Mesh_2D_Nostrum_2x2x1_0/U0/NOC/UX[0].UY[0].UZ[0].URNI/USER_LOGIC/recv_buffer/RAM[0].U/RAM_reg/ADDRARDADDR[14] (net: BD_i/kth_axi_Mesh_2D_Nostrum_2x2x1_0/U0/NOC/UX[0].UY[0].UZ[0].URNI/USER_LOGIC/recv_buffer/RAM[0].U/ADDRARDADDR[9]) which is driven by a register (BD_i/kth_axi_Mesh_2D_Nostrum_2x2x1_0/U0/NOC/UX[0].UY[0].UZ[0].URNI/USER_LOGIC/interface/recv_address_reg[8]) that has an active asychronous set or reset. This may cause corruption of the memory contents and/or read values when the set/reset is asserted and is not analyzed by the default static timing analysis. It is suggested to eliminate the use of a set/reset to registers driving this RAMB pin or else use a synchronous reset in which the assertion of the reset is timed by default.
Related violations: <none>

REQP-1839#7 Warning
RAMB36 async control check  
The RAMB36E1 BD_i/kth_axi_Mesh_2D_Nostrum_2x2x1_0/U0/NOC/UX[0].UY[0].UZ[0].URNI/USER_LOGIC/recv_buffer/RAM[0].U/RAM_reg has an input control pin BD_i/kth_axi_Mesh_2D_Nostrum_2x2x1_0/U0/NOC/UX[0].UY[0].UZ[0].URNI/USER_LOGIC/recv_buffer/RAM[0].U/RAM_reg/ADDRARDADDR[14] (net: BD_i/kth_axi_Mesh_2D_Nostrum_2x2x1_0/U0/NOC/UX[0].UY[0].UZ[0].URNI/USER_LOGIC/recv_buffer/RAM[0].U/ADDRARDADDR[9]) which is driven by a register (BD_i/kth_axi_Mesh_2D_Nostrum_2x2x1_0/U0/NOC/UX[0].UY[0].UZ[0].URNI/USER_LOGIC/interface/toggle_bits_noc_side_reg[0]) that has an active asychronous set or reset. This may cause corruption of the memory contents and/or read values when the set/reset is asserted and is not analyzed by the default static timing analysis. It is suggested to eliminate the use of a set/reset to registers driving this RAMB pin or else use a synchronous reset in which the assertion of the reset is timed by default.
Related violations: <none>

REQP-1839#8 Warning
RAMB36 async control check  
The RAMB36E1 BD_i/kth_axi_Mesh_2D_Nostrum_2x2x1_0/U0/NOC/UX[0].UY[0].UZ[0].URNI/USER_LOGIC/recv_buffer/RAM[0].U/RAM_reg has an input control pin BD_i/kth_axi_Mesh_2D_Nostrum_2x2x1_0/U0/NOC/UX[0].UY[0].UZ[0].URNI/USER_LOGIC/recv_buffer/RAM[0].U/RAM_reg/ADDRARDADDR[14] (net: BD_i/kth_axi_Mesh_2D_Nostrum_2x2x1_0/U0/NOC/UX[0].UY[0].UZ[0].URNI/USER_LOGIC/recv_buffer/RAM[0].U/ADDRARDADDR[9]) which is driven by a register (BD_i/kth_axi_Mesh_2D_Nostrum_2x2x1_0/U0/NOC/UX[0].UY[0].UZ[0].URNI/USER_LOGIC/interface/toggle_bits_noc_side_reg[1]) that has an active asychronous set or reset. This may cause corruption of the memory contents and/or read values when the set/reset is asserted and is not analyzed by the default static timing analysis. It is suggested to eliminate the use of a set/reset to registers driving this RAMB pin or else use a synchronous reset in which the assertion of the reset is timed by default.
Related violations: <none>

REQP-1839#9 Warning
RAMB36 async control check  
The RAMB36E1 BD_i/kth_axi_Mesh_2D_Nostrum_2x2x1_0/U0/NOC/UX[0].UY[0].UZ[0].URNI/USER_LOGIC/recv_buffer/RAM[0].U/RAM_reg has an input control pin BD_i/kth_axi_Mesh_2D_Nostrum_2x2x1_0/U0/NOC/UX[0].UY[0].UZ[0].URNI/USER_LOGIC/recv_buffer/RAM[0].U/RAM_reg/ADDRARDADDR[14] (net: BD_i/kth_axi_Mesh_2D_Nostrum_2x2x1_0/U0/NOC/UX[0].UY[0].UZ[0].URNI/USER_LOGIC/recv_buffer/RAM[0].U/ADDRARDADDR[9]) which is driven by a register (BD_i/kth_axi_Mesh_2D_Nostrum_2x2x1_0/U0/NOC/UX[0].UY[0].UZ[0].URNI/USER_LOGIC/interface/toggle_bits_noc_side_reg[2]) that has an active asychronous set or reset. This may cause corruption of the memory contents and/or read values when the set/reset is asserted and is not analyzed by the default static timing analysis. It is suggested to eliminate the use of a set/reset to registers driving this RAMB pin or else use a synchronous reset in which the assertion of the reset is timed by default.
Related violations: <none>

REQP-1839#10 Warning
RAMB36 async control check  
The RAMB36E1 BD_i/kth_axi_Mesh_2D_Nostrum_2x2x1_0/U0/NOC/UX[0].UY[0].UZ[0].URNI/USER_LOGIC/recv_buffer/RAM[0].U/RAM_reg has an input control pin BD_i/kth_axi_Mesh_2D_Nostrum_2x2x1_0/U0/NOC/UX[0].UY[0].UZ[0].URNI/USER_LOGIC/recv_buffer/RAM[0].U/RAM_reg/ADDRARDADDR[14] (net: BD_i/kth_axi_Mesh_2D_Nostrum_2x2x1_0/U0/NOC/UX[0].UY[0].UZ[0].URNI/USER_LOGIC/recv_buffer/RAM[0].U/ADDRARDADDR[9]) which is driven by a register (BD_i/kth_axi_Mesh_2D_Nostrum_2x2x1_0/U0/NOC/UX[0].UY[0].UZ[0].URNI/USER_LOGIC/interface/toggle_bits_noc_side_reg[3]) that has an active asychronous set or reset. This may cause corruption of the memory contents and/or read values when the set/reset is asserted and is not analyzed by the default static timing analysis. It is suggested to eliminate the use of a set/reset to registers driving this RAMB pin or else use a synchronous reset in which the assertion of the reset is timed by default.
Related violations: <none>

REQP-1839#11 Warning
RAMB36 async control check  
The RAMB36E1 BD_i/kth_axi_Mesh_2D_Nostrum_2x2x1_0/U0/NOC/UX[0].UY[0].UZ[0].URNI/USER_LOGIC/recv_buffer/RAM[0].U/RAM_reg has an input control pin BD_i/kth_axi_Mesh_2D_Nostrum_2x2x1_0/U0/NOC/UX[0].UY[0].UZ[0].URNI/USER_LOGIC/recv_buffer/RAM[0].U/RAM_reg/ADDRARDADDR[5] (net: BD_i/kth_axi_Mesh_2D_Nostrum_2x2x1_0/U0/NOC/UX[0].UY[0].UZ[0].URNI/USER_LOGIC/recv_buffer/RAM[0].U/ADDRARDADDR[0]) which is driven by a register (BD_i/kth_axi_Mesh_2D_Nostrum_2x2x1_0/U0/NOC/UX[0].UY[0].UZ[0].URNI/USER_LOGIC/interface/recv_address_reg[0]) that has an active asychronous set or reset. This may cause corruption of the memory contents and/or read values when the set/reset is asserted and is not analyzed by the default static timing analysis. It is suggested to eliminate the use of a set/reset to registers driving this RAMB pin or else use a synchronous reset in which the assertion of the reset is timed by default.
Related violations: <none>

REQP-1839#12 Warning
RAMB36 async control check  
The RAMB36E1 BD_i/kth_axi_Mesh_2D_Nostrum_2x2x1_0/U0/NOC/UX[0].UY[0].UZ[0].URNI/USER_LOGIC/recv_buffer/RAM[0].U/RAM_reg has an input control pin BD_i/kth_axi_Mesh_2D_Nostrum_2x2x1_0/U0/NOC/UX[0].UY[0].UZ[0].URNI/USER_LOGIC/recv_buffer/RAM[0].U/RAM_reg/ADDRARDADDR[6] (net: BD_i/kth_axi_Mesh_2D_Nostrum_2x2x1_0/U0/NOC/UX[0].UY[0].UZ[0].URNI/USER_LOGIC/recv_buffer/RAM[0].U/ADDRARDADDR[1]) which is driven by a register (BD_i/kth_axi_Mesh_2D_Nostrum_2x2x1_0/U0/NOC/UX[0].UY[0].UZ[0].URNI/USER_LOGIC/interface/recv_address_reg[1]) that has an active asychronous set or reset. This may cause corruption of the memory contents and/or read values when the set/reset is asserted and is not analyzed by the default static timing analysis. It is suggested to eliminate the use of a set/reset to registers driving this RAMB pin or else use a synchronous reset in which the assertion of the reset is timed by default.
Related violations: <none>

REQP-1839#13 Warning
RAMB36 async control check  
The RAMB36E1 BD_i/kth_axi_Mesh_2D_Nostrum_2x2x1_0/U0/NOC/UX[0].UY[0].UZ[0].URNI/USER_LOGIC/recv_buffer/RAM[0].U/RAM_reg has an input control pin BD_i/kth_axi_Mesh_2D_Nostrum_2x2x1_0/U0/NOC/UX[0].UY[0].UZ[0].URNI/USER_LOGIC/recv_buffer/RAM[0].U/RAM_reg/ADDRARDADDR[7] (net: BD_i/kth_axi_Mesh_2D_Nostrum_2x2x1_0/U0/NOC/UX[0].UY[0].UZ[0].URNI/USER_LOGIC/recv_buffer/RAM[0].U/ADDRARDADDR[2]) which is driven by a register (BD_i/kth_axi_Mesh_2D_Nostrum_2x2x1_0/U0/NOC/UX[0].UY[0].UZ[0].URNI/USER_LOGIC/interface/recv_address_reg[2]) that has an active asychronous set or reset. This may cause corruption of the memory contents and/or read values when the set/reset is asserted and is not analyzed by the default static timing analysis. It is suggested to eliminate the use of a set/reset to registers driving this RAMB pin or else use a synchronous reset in which the assertion of the reset is timed by default.
Related violations: <none>

REQP-1839#14 Warning
RAMB36 async control check  
The RAMB36E1 BD_i/kth_axi_Mesh_2D_Nostrum_2x2x1_0/U0/NOC/UX[0].UY[0].UZ[0].URNI/USER_LOGIC/recv_buffer/RAM[0].U/RAM_reg has an input control pin BD_i/kth_axi_Mesh_2D_Nostrum_2x2x1_0/U0/NOC/UX[0].UY[0].UZ[0].URNI/USER_LOGIC/recv_buffer/RAM[0].U/RAM_reg/ADDRARDADDR[8] (net: BD_i/kth_axi_Mesh_2D_Nostrum_2x2x1_0/U0/NOC/UX[0].UY[0].UZ[0].URNI/USER_LOGIC/recv_buffer/RAM[0].U/ADDRARDADDR[3]) which is driven by a register (BD_i/kth_axi_Mesh_2D_Nostrum_2x2x1_0/U0/NOC/UX[0].UY[0].UZ[0].URNI/USER_LOGIC/interface/recv_address_reg[3]) that has an active asychronous set or reset. This may cause corruption of the memory contents and/or read values when the set/reset is asserted and is not analyzed by the default static timing analysis. It is suggested to eliminate the use of a set/reset to registers driving this RAMB pin or else use a synchronous reset in which the assertion of the reset is timed by default.
Related violations: <none>

REQP-1839#15 Warning
RAMB36 async control check  
The RAMB36E1 BD_i/kth_axi_Mesh_2D_Nostrum_2x2x1_0/U0/NOC/UX[0].UY[0].UZ[0].URNI/USER_LOGIC/recv_buffer/RAM[0].U/RAM_reg has an input control pin BD_i/kth_axi_Mesh_2D_Nostrum_2x2x1_0/U0/NOC/UX[0].UY[0].UZ[0].URNI/USER_LOGIC/recv_buffer/RAM[0].U/RAM_reg/ADDRARDADDR[9] (net: BD_i/kth_axi_Mesh_2D_Nostrum_2x2x1_0/U0/NOC/UX[0].UY[0].UZ[0].URNI/USER_LOGIC/recv_buffer/RAM[0].U/ADDRARDADDR[4]) which is driven by a register (BD_i/kth_axi_Mesh_2D_Nostrum_2x2x1_0/U0/NOC/UX[0].UY[0].UZ[0].URNI/USER_LOGIC/interface/recv_address_reg[4]) that has an active asychronous set or reset. This may cause corruption of the memory contents and/or read values when the set/reset is asserted and is not analyzed by the default static timing analysis. It is suggested to eliminate the use of a set/reset to registers driving this RAMB pin or else use a synchronous reset in which the assertion of the reset is timed by default.
Related violations: <none>

REQP-1839#16 Warning
RAMB36 async control check  
The RAMB36E1 BD_i/kth_axi_Mesh_2D_Nostrum_2x2x1_0/U0/NOC/UX[0].UY[0].UZ[0].URNI/USER_LOGIC/recv_buffer/RAM[0].U/RAM_reg has an input control pin BD_i/kth_axi_Mesh_2D_Nostrum_2x2x1_0/U0/NOC/UX[0].UY[0].UZ[0].URNI/USER_LOGIC/recv_buffer/RAM[0].U/RAM_reg/ADDRBWRADDR[14] (net: BD_i/kth_axi_Mesh_2D_Nostrum_2x2x1_0/U0/NOC/UX[0].UY[0].UZ[0].URNI/USER_LOGIC/recv_buffer/RAM[0].U/ADDRBWRADDR[3]) which is driven by a register (BD_i/kth_axi_Mesh_2D_Nostrum_2x2x1_0/U0/NOC/UX[0].UY[0].UZ[0].URNI/USER_LOGIC/interface/toggle_bits_cpu_side_reg[0]) that has an active asychronous set or reset. This may cause corruption of the memory contents and/or read values when the set/reset is asserted and is not analyzed by the default static timing analysis. It is suggested to eliminate the use of a set/reset to registers driving this RAMB pin or else use a synchronous reset in which the assertion of the reset is timed by default.
Related violations: <none>

REQP-1839#17 Warning
RAMB36 async control check  
The RAMB36E1 BD_i/kth_axi_Mesh_2D_Nostrum_2x2x1_0/U0/NOC/UX[0].UY[0].UZ[0].URNI/USER_LOGIC/recv_buffer/RAM[0].U/RAM_reg has an input control pin BD_i/kth_axi_Mesh_2D_Nostrum_2x2x1_0/U0/NOC/UX[0].UY[0].UZ[0].URNI/USER_LOGIC/recv_buffer/RAM[0].U/RAM_reg/ADDRBWRADDR[14] (net: BD_i/kth_axi_Mesh_2D_Nostrum_2x2x1_0/U0/NOC/UX[0].UY[0].UZ[0].URNI/USER_LOGIC/recv_buffer/RAM[0].U/ADDRBWRADDR[3]) which is driven by a register (BD_i/kth_axi_Mesh_2D_Nostrum_2x2x1_0/U0/NOC/UX[0].UY[0].UZ[0].URNI/USER_LOGIC/interface/toggle_bits_cpu_side_reg[1]) that has an active asychronous set or reset. This may cause corruption of the memory contents and/or read values when the set/reset is asserted and is not analyzed by the default static timing analysis. It is suggested to eliminate the use of a set/reset to registers driving this RAMB pin or else use a synchronous reset in which the assertion of the reset is timed by default.
Related violations: <none>

REQP-1839#18 Warning
RAMB36 async control check  
The RAMB36E1 BD_i/kth_axi_Mesh_2D_Nostrum_2x2x1_0/U0/NOC/UX[0].UY[0].UZ[0].URNI/USER_LOGIC/recv_buffer/RAM[0].U/RAM_reg has an input control pin BD_i/kth_axi_Mesh_2D_Nostrum_2x2x1_0/U0/NOC/UX[0].UY[0].UZ[0].URNI/USER_LOGIC/recv_buffer/RAM[0].U/RAM_reg/ADDRBWRADDR[14] (net: BD_i/kth_axi_Mesh_2D_Nostrum_2x2x1_0/U0/NOC/UX[0].UY[0].UZ[0].URNI/USER_LOGIC/recv_buffer/RAM[0].U/ADDRBWRADDR[3]) which is driven by a register (BD_i/kth_axi_Mesh_2D_Nostrum_2x2x1_0/U0/NOC/UX[0].UY[0].UZ[0].URNI/USER_LOGIC/interface/toggle_bits_cpu_side_reg[2]) that has an active asychronous set or reset. This may cause corruption of the memory contents and/or read values when the set/reset is asserted and is not analyzed by the default static timing analysis. It is suggested to eliminate the use of a set/reset to registers driving this RAMB pin or else use a synchronous reset in which the assertion of the reset is timed by default.
Related violations: <none>

REQP-1839#19 Warning
RAMB36 async control check  
The RAMB36E1 BD_i/kth_axi_Mesh_2D_Nostrum_2x2x1_0/U0/NOC/UX[0].UY[0].UZ[0].URNI/USER_LOGIC/recv_buffer/RAM[0].U/RAM_reg has an input control pin BD_i/kth_axi_Mesh_2D_Nostrum_2x2x1_0/U0/NOC/UX[0].UY[0].UZ[0].URNI/USER_LOGIC/recv_buffer/RAM[0].U/RAM_reg/ADDRBWRADDR[14] (net: BD_i/kth_axi_Mesh_2D_Nostrum_2x2x1_0/U0/NOC/UX[0].UY[0].UZ[0].URNI/USER_LOGIC/recv_buffer/RAM[0].U/ADDRBWRADDR[3]) which is driven by a register (BD_i/kth_axi_Mesh_2D_Nostrum_2x2x1_0/U0/NOC/UX[0].UY[0].UZ[0].URNI/USER_LOGIC/interface/toggle_bits_cpu_side_reg[3]) that has an active asychronous set or reset. This may cause corruption of the memory contents and/or read values when the set/reset is asserted and is not analyzed by the default static timing analysis. It is suggested to eliminate the use of a set/reset to registers driving this RAMB pin or else use a synchronous reset in which the assertion of the reset is timed by default.
Related violations: <none>

REQP-1839#20 Warning
RAMB36 async control check  
The RAMB36E1 BD_i/kth_axi_Mesh_2D_Nostrum_2x2x1_0/U0/NOC/UX[0].UY[0].UZ[0].URNI/USER_LOGIC/recv_buffer/RAM[0].U/RAM_reg has an input control pin BD_i/kth_axi_Mesh_2D_Nostrum_2x2x1_0/U0/NOC/UX[0].UY[0].UZ[0].URNI/USER_LOGIC/recv_buffer/RAM[0].U/RAM_reg/ENARDEN (net: BD_i/kth_axi_Mesh_2D_Nostrum_2x2x1_0/U0/NOC/UX[0].UY[0].UZ[0].URNI/USER_LOGIC/recv_buffer/RAM[0].U/WEA[0]) which is driven by a register (BD_i/kth_axi_Mesh_2D_Nostrum_2x2x1_0/U0/NOC/UX[0].UY[0].UZ[0].URNI/USER_LOGIC/interface/recv_buffer_write_reg) that has an active asychronous set or reset. This may cause corruption of the memory contents and/or read values when the set/reset is asserted and is not analyzed by the default static timing analysis. It is suggested to eliminate the use of a set/reset to registers driving this RAMB pin or else use a synchronous reset in which the assertion of the reset is timed by default.
Related violations: <none>

RTSTAT-10#1 Warning
No routable loads  
28 net(s) have no routable loads. The problem bus(es) and/or net(s) are BD_i/axi_perf_mon_3/inst/GEN_Advanced_Mode.adavnced_mode_inst/mon_fifo_ext_event0_inst/USE_MON_FIFO.async_fifo_inst/inst/inst_fifo_gen/gconvfifo.rf/grf.rf/gntv_or_sync_fifo.gl0.rd/gr1.gr1_int.rfwft/aempty_fwft_i, BD_i/axi_perf_mon_0/inst/GEN_Advanced_Mode.adavnced_mode_inst/mon_fifo_ext_event0_inst/USE_MON_FIFO.async_fifo_inst/inst/inst_fifo_gen/gconvfifo.rf/grf.rf/gntv_or_sync_fifo.gl0.rd/gr1.gr1_int.rfwft/aempty_fwft_i, BD_i/axi_perf_mon_2/inst/GEN_Advanced_Mode.adavnced_mode_inst/mon_fifo_ext_event0_inst/USE_MON_FIFO.async_fifo_inst/inst/inst_fifo_gen/gconvfifo.rf/grf.rf/gntv_or_sync_fifo.gl0.rd/gr1.gr1_int.rfwft/aempty_fwft_i, BD_i/axi_perf_mon_1/inst/GEN_Advanced_Mode.adavnced_mode_inst/mon_fifo_ext_event0_inst/USE_MON_FIFO.async_fifo_inst/inst/inst_fifo_gen/gconvfifo.rf/grf.rf/gntv_or_sync_fifo.gl0.rd/gr1.gr1_int.rfwft/aempty_fwft_i, BD_i/axi_perf_mon_0/inst/GEN_Advanced_Mode.adavnced_mode_inst/mon_fifo_ext_event0_inst/USE_MON_FIFO.async_fifo_inst/inst/inst_fifo_gen/gconvfifo.rf/grf.rf/gntv_or_sync_fifo.gl0.rd/gras.rsts/ram_empty_i, BD_i/axi_perf_mon_3/inst/GEN_Advanced_Mode.adavnced_mode_inst/mon_fifo_ext_event0_inst/USE_MON_FIFO.async_fifo_inst/inst/inst_fifo_gen/gconvfifo.rf/grf.rf/gntv_or_sync_fifo.gl0.rd/gras.rsts/ram_empty_i, BD_i/axi_perf_mon_2/inst/GEN_Advanced_Mode.adavnced_mode_inst/mon_fifo_ext_event0_inst/USE_MON_FIFO.async_fifo_inst/inst/inst_fifo_gen/gconvfifo.rf/grf.rf/gntv_or_sync_fifo.gl0.rd/gras.rsts/ram_empty_i, BD_i/axi_perf_mon_1/inst/GEN_Advanced_Mode.adavnced_mode_inst/mon_fifo_ext_event0_inst/USE_MON_FIFO.async_fifo_inst/inst/inst_fifo_gen/gconvfifo.rf/grf.rf/gntv_or_sync_fifo.gl0.rd/gras.rsts/ram_empty_i, BD_i/axi_perf_mon_3/inst/GEN_Advanced_Mode.adavnced_mode_inst/mon_fifo_ext_event0_inst/USE_MON_FIFO.async_fifo_inst/inst/inst_fifo_gen/gconvfifo.rf/grf.rf/rstblk/rd_rst_reg[1], BD_i/axi_perf_mon_2/inst/GEN_Advanced_Mode.adavnced_mode_inst/mon_fifo_ext_event0_inst/USE_MON_FIFO.async_fifo_inst/inst/inst_fifo_gen/gconvfifo.rf/grf.rf/rstblk/rd_rst_reg[1], BD_i/axi_perf_mon_1/inst/GEN_Advanced_Mode.adavnced_mode_inst/mon_fifo_ext_event0_inst/USE_MON_FIFO.async_fifo_inst/inst/inst_fifo_gen/gconvfifo.rf/grf.rf/rstblk/rd_rst_reg[1], BD_i/axi_perf_mon_0/inst/GEN_Advanced_Mode.adavnced_mode_inst/mon_fifo_ext_event0_inst/USE_MON_FIFO.async_fifo_inst/inst/inst_fifo_gen/gconvfifo.rf/grf.rf/rstblk/rd_rst_reg[1], BD_i/axi_perf_mon_1/inst/GEN_Advanced_Mode.adavnced_mode_inst/mon_fifo_ext_event0_inst/USE_MON_FIFO.async_fifo_inst/inst/inst_fifo_gen/gconvfifo.rf/grf.rf/gntv_or_sync_fifo.gl0.rd/gr1.gr1_int.rfwft/user_valid, BD_i/axi_perf_mon_0/inst/GEN_Advanced_Mode.adavnced_mode_inst/mon_fifo_ext_event0_inst/USE_MON_FIFO.async_fifo_inst/inst/inst_fifo_gen/gconvfifo.rf/grf.rf/gntv_or_sync_fifo.gl0.rd/gr1.gr1_int.rfwft/user_valid, BD_i/axi_perf_mon_2/inst/GEN_Advanced_Mode.adavnced_mode_inst/mon_fifo_ext_event0_inst/USE_MON_FIFO.async_fifo_inst/inst/inst_fifo_gen/gconvfifo.rf/grf.rf/gntv_or_sync_fifo.gl0.rd/gr1.gr1_int.rfwft/user_valid (the first 15 of 20 listed).
Related violations: <none>


