
*** Running vivado
    with args -log BD_m00_data_fifo_0.vds -m64 -product Vivado -mode batch -messageDb vivado.pb -notrace -source BD_m00_data_fifo_0.tcl


****** Vivado v2016.3 (64-bit)
  **** SW Build 1682563 on Mon Oct 10 19:07:26 MDT 2016
  **** IP Build 1681267 on Mon Oct 10 21:28:31 MDT 2016
    ** Copyright 1986-2016 Xilinx, Inc. All Rights Reserved.

source BD_m00_data_fifo_0.tcl -notrace
Starting RTL Elaboration : Time (s): cpu = 00:00:10 ; elapsed = 00:00:11 . Memory (MB): peak = 1103.621 ; gain = 191.301 ; free physical = 1453 ; free virtual = 124852
INFO: [Synth 8-638] synthesizing module 'BD_m00_data_fifo_0' [/home/tage/git/NoC/programmableCh/dfs/project/project.srcs/sources_1/bd/BD/ip/BD_m00_data_fifo_0/synth/BD_m00_data_fifo_0.v:58]
INFO: [Synth 8-638] synthesizing module 'axi_data_fifo_v2_1_9_axi_data_fifo' [/home/tage/git/NoC/programmableCh/dfs/project/project.srcs/sources_1/bd/BD/ipshared/10b8/hdl/axi_data_fifo_v2_1_vl_rfs.v:1282]
INFO: [Synth 8-256] done synthesizing module 'axi_data_fifo_v2_1_9_axi_data_fifo' (1#1) [/home/tage/git/NoC/programmableCh/dfs/project/project.srcs/sources_1/bd/BD/ipshared/10b8/hdl/axi_data_fifo_v2_1_vl_rfs.v:1282]
INFO: [Synth 8-256] done synthesizing module 'BD_m00_data_fifo_0' (2#1) [/home/tage/git/NoC/programmableCh/dfs/project/project.srcs/sources_1/bd/BD/ip/BD_m00_data_fifo_0/synth/BD_m00_data_fifo_0.v:58]
Finished RTL Elaboration : Time (s): cpu = 00:00:16 ; elapsed = 00:00:16 . Memory (MB): peak = 1224.090 ; gain = 311.770 ; free physical = 977 ; free virtual = 124377
Finished RTL Optimization Phase 1 : Time (s): cpu = 00:00:16 ; elapsed = 00:00:16 . Memory (MB): peak = 1224.090 ; gain = 311.770 ; free physical = 975 ; free virtual = 124375
INFO: [Device 21-403] Loading part xc7z020clg484-1
Constraint Validation Runtime : Time (s): cpu = 00:00:00.01 ; elapsed = 00:00:00.01 . Memory (MB): peak = 1444.965 ; gain = 0.000 ; free physical = 415 ; free virtual = 123571
Finished Constraint Validation : Time (s): cpu = 00:00:26 ; elapsed = 00:00:27 . Memory (MB): peak = 1444.965 ; gain = 532.645 ; free physical = 1038 ; free virtual = 123974
Finished Loading Part and Timing Information : Time (s): cpu = 00:00:26 ; elapsed = 00:00:27 . Memory (MB): peak = 1444.965 ; gain = 532.645 ; free physical = 1038 ; free virtual = 123974
Finished applying 'set_property' XDC Constraints : Time (s): cpu = 00:00:26 ; elapsed = 00:00:27 . Memory (MB): peak = 1444.965 ; gain = 532.645 ; free physical = 1038 ; free virtual = 123974
Finished RTL Optimization Phase 2 : Time (s): cpu = 00:00:26 ; elapsed = 00:00:27 . Memory (MB): peak = 1444.965 ; gain = 532.645 ; free physical = 1030 ; free virtual = 123966
Finished Cross Boundary and Area Optimization : Time (s): cpu = 00:00:26 ; elapsed = 00:00:27 . Memory (MB): peak = 1444.965 ; gain = 532.645 ; free physical = 2221 ; free virtual = 125157
Finished Applying XDC Timing Constraints : Time (s): cpu = 00:00:36 ; elapsed = 00:00:37 . Memory (MB): peak = 1444.965 ; gain = 532.645 ; free physical = 1591 ; free virtual = 124528
Finished Timing Optimization : Time (s): cpu = 00:00:36 ; elapsed = 00:00:37 . Memory (MB): peak = 1444.965 ; gain = 532.645 ; free physical = 1591 ; free virtual = 124528
Finished Technology Mapping : Time (s): cpu = 00:00:36 ; elapsed = 00:00:37 . Memory (MB): peak = 1450.965 ; gain = 538.645 ; free physical = 1582 ; free virtual = 124518
Finished IO Insertion : Time (s): cpu = 00:00:36 ; elapsed = 00:00:37 . Memory (MB): peak = 1450.965 ; gain = 538.645 ; free physical = 1563 ; free virtual = 124500
Finished Renaming Generated Instances : Time (s): cpu = 00:00:36 ; elapsed = 00:00:37 . Memory (MB): peak = 1450.965 ; gain = 538.645 ; free physical = 1563 ; free virtual = 124500
Finished Rebuilding User Hierarchy : Time (s): cpu = 00:00:36 ; elapsed = 00:00:37 . Memory (MB): peak = 1450.965 ; gain = 538.645 ; free physical = 1563 ; free virtual = 124500
Finished Renaming Generated Ports : Time (s): cpu = 00:00:36 ; elapsed = 00:00:37 . Memory (MB): peak = 1450.965 ; gain = 538.645 ; free physical = 1563 ; free virtual = 124500
Finished Handling Custom Attributes : Time (s): cpu = 00:00:36 ; elapsed = 00:00:38 . Memory (MB): peak = 1450.965 ; gain = 538.645 ; free physical = 1562 ; free virtual = 124499
Finished Renaming Generated Nets : Time (s): cpu = 00:00:36 ; elapsed = 00:00:38 . Memory (MB): peak = 1450.965 ; gain = 538.645 ; free physical = 1562 ; free virtual = 124499

Report Cell Usage: 
+-+-----+------+
| |Cell |Count |
+-+-----+------+
+-+-----+------+
Finished Writing Synthesis Report : Time (s): cpu = 00:00:36 ; elapsed = 00:00:38 . Memory (MB): peak = 1450.965 ; gain = 538.645 ; free physical = 1562 ; free virtual = 124499
synth_design: Time (s): cpu = 00:00:33 ; elapsed = 00:00:34 . Memory (MB): peak = 1472.965 ; gain = 454.926 ; free physical = 1379 ; free virtual = 124315
