
*** Running vivado
    with args -log BD_dlmb_bram_if_cntlr_2.vds -m64 -product Vivado -mode batch -messageDb vivado.pb -notrace -source BD_dlmb_bram_if_cntlr_2.tcl


****** Vivado v2016.3 (64-bit)
  **** SW Build 1682563 on Mon Oct 10 19:07:26 MDT 2016
  **** IP Build 1681267 on Mon Oct 10 21:28:31 MDT 2016
    ** Copyright 1986-2016 Xilinx, Inc. All Rights Reserved.

source BD_dlmb_bram_if_cntlr_2.tcl -notrace
Starting RTL Elaboration : Time (s): cpu = 00:00:09 ; elapsed = 00:00:09 . Memory (MB): peak = 1099.617 ; gain = 187.301 ; free physical = 970 ; free virtual = 124370
INFO: [Synth 8-638] synthesizing module 'BD_dlmb_bram_if_cntlr_2' [/home/tage/git/NoC/programmableCh/dfs/project/project.srcs/sources_1/bd/BD/ip/BD_dlmb_bram_if_cntlr_2/synth/BD_dlmb_bram_if_cntlr_2.vhd:84]
INFO: [Synth 8-638] synthesizing module 'lmb_bram_if_cntlr' [/home/tage/git/NoC/programmableCh/dfs/project/project.srcs/sources_1/bd/BD/ipshared/f4d9/hdl/lmb_bram_if_cntlr_v4_0_vh_rfs.vhd:3106]
INFO: [Synth 8-638] synthesizing module 'lmb_mux' [/home/tage/git/NoC/programmableCh/dfs/project/project.srcs/sources_1/bd/BD/ipshared/f4d9/hdl/lmb_bram_if_cntlr_v4_0_vh_rfs.vhd:2601]
INFO: [Synth 8-638] synthesizing module 'pselect_mask' [/home/tage/git/NoC/programmableCh/dfs/project/project.srcs/sources_1/bd/BD/ipshared/f4d9/hdl/lmb_bram_if_cntlr_v4_0_vh_rfs.vhd:2121]
INFO: [Synth 8-256] done synthesizing module 'pselect_mask' (1#1) [/home/tage/git/NoC/programmableCh/dfs/project/project.srcs/sources_1/bd/BD/ipshared/f4d9/hdl/lmb_bram_if_cntlr_v4_0_vh_rfs.vhd:2121]
INFO: [Synth 8-256] done synthesizing module 'lmb_mux' (2#1) [/home/tage/git/NoC/programmableCh/dfs/project/project.srcs/sources_1/bd/BD/ipshared/f4d9/hdl/lmb_bram_if_cntlr_v4_0_vh_rfs.vhd:2601]
INFO: [Synth 8-256] done synthesizing module 'lmb_bram_if_cntlr' (3#1) [/home/tage/git/NoC/programmableCh/dfs/project/project.srcs/sources_1/bd/BD/ipshared/f4d9/hdl/lmb_bram_if_cntlr_v4_0_vh_rfs.vhd:3106]
INFO: [Synth 8-256] done synthesizing module 'BD_dlmb_bram_if_cntlr_2' (4#1) [/home/tage/git/NoC/programmableCh/dfs/project/project.srcs/sources_1/bd/BD/ip/BD_dlmb_bram_if_cntlr_2/synth/BD_dlmb_bram_if_cntlr_2.vhd:84]
Finished RTL Elaboration : Time (s): cpu = 00:00:10 ; elapsed = 00:00:10 . Memory (MB): peak = 1141.086 ; gain = 228.770 ; free physical = 831 ; free virtual = 124231
Finished RTL Optimization Phase 1 : Time (s): cpu = 00:00:10 ; elapsed = 00:00:10 . Memory (MB): peak = 1141.086 ; gain = 228.770 ; free physical = 816 ; free virtual = 124216
INFO: [Device 21-403] Loading part xc7z020clg484-1
Constraint Validation Runtime : Time (s): cpu = 00:00:00.01 ; elapsed = 00:00:00.01 . Memory (MB): peak = 1477.680 ; gain = 1.000 ; free physical = 359 ; free virtual = 123426
Finished Constraint Validation : Time (s): cpu = 00:00:20 ; elapsed = 00:00:21 . Memory (MB): peak = 1477.680 ; gain = 565.363 ; free physical = 2122 ; free virtual = 125059
Finished Loading Part and Timing Information : Time (s): cpu = 00:00:20 ; elapsed = 00:00:21 . Memory (MB): peak = 1477.680 ; gain = 565.363 ; free physical = 2122 ; free virtual = 125059
Finished applying 'set_property' XDC Constraints : Time (s): cpu = 00:00:20 ; elapsed = 00:00:21 . Memory (MB): peak = 1477.680 ; gain = 565.363 ; free physical = 2122 ; free virtual = 125058
Finished RTL Optimization Phase 2 : Time (s): cpu = 00:00:21 ; elapsed = 00:00:21 . Memory (MB): peak = 1477.680 ; gain = 565.363 ; free physical = 2114 ; free virtual = 125051
Finished Cross Boundary and Area Optimization : Time (s): cpu = 00:00:21 ; elapsed = 00:00:22 . Memory (MB): peak = 1477.680 ; gain = 565.363 ; free physical = 2099 ; free virtual = 125035
Finished Applying XDC Timing Constraints : Time (s): cpu = 00:00:30 ; elapsed = 00:00:32 . Memory (MB): peak = 1477.680 ; gain = 565.363 ; free physical = 1394 ; free virtual = 124331
Finished Timing Optimization : Time (s): cpu = 00:00:30 ; elapsed = 00:00:32 . Memory (MB): peak = 1477.680 ; gain = 565.363 ; free physical = 1395 ; free virtual = 124331
Finished Technology Mapping : Time (s): cpu = 00:00:30 ; elapsed = 00:00:32 . Memory (MB): peak = 1477.680 ; gain = 565.363 ; free physical = 1369 ; free virtual = 124306
Finished IO Insertion : Time (s): cpu = 00:00:31 ; elapsed = 00:00:32 . Memory (MB): peak = 1477.680 ; gain = 565.363 ; free physical = 1357 ; free virtual = 124294
Finished Renaming Generated Instances : Time (s): cpu = 00:00:31 ; elapsed = 00:00:32 . Memory (MB): peak = 1477.680 ; gain = 565.363 ; free physical = 1357 ; free virtual = 124293
Finished Rebuilding User Hierarchy : Time (s): cpu = 00:00:31 ; elapsed = 00:00:32 . Memory (MB): peak = 1477.680 ; gain = 565.363 ; free physical = 1355 ; free virtual = 124292
Finished Renaming Generated Ports : Time (s): cpu = 00:00:31 ; elapsed = 00:00:32 . Memory (MB): peak = 1477.680 ; gain = 565.363 ; free physical = 1355 ; free virtual = 124291
Finished Handling Custom Attributes : Time (s): cpu = 00:00:31 ; elapsed = 00:00:32 . Memory (MB): peak = 1477.680 ; gain = 565.363 ; free physical = 1351 ; free virtual = 124287
Finished Renaming Generated Nets : Time (s): cpu = 00:00:31 ; elapsed = 00:00:32 . Memory (MB): peak = 1477.680 ; gain = 565.363 ; free physical = 1351 ; free virtual = 124287

Report Cell Usage: 
+------+-----+------+
|      |Cell |Count |
+------+-----+------+
|1     |LUT2 |     3|
|2     |LUT3 |     4|
|3     |FDRE |     2|
+------+-----+------+
Finished Writing Synthesis Report : Time (s): cpu = 00:00:31 ; elapsed = 00:00:32 . Memory (MB): peak = 1477.680 ; gain = 565.363 ; free physical = 1350 ; free virtual = 124287
synth_design: Time (s): cpu = 00:00:28 ; elapsed = 00:00:29 . Memory (MB): peak = 1512.711 ; gain = 494.676 ; free physical = 1779 ; free virtual = 124715
